2016-01-10 21:35:02,641 INFO 1 dtxk.client.FrmLogIn - Program started
2016-01-10 21:35:15,112 DEBUG 1 dtxk.client.FrmLogIn - FrmLogin constuct finished.
2016-01-10 21:35:51,250 DEBUG 5 dtxk.business.Services.ServiceAppUser - GetAppUser started
2016-01-10 21:35:51,864 DEBUG 5 dtxk.business.Services.ServiceAppUser - GetAppUser username=admin trying to connect
2016-01-10 21:35:53,001 ERROR 5 dtxk.business.Services.ServiceAppUser - GetAppUser exception message=
System.Data.EntityException: The underlying provider failed on Open. ---> Oracle.DataAccess.Client.OracleException: ORA-28001: the password has expired
   at Oracle.DataAccess.Client.OracleException.HandleErrorHelper(Int32 errCode, OracleConnection conn, IntPtr opsErrCtx, OpoSqlValCtx* pOpoSqlValCtx, Object src, String procedure, Boolean bCheck)
   at Oracle.DataAccess.Client.OracleException.HandleError(Int32 errCode, OracleConnection conn, IntPtr opsErrCtx, Object src)
   at Oracle.DataAccess.Client.OracleConnection.Open()
   at System.Data.EntityClient.EntityConnection.OpenStoreConnectionIf(Boolean openCondition, DbConnection storeConnectionToOpen, DbConnection originalConnection, String exceptionCode, String attemptedOperation, Boolean& closeStoreConnectionOnFailure)
   --- End of inner exception stack trace ---
   at System.Data.EntityClient.EntityConnection.OpenStoreConnectionIf(Boolean openCondition, DbConnection storeConnectionToOpen, DbConnection originalConnection, String exceptionCode, String attemptedOperation, Boolean& closeStoreConnectionOnFailure)
   at System.Data.EntityClient.EntityConnection.Open()
   at System.Data.Objects.ObjectContext.EnsureConnection()
   at System.Data.Objects.ObjectQuery`1.GetResults(Nullable`1 forMergeOption)
   at System.Data.Objects.ObjectQuery`1.System.Collections.Generic.IEnumerable<T>.GetEnumerator()
   at System.Linq.Enumerable.FirstOrDefault[TSource](IEnumerable`1 source)
   at System.Data.Objects.ELinq.ObjectQueryProvider.<GetElementFunction>b__1[TResult](IEnumerable`1 sequence)
   at System.Data.Objects.ELinq.ObjectQueryProvider.ExecuteSingle[TResult](IEnumerable`1 query, Expression queryRoot)
   at System.Data.Objects.ELinq.ObjectQueryProvider.System.Linq.IQueryProvider.Execute[S](Expression expression)
   at System.Linq.Queryable.FirstOrDefault[TSource](IQueryable`1 source)
   at dtxk.business.Services.ServiceAppUser.GetAppUser(String userName, String pass, BusinessParam businessParam) in D:\isleryenin copysi\dtxkcopy\Business\dtxk.business\Services\ServiceAppUser.cs:line 40
2016-01-10 21:35:57,164 DEBUG 6 dtxk.business.Services.ServiceAppUser - GetAppUser started
2016-01-10 21:35:57,165 DEBUG 6 dtxk.business.Services.ServiceAppUser - GetAppUser username=admin trying to connect
2016-01-10 21:35:57,216 ERROR 6 dtxk.business.Services.ServiceAppUser - GetAppUser exception message=
System.Data.EntityException: The underlying provider failed on Open. ---> Oracle.DataAccess.Client.OracleException: ORA-28001: the password has expired
   at Oracle.DataAccess.Client.OracleException.HandleErrorHelper(Int32 errCode, OracleConnection conn, IntPtr opsErrCtx, OpoSqlValCtx* pOpoSqlValCtx, Object src, String procedure, Boolean bCheck)
   at Oracle.DataAccess.Client.OracleException.HandleError(Int32 errCode, OracleConnection conn, IntPtr opsErrCtx, Object src)
   at Oracle.DataAccess.Client.OracleConnection.Open()
   at System.Data.EntityClient.EntityConnection.OpenStoreConnectionIf(Boolean openCondition, DbConnection storeConnectionToOpen, DbConnection originalConnection, String exceptionCode, String attemptedOperation, Boolean& closeStoreConnectionOnFailure)
   --- End of inner exception stack trace ---
   at System.Data.EntityClient.EntityConnection.OpenStoreConnectionIf(Boolean openCondition, DbConnection storeConnectionToOpen, DbConnection originalConnection, String exceptionCode, String attemptedOperation, Boolean& closeStoreConnectionOnFailure)
   at System.Data.EntityClient.EntityConnection.Open()
   at System.Data.Objects.ObjectContext.EnsureConnection()
   at System.Data.Objects.ObjectQuery`1.GetResults(Nullable`1 forMergeOption)
   at System.Data.Objects.ObjectQuery`1.System.Collections.Generic.IEnumerable<T>.GetEnumerator()
   at System.Linq.Enumerable.FirstOrDefault[TSource](IEnumerable`1 source)
   at System.Data.Objects.ELinq.ObjectQueryProvider.<GetElementFunction>b__1[TResult](IEnumerable`1 sequence)
   at System.Data.Objects.ELinq.ObjectQueryProvider.ExecuteSingle[TResult](IEnumerable`1 query, Expression queryRoot)
   at System.Data.Objects.ELinq.ObjectQueryProvider.System.Linq.IQueryProvider.Execute[S](Expression expression)
   at System.Linq.Queryable.FirstOrDefault[TSource](IQueryable`1 source)
   at dtxk.business.Services.ServiceAppUser.GetAppUser(String userName, String pass, BusinessParam businessParam) in D:\isleryenin copysi\dtxkcopy\Business\dtxk.business\Services\ServiceAppUser.cs:line 40
2016-01-10 21:36:00,825 DEBUG 5 dtxk.business.Services.ServiceAppUser - GetAppUser started
2016-01-10 21:36:00,827 DEBUG 5 dtxk.business.Services.ServiceAppUser - GetAppUser username=admin trying to connect
2016-01-10 21:36:01,053 ERROR 5 dtxk.business.Services.ServiceAppUser - GetAppUser exception message=
System.Data.EntityException: The underlying provider failed on Open. ---> Oracle.DataAccess.Client.OracleException: ORA-28001: the password has expired
   at Oracle.DataAccess.Client.OracleException.HandleErrorHelper(Int32 errCode, OracleConnection conn, IntPtr opsErrCtx, OpoSqlValCtx* pOpoSqlValCtx, Object src, String procedure, Boolean bCheck)
   at Oracle.DataAccess.Client.OracleException.HandleError(Int32 errCode, OracleConnection conn, IntPtr opsErrCtx, Object src)
   at Oracle.DataAccess.Client.OracleConnection.Open()
   at System.Data.EntityClient.EntityConnection.OpenStoreConnectionIf(Boolean openCondition, DbConnection storeConnectionToOpen, DbConnection originalConnection, String exceptionCode, String attemptedOperation, Boolean& closeStoreConnectionOnFailure)
   --- End of inner exception stack trace ---
   at System.Data.EntityClient.EntityConnection.OpenStoreConnectionIf(Boolean openCondition, DbConnection storeConnectionToOpen, DbConnection originalConnection, String exceptionCode, String attemptedOperation, Boolean& closeStoreConnectionOnFailure)
   at System.Data.EntityClient.EntityConnection.Open()
   at System.Data.Objects.ObjectContext.EnsureConnection()
   at System.Data.Objects.ObjectQuery`1.GetResults(Nullable`1 forMergeOption)
   at System.Data.Objects.ObjectQuery`1.System.Collections.Generic.IEnumerable<T>.GetEnumerator()
   at System.Linq.Enumerable.FirstOrDefault[TSource](IEnumerable`1 source)
   at System.Data.Objects.ELinq.ObjectQueryProvider.<GetElementFunction>b__1[TResult](IEnumerable`1 sequence)
   at System.Data.Objects.ELinq.ObjectQueryProvider.ExecuteSingle[TResult](IEnumerable`1 query, Expression queryRoot)
   at System.Data.Objects.ELinq.ObjectQueryProvider.System.Linq.IQueryProvider.Execute[S](Expression expression)
   at System.Linq.Queryable.FirstOrDefault[TSource](IQueryable`1 source)
   at dtxk.business.Services.ServiceAppUser.GetAppUser(String userName, String pass, BusinessParam businessParam) in D:\isleryenin copysi\dtxkcopy\Business\dtxk.business\Services\ServiceAppUser.cs:line 40
2016-01-10 21:36:07,172 DEBUG 5 dtxk.business.Services.ServiceAppUser - GetAppUser started
2016-01-10 21:36:07,174 DEBUG 5 dtxk.business.Services.ServiceAppUser - GetAppUser username=admin trying to connect
2016-01-10 21:36:07,376 ERROR 5 dtxk.business.Services.ServiceAppUser - GetAppUser exception message=
System.Data.EntityException: The underlying provider failed on Open. ---> Oracle.DataAccess.Client.OracleException: ORA-28001: the password has expired
   at Oracle.DataAccess.Client.OracleException.HandleErrorHelper(Int32 errCode, OracleConnection conn, IntPtr opsErrCtx, OpoSqlValCtx* pOpoSqlValCtx, Object src, String procedure, Boolean bCheck)
   at Oracle.DataAccess.Client.OracleException.HandleError(Int32 errCode, OracleConnection conn, IntPtr opsErrCtx, Object src)
   at Oracle.DataAccess.Client.OracleConnection.Open()
   at System.Data.EntityClient.EntityConnection.OpenStoreConnectionIf(Boolean openCondition, DbConnection storeConnectionToOpen, DbConnection originalConnection, String exceptionCode, String attemptedOperation, Boolean& closeStoreConnectionOnFailure)
   --- End of inner exception stack trace ---
   at System.Data.EntityClient.EntityConnection.OpenStoreConnectionIf(Boolean openCondition, DbConnection storeConnectionToOpen, DbConnection originalConnection, String exceptionCode, String attemptedOperation, Boolean& closeStoreConnectionOnFailure)
   at System.Data.EntityClient.EntityConnection.Open()
   at System.Data.Objects.ObjectContext.EnsureConnection()
   at System.Data.Objects.ObjectQuery`1.GetResults(Nullable`1 forMergeOption)
   at System.Data.Objects.ObjectQuery`1.System.Collections.Generic.IEnumerable<T>.GetEnumerator()
   at System.Linq.Enumerable.FirstOrDefault[TSource](IEnumerable`1 source)
   at System.Data.Objects.ELinq.ObjectQueryProvider.<GetElementFunction>b__1[TResult](IEnumerable`1 sequence)
   at System.Data.Objects.ELinq.ObjectQueryProvider.ExecuteSingle[TResult](IEnumerable`1 query, Expression queryRoot)
   at System.Data.Objects.ELinq.ObjectQueryProvider.System.Linq.IQueryProvider.Execute[S](Expression expression)
   at System.Linq.Queryable.FirstOrDefault[TSource](IQueryable`1 source)
   at dtxk.business.Services.ServiceAppUser.GetAppUser(String userName, String pass, BusinessParam businessParam) in D:\isleryenin copysi\dtxkcopy\Business\dtxk.business\Services\ServiceAppUser.cs:line 40
2016-01-10 21:36:10,991 DEBUG 6 dtxk.business.Services.ServiceAppUser - GetAppUser started
2016-01-10 21:36:10,992 DEBUG 6 dtxk.business.Services.ServiceAppUser - GetAppUser username=admin trying to connect
2016-01-10 21:36:11,040 ERROR 6 dtxk.business.Services.ServiceAppUser - GetAppUser exception message=
System.Data.EntityException: The underlying provider failed on Open. ---> Oracle.DataAccess.Client.OracleException: ORA-28001: the password has expired
   at Oracle.DataAccess.Client.OracleException.HandleErrorHelper(Int32 errCode, OracleConnection conn, IntPtr opsErrCtx, OpoSqlValCtx* pOpoSqlValCtx, Object src, String procedure, Boolean bCheck)
   at Oracle.DataAccess.Client.OracleException.HandleError(Int32 errCode, OracleConnection conn, IntPtr opsErrCtx, Object src)
   at Oracle.DataAccess.Client.OracleConnection.Open()
   at System.Data.EntityClient.EntityConnection.OpenStoreConnectionIf(Boolean openCondition, DbConnection storeConnectionToOpen, DbConnection originalConnection, String exceptionCode, String attemptedOperation, Boolean& closeStoreConnectionOnFailure)
   --- End of inner exception stack trace ---
   at System.Data.EntityClient.EntityConnection.OpenStoreConnectionIf(Boolean openCondition, DbConnection storeConnectionToOpen, DbConnection originalConnection, String exceptionCode, String attemptedOperation, Boolean& closeStoreConnectionOnFailure)
   at System.Data.EntityClient.EntityConnection.Open()
   at System.Data.Objects.ObjectContext.EnsureConnection()
   at System.Data.Objects.ObjectQuery`1.GetResults(Nullable`1 forMergeOption)
   at System.Data.Objects.ObjectQuery`1.System.Collections.Generic.IEnumerable<T>.GetEnumerator()
   at System.Linq.Enumerable.FirstOrDefault[TSource](IEnumerable`1 source)
   at System.Data.Objects.ELinq.ObjectQueryProvider.<GetElementFunction>b__1[TResult](IEnumerable`1 sequence)
   at System.Data.Objects.ELinq.ObjectQueryProvider.ExecuteSingle[TResult](IEnumerable`1 query, Expression queryRoot)
   at System.Data.Objects.ELinq.ObjectQueryProvider.System.Linq.IQueryProvider.Execute[S](Expression expression)
   at System.Linq.Queryable.FirstOrDefault[TSource](IQueryable`1 source)
   at dtxk.business.Services.ServiceAppUser.GetAppUser(String userName, String pass, BusinessParam businessParam) in D:\isleryenin copysi\dtxkcopy\Business\dtxk.business\Services\ServiceAppUser.cs:line 40
2016-01-10 21:36:16,970 DEBUG 6 dtxk.business.Services.ServiceAppUser - GetAppUser started
2016-01-10 21:36:16,971 DEBUG 6 dtxk.business.Services.ServiceAppUser - GetAppUser username=admin trying to connect
2016-01-10 21:36:17,021 ERROR 6 dtxk.business.Services.ServiceAppUser - GetAppUser exception message=
System.Data.EntityException: The underlying provider failed on Open. ---> Oracle.DataAccess.Client.OracleException: ORA-28001: the password has expired
   at Oracle.DataAccess.Client.OracleException.HandleErrorHelper(Int32 errCode, OracleConnection conn, IntPtr opsErrCtx, OpoSqlValCtx* pOpoSqlValCtx, Object src, String procedure, Boolean bCheck)
   at Oracle.DataAccess.Client.OracleException.HandleError(Int32 errCode, OracleConnection conn, IntPtr opsErrCtx, Object src)
   at Oracle.DataAccess.Client.OracleConnection.Open()
   at System.Data.EntityClient.EntityConnection.OpenStoreConnectionIf(Boolean openCondition, DbConnection storeConnectionToOpen, DbConnection originalConnection, String exceptionCode, String attemptedOperation, Boolean& closeStoreConnectionOnFailure)
   --- End of inner exception stack trace ---
   at System.Data.EntityClient.EntityConnection.OpenStoreConnectionIf(Boolean openCondition, DbConnection storeConnectionToOpen, DbConnection originalConnection, String exceptionCode, String attemptedOperation, Boolean& closeStoreConnectionOnFailure)
   at System.Data.EntityClient.EntityConnection.Open()
   at System.Data.Objects.ObjectContext.EnsureConnection()
   at System.Data.Objects.ObjectQuery`1.GetResults(Nullable`1 forMergeOption)
   at System.Data.Objects.ObjectQuery`1.System.Collections.Generic.IEnumerable<T>.GetEnumerator()
   at System.Linq.Enumerable.FirstOrDefault[TSource](IEnumerable`1 source)
   at System.Data.Objects.ELinq.ObjectQueryProvider.<GetElementFunction>b__1[TResult](IEnumerable`1 sequence)
   at System.Data.Objects.ELinq.ObjectQueryProvider.ExecuteSingle[TResult](IEnumerable`1 query, Expression queryRoot)
   at System.Data.Objects.ELinq.ObjectQueryProvider.System.Linq.IQueryProvider.Execute[S](Expression expression)
   at System.Linq.Queryable.FirstOrDefault[TSource](IQueryable`1 source)
   at dtxk.business.Services.ServiceAppUser.GetAppUser(String userName, String pass, BusinessParam businessParam) in D:\isleryenin copysi\dtxkcopy\Business\dtxk.business\Services\ServiceAppUser.cs:line 40
