2015-02-12 15:03:51,998 INFO 9 dtxk.client.FrmLogIn - Program started
2015-02-12 15:03:53,065 DEBUG 9 dtxk.client.FrmLogIn - FrmLogin constuct finished.
2015-02-12 15:03:57,398 DEBUG 3 dtxk.business.Services.ServiceAppUser - GetAppUser started
2015-02-12 15:03:57,426 DEBUG 3 dtxk.business.Services.ServiceAppUser - GetAppUser username=admin trying to connect
2015-02-12 15:03:58,664 INFO 3 dtxk.business.Services.ServiceAppUser - GetAppUser username(admin) connected
2015-02-12 15:03:58,665 DEBUG 3 dtxk.business.Services.ServiceAppUser - GetAppUser finished
2015-02-12 15:04:02,924 DEBUG 9 dtxk.business.BasicService - LoadAllCADASTRAL_ZONE started
2015-02-12 15:04:02,963 DEBUG 9 dtxk.business.BasicService - LoadAllCADASTRAL_ZONE try to getting ALL CADASTRAL_ZONE 
2015-02-12 15:04:03,067 INFO 9 dtxk.business.BasicService - LoadAllCADASTRAL_ZONE method got CADASTRAL_ZONE with successfully
2015-02-12 15:04:03,069 DEBUG 9 dtxk.business.BasicService - LoadAllCADASTRAL_ZONE finished
2015-02-12 15:04:03,182 DEBUG 9 dtxk.business.BasicService - LoadAllLEGAL_FORMS started
2015-02-12 15:04:03,185 DEBUG 9 dtxk.business.BasicService - LoadAllLEGAL_FORMS try to getting ALL LEGAL_FORMS 
2015-02-12 15:04:03,350 INFO 9 dtxk.business.BasicService - LoadAllLEGAL_FORMS method got LEGAL_FORMS with successfully
2015-02-12 15:04:03,352 DEBUG 9 dtxk.business.BasicService - LoadAllLEGAL_FORMS finished
2015-02-12 15:04:03,366 DEBUG 9 dtxk.business.BasicService - LoadAllEMPLOYEE started
2015-02-12 15:04:03,369 DEBUG 9 dtxk.business.BasicService - LoadAllEMPLOYEE try to getting ALL EMPLOYEE 
2015-02-12 15:04:03,572 INFO 9 dtxk.business.BasicService - LoadAllEMPLOYEE method got EMPLOYEE with successfully
2015-02-12 15:04:03,574 DEBUG 9 dtxk.business.BasicService - LoadAllEMPLOYEE finished
2015-02-12 15:04:03,715 DEBUG 9 dtxk.business.BasicService - LoadAllPROPERTY_TYPE started
2015-02-12 15:04:03,716 DEBUG 9 dtxk.business.BasicService - LoadAllPROPERTY_TYPE try to getting ALL PROPERTY_TYPE 
2015-02-12 15:04:03,805 INFO 9 dtxk.business.BasicService - LoadAllPROPERTY_TYPE method got PROPERTY_TYPE with successfully
2015-02-12 15:04:03,808 DEBUG 9 dtxk.business.BasicService - LoadAllPROPERTY_TYPE finished
2015-02-12 15:04:03,827 DEBUG 9 dtxk.business.BasicService - LoadAllUSING_FORM started
2015-02-12 15:04:03,828 DEBUG 9 dtxk.business.BasicService - LoadAllUSING_FORM try to getting ALL USING_FORM 
2015-02-12 15:04:03,939 INFO 9 dtxk.business.BasicService - LoadAllUSING_FORM method got USING_FORM with successfully
2015-02-12 15:04:03,942 DEBUG 9 dtxk.business.BasicService - LoadAllUSING_FORM finished
2015-02-12 15:04:03,982 DEBUG 9 dtxk.business.BasicService - LoadAllLAND_CATEGORY started
2015-02-12 15:04:03,984 DEBUG 9 dtxk.business.BasicService - LoadAllLAND_CATEGORY try to getting ALL LAND_CATEGORY 
2015-02-12 15:04:04,062 INFO 9 dtxk.business.BasicService - LoadAllLAND_CATEGORY method got LAND_CATEGORY with successfully
2015-02-12 15:04:04,063 DEBUG 9 dtxk.business.BasicService - LoadAllLAND_CATEGORY finished
2015-02-12 15:04:04,077 DEBUG 9 dtxk.business.BasicService - LoadAllOLD_DOCK_TYPE started
2015-02-12 15:04:04,078 DEBUG 9 dtxk.business.BasicService - LoadAllOLD_DOCK_TYPE try to getting ALL OLD_DOCK_TYPE 
2015-02-12 15:04:04,171 INFO 9 dtxk.business.BasicService - LoadAllOLD_DOCK_TYPE method got OLD_DOCK_TYPE with successfully
2015-02-12 15:04:04,173 DEBUG 9 dtxk.business.BasicService - LoadAllOLD_DOCK_TYPE finished
2015-02-12 15:04:53,962 INFO 9 dtxk.client.FrmLogIn - Program started
2015-02-12 15:04:54,349 DEBUG 9 dtxk.client.FrmLogIn - FrmLogin constuct finished.
2015-02-12 15:04:58,140 DEBUG 11 dtxk.business.Services.ServiceAppUser - GetAppUser started
2015-02-12 15:04:58,142 DEBUG 11 dtxk.business.Services.ServiceAppUser - GetAppUser username=admin trying to connect
2015-02-12 15:04:58,900 INFO 11 dtxk.business.Services.ServiceAppUser - GetAppUser username('admin') or password is invalid
2015-02-12 15:04:58,901 DEBUG 11 dtxk.business.Services.ServiceAppUser - GetAppUser finished
2015-02-12 15:05:02,167 DEBUG 12 dtxk.business.Services.ServiceAppUser - GetAppUser started
2015-02-12 15:05:02,168 DEBUG 12 dtxk.business.Services.ServiceAppUser - GetAppUser username=admin trying to connect
2015-02-12 15:05:02,183 INFO 12 dtxk.business.Services.ServiceAppUser - GetAppUser username(admin) connected
2015-02-12 15:05:02,184 DEBUG 12 dtxk.business.Services.ServiceAppUser - GetAppUser finished
2015-02-12 15:05:04,764 DEBUG 9 dtxk.business.BasicService - LoadAllCADASTRAL_ZONE started
2015-02-12 15:05:04,769 DEBUG 9 dtxk.business.BasicService - LoadAllCADASTRAL_ZONE try to getting ALL CADASTRAL_ZONE 
2015-02-12 15:05:04,791 INFO 9 dtxk.business.BasicService - LoadAllCADASTRAL_ZONE method got CADASTRAL_ZONE with successfully
2015-02-12 15:05:04,793 DEBUG 9 dtxk.business.BasicService - LoadAllCADASTRAL_ZONE finished
2015-02-12 15:05:04,811 DEBUG 9 dtxk.business.BasicService - LoadAllLEGAL_FORMS started
2015-02-12 15:05:04,812 DEBUG 9 dtxk.business.BasicService - LoadAllLEGAL_FORMS try to getting ALL LEGAL_FORMS 
2015-02-12 15:05:04,828 INFO 9 dtxk.business.BasicService - LoadAllLEGAL_FORMS method got LEGAL_FORMS with successfully
2015-02-12 15:05:04,829 DEBUG 9 dtxk.business.BasicService - LoadAllLEGAL_FORMS finished
2015-02-12 15:05:04,835 DEBUG 9 dtxk.business.BasicService - LoadAllEMPLOYEE started
2015-02-12 15:05:04,836 DEBUG 9 dtxk.business.BasicService - LoadAllEMPLOYEE try to getting ALL EMPLOYEE 
2015-02-12 15:05:04,874 INFO 9 dtxk.business.BasicService - LoadAllEMPLOYEE method got EMPLOYEE with successfully
2015-02-12 15:05:04,875 DEBUG 9 dtxk.business.BasicService - LoadAllEMPLOYEE finished
2015-02-12 15:05:04,925 DEBUG 9 dtxk.business.BasicService - LoadAllPROPERTY_TYPE started
2015-02-12 15:05:04,926 DEBUG 9 dtxk.business.BasicService - LoadAllPROPERTY_TYPE try to getting ALL PROPERTY_TYPE 
2015-02-12 15:05:05,025 INFO 9 dtxk.business.BasicService - LoadAllPROPERTY_TYPE method got PROPERTY_TYPE with successfully
2015-02-12 15:05:05,026 DEBUG 9 dtxk.business.BasicService - LoadAllPROPERTY_TYPE finished
2015-02-12 15:05:05,036 DEBUG 9 dtxk.business.BasicService - LoadAllUSING_FORM started
2015-02-12 15:05:05,038 DEBUG 9 dtxk.business.BasicService - LoadAllUSING_FORM try to getting ALL USING_FORM 
2015-02-12 15:05:05,057 INFO 9 dtxk.business.BasicService - LoadAllUSING_FORM method got USING_FORM with successfully
2015-02-12 15:05:05,058 DEBUG 9 dtxk.business.BasicService - LoadAllUSING_FORM finished
2015-02-12 15:05:05,077 DEBUG 9 dtxk.business.BasicService - LoadAllLAND_CATEGORY started
2015-02-12 15:05:05,078 DEBUG 9 dtxk.business.BasicService - LoadAllLAND_CATEGORY try to getting ALL LAND_CATEGORY 
2015-02-12 15:05:05,095 INFO 9 dtxk.business.BasicService - LoadAllLAND_CATEGORY method got LAND_CATEGORY with successfully
2015-02-12 15:05:05,096 DEBUG 9 dtxk.business.BasicService - LoadAllLAND_CATEGORY finished
2015-02-12 15:05:05,203 DEBUG 9 dtxk.business.BasicService - LoadAllOLD_DOCK_TYPE started
2015-02-12 15:05:05,204 DEBUG 9 dtxk.business.BasicService - LoadAllOLD_DOCK_TYPE try to getting ALL OLD_DOCK_TYPE 
2015-02-12 15:05:05,226 INFO 9 dtxk.business.BasicService - LoadAllOLD_DOCK_TYPE method got OLD_DOCK_TYPE with successfully
2015-02-12 15:05:05,227 DEBUG 9 dtxk.business.BasicService - LoadAllOLD_DOCK_TYPE finished
2015-02-12 15:06:25,837 INFO 9 dtxk.client.FrmLogIn - Program started
2015-02-12 15:06:26,211 DEBUG 9 dtxk.client.FrmLogIn - FrmLogin constuct finished.
2015-02-12 15:06:30,853 DEBUG 3 dtxk.business.Services.ServiceAppUser - GetAppUser started
2015-02-12 15:06:30,855 DEBUG 3 dtxk.business.Services.ServiceAppUser - GetAppUser username=admin trying to connect
2015-02-12 15:06:31,674 INFO 3 dtxk.business.Services.ServiceAppUser - GetAppUser username(admin) connected
2015-02-12 15:06:31,675 DEBUG 3 dtxk.business.Services.ServiceAppUser - GetAppUser finished
2015-02-12 15:06:34,476 DEBUG 9 dtxk.business.BasicService - LoadAllCADASTRAL_ZONE started
2015-02-12 15:06:34,481 DEBUG 9 dtxk.business.BasicService - LoadAllCADASTRAL_ZONE try to getting ALL CADASTRAL_ZONE 
2015-02-12 15:06:34,502 INFO 9 dtxk.business.BasicService - LoadAllCADASTRAL_ZONE method got CADASTRAL_ZONE with successfully
2015-02-12 15:06:34,503 DEBUG 9 dtxk.business.BasicService - LoadAllCADASTRAL_ZONE finished
2015-02-12 15:06:34,521 DEBUG 9 dtxk.business.BasicService - LoadAllLEGAL_FORMS started
2015-02-12 15:06:34,522 DEBUG 9 dtxk.business.BasicService - LoadAllLEGAL_FORMS try to getting ALL LEGAL_FORMS 
2015-02-12 15:06:34,538 INFO 9 dtxk.business.BasicService - LoadAllLEGAL_FORMS method got LEGAL_FORMS with successfully
2015-02-12 15:06:34,539 DEBUG 9 dtxk.business.BasicService - LoadAllLEGAL_FORMS finished
2015-02-12 15:06:34,545 DEBUG 9 dtxk.business.BasicService - LoadAllEMPLOYEE started
2015-02-12 15:06:34,546 DEBUG 9 dtxk.business.BasicService - LoadAllEMPLOYEE try to getting ALL EMPLOYEE 
2015-02-12 15:06:34,585 INFO 9 dtxk.business.BasicService - LoadAllEMPLOYEE method got EMPLOYEE with successfully
2015-02-12 15:06:34,587 DEBUG 9 dtxk.business.BasicService - LoadAllEMPLOYEE finished
2015-02-12 15:06:34,766 DEBUG 9 dtxk.business.BasicService - LoadAllPROPERTY_TYPE started
2015-02-12 15:06:34,767 DEBUG 9 dtxk.business.BasicService - LoadAllPROPERTY_TYPE try to getting ALL PROPERTY_TYPE 
2015-02-12 15:06:34,784 INFO 9 dtxk.business.BasicService - LoadAllPROPERTY_TYPE method got PROPERTY_TYPE with successfully
2015-02-12 15:06:34,785 DEBUG 9 dtxk.business.BasicService - LoadAllPROPERTY_TYPE finished
2015-02-12 15:06:34,795 DEBUG 9 dtxk.business.BasicService - LoadAllUSING_FORM started
2015-02-12 15:06:34,796 DEBUG 9 dtxk.business.BasicService - LoadAllUSING_FORM try to getting ALL USING_FORM 
2015-02-12 15:06:34,815 INFO 9 dtxk.business.BasicService - LoadAllUSING_FORM method got USING_FORM with successfully
2015-02-12 15:06:34,816 DEBUG 9 dtxk.business.BasicService - LoadAllUSING_FORM finished
2015-02-12 15:06:34,834 DEBUG 9 dtxk.business.BasicService - LoadAllLAND_CATEGORY started
2015-02-12 15:06:34,835 DEBUG 9 dtxk.business.BasicService - LoadAllLAND_CATEGORY try to getting ALL LAND_CATEGORY 
2015-02-12 15:06:34,852 INFO 9 dtxk.business.BasicService - LoadAllLAND_CATEGORY method got LAND_CATEGORY with successfully
2015-02-12 15:06:34,880 DEBUG 9 dtxk.business.BasicService - LoadAllLAND_CATEGORY finished
2015-02-12 15:06:34,892 DEBUG 9 dtxk.business.BasicService - LoadAllOLD_DOCK_TYPE started
2015-02-12 15:06:34,893 DEBUG 9 dtxk.business.BasicService - LoadAllOLD_DOCK_TYPE try to getting ALL OLD_DOCK_TYPE 
2015-02-12 15:06:34,915 INFO 9 dtxk.business.BasicService - LoadAllOLD_DOCK_TYPE method got OLD_DOCK_TYPE with successfully
2015-02-12 15:06:34,916 DEBUG 9 dtxk.business.BasicService - LoadAllOLD_DOCK_TYPE finished
2015-02-12 15:08:19,946 INFO 10 dtxk.client.FrmLogIn - Program started
2015-02-12 15:08:20,585 DEBUG 10 dtxk.client.FrmLogIn - FrmLogin constuct finished.
2015-02-12 15:08:32,014 DEBUG 3 dtxk.business.Services.ServiceAppUser - GetAppUser started
2015-02-12 15:08:32,017 DEBUG 3 dtxk.business.Services.ServiceAppUser - GetAppUser username=admin trying to connect
2015-02-12 15:08:33,042 INFO 3 dtxk.business.Services.ServiceAppUser - GetAppUser username(admin) connected
2015-02-12 15:08:33,043 DEBUG 3 dtxk.business.Services.ServiceAppUser - GetAppUser finished
2015-02-12 15:13:52,757 DEBUG 10 dtxk.business.BasicService - LoadAllCADASTRAL_ZONE started
2015-02-12 15:13:52,762 DEBUG 10 dtxk.business.BasicService - LoadAllCADASTRAL_ZONE try to getting ALL CADASTRAL_ZONE 
2015-02-12 15:13:52,786 INFO 10 dtxk.business.BasicService - LoadAllCADASTRAL_ZONE method got CADASTRAL_ZONE with successfully
2015-02-12 15:13:52,786 DEBUG 10 dtxk.business.BasicService - LoadAllCADASTRAL_ZONE finished
2015-02-12 15:13:52,804 DEBUG 10 dtxk.business.BasicService - LoadAllLEGAL_FORMS started
2015-02-12 15:13:52,805 DEBUG 10 dtxk.business.BasicService - LoadAllLEGAL_FORMS try to getting ALL LEGAL_FORMS 
2015-02-12 15:13:52,822 INFO 10 dtxk.business.BasicService - LoadAllLEGAL_FORMS method got LEGAL_FORMS with successfully
2015-02-12 15:13:52,823 DEBUG 10 dtxk.business.BasicService - LoadAllLEGAL_FORMS finished
2015-02-12 15:13:52,829 DEBUG 10 dtxk.business.BasicService - LoadAllEMPLOYEE started
2015-02-12 15:13:52,830 DEBUG 10 dtxk.business.BasicService - LoadAllEMPLOYEE try to getting ALL EMPLOYEE 
2015-02-12 15:13:52,869 INFO 10 dtxk.business.BasicService - LoadAllEMPLOYEE method got EMPLOYEE with successfully
2015-02-12 15:13:52,870 DEBUG 10 dtxk.business.BasicService - LoadAllEMPLOYEE finished
2015-02-12 15:13:52,918 DEBUG 10 dtxk.business.BasicService - LoadAllPROPERTY_TYPE started
2015-02-12 15:13:52,985 DEBUG 10 dtxk.business.BasicService - LoadAllPROPERTY_TYPE try to getting ALL PROPERTY_TYPE 
2015-02-12 15:13:53,022 INFO 10 dtxk.business.BasicService - LoadAllPROPERTY_TYPE method got PROPERTY_TYPE with successfully
2015-02-12 15:13:53,023 DEBUG 10 dtxk.business.BasicService - LoadAllPROPERTY_TYPE finished
2015-02-12 15:13:53,033 DEBUG 10 dtxk.business.BasicService - LoadAllUSING_FORM started
2015-02-12 15:13:53,034 DEBUG 10 dtxk.business.BasicService - LoadAllUSING_FORM try to getting ALL USING_FORM 
2015-02-12 15:13:53,053 INFO 10 dtxk.business.BasicService - LoadAllUSING_FORM method got USING_FORM with successfully
2015-02-12 15:13:53,053 DEBUG 10 dtxk.business.BasicService - LoadAllUSING_FORM finished
2015-02-12 15:13:53,071 DEBUG 10 dtxk.business.BasicService - LoadAllLAND_CATEGORY started
2015-02-12 15:13:53,072 DEBUG 10 dtxk.business.BasicService - LoadAllLAND_CATEGORY try to getting ALL LAND_CATEGORY 
2015-02-12 15:13:53,090 INFO 10 dtxk.business.BasicService - LoadAllLAND_CATEGORY method got LAND_CATEGORY with successfully
2015-02-12 15:13:53,091 DEBUG 10 dtxk.business.BasicService - LoadAllLAND_CATEGORY finished
2015-02-12 15:13:53,215 DEBUG 10 dtxk.business.BasicService - LoadAllOLD_DOCK_TYPE started
2015-02-12 15:13:53,218 DEBUG 10 dtxk.business.BasicService - LoadAllOLD_DOCK_TYPE try to getting ALL OLD_DOCK_TYPE 
2015-02-12 15:13:53,250 INFO 10 dtxk.business.BasicService - LoadAllOLD_DOCK_TYPE method got OLD_DOCK_TYPE with successfully
2015-02-12 15:13:53,251 DEBUG 10 dtxk.business.BasicService - LoadAllOLD_DOCK_TYPE finished
2015-02-12 15:15:20,725 INFO 9 dtxk.client.FrmLogIn - Program started
2015-02-12 15:15:21,009 DEBUG 9 dtxk.client.FrmLogIn - FrmLogin constuct finished.
2015-02-12 15:15:28,400 DEBUG 3 dtxk.business.Services.ServiceAppUser - GetAppUser started
2015-02-12 15:15:28,402 DEBUG 3 dtxk.business.Services.ServiceAppUser - GetAppUser username=admin trying to connect
2015-02-12 15:15:29,379 INFO 3 dtxk.business.Services.ServiceAppUser - GetAppUser username(admin) connected
2015-02-12 15:15:29,379 DEBUG 3 dtxk.business.Services.ServiceAppUser - GetAppUser finished
2015-02-12 15:15:31,893 DEBUG 9 dtxk.business.BasicService - LoadAllCADASTRAL_ZONE started
2015-02-12 15:15:31,897 DEBUG 9 dtxk.business.BasicService - LoadAllCADASTRAL_ZONE try to getting ALL CADASTRAL_ZONE 
2015-02-12 15:15:31,920 INFO 9 dtxk.business.BasicService - LoadAllCADASTRAL_ZONE method got CADASTRAL_ZONE with successfully
2015-02-12 15:15:31,921 DEBUG 9 dtxk.business.BasicService - LoadAllCADASTRAL_ZONE finished
2015-02-12 15:15:31,938 DEBUG 9 dtxk.business.BasicService - LoadAllLEGAL_FORMS started
2015-02-12 15:15:31,939 DEBUG 9 dtxk.business.BasicService - LoadAllLEGAL_FORMS try to getting ALL LEGAL_FORMS 
2015-02-12 15:15:31,955 INFO 9 dtxk.business.BasicService - LoadAllLEGAL_FORMS method got LEGAL_FORMS with successfully
2015-02-12 15:15:31,956 DEBUG 9 dtxk.business.BasicService - LoadAllLEGAL_FORMS finished
2015-02-12 15:15:31,962 DEBUG 9 dtxk.business.BasicService - LoadAllEMPLOYEE started
2015-02-12 15:15:31,962 DEBUG 9 dtxk.business.BasicService - LoadAllEMPLOYEE try to getting ALL EMPLOYEE 
2015-02-12 15:15:32,001 INFO 9 dtxk.business.BasicService - LoadAllEMPLOYEE method got EMPLOYEE with successfully
2015-02-12 15:15:32,002 DEBUG 9 dtxk.business.BasicService - LoadAllEMPLOYEE finished
2015-02-12 15:15:32,050 DEBUG 9 dtxk.business.BasicService - LoadAllPROPERTY_TYPE started
2015-02-12 15:15:32,051 DEBUG 9 dtxk.business.BasicService - LoadAllPROPERTY_TYPE try to getting ALL PROPERTY_TYPE 
2015-02-12 15:15:32,145 INFO 9 dtxk.business.BasicService - LoadAllPROPERTY_TYPE method got PROPERTY_TYPE with successfully
2015-02-12 15:15:32,146 DEBUG 9 dtxk.business.BasicService - LoadAllPROPERTY_TYPE finished
2015-02-12 15:15:32,156 DEBUG 9 dtxk.business.BasicService - LoadAllUSING_FORM started
2015-02-12 15:15:32,157 DEBUG 9 dtxk.business.BasicService - LoadAllUSING_FORM try to getting ALL USING_FORM 
2015-02-12 15:15:32,177 INFO 9 dtxk.business.BasicService - LoadAllUSING_FORM method got USING_FORM with successfully
2015-02-12 15:15:32,178 DEBUG 9 dtxk.business.BasicService - LoadAllUSING_FORM finished
2015-02-12 15:15:32,196 DEBUG 9 dtxk.business.BasicService - LoadAllLAND_CATEGORY started
2015-02-12 15:15:32,197 DEBUG 9 dtxk.business.BasicService - LoadAllLAND_CATEGORY try to getting ALL LAND_CATEGORY 
2015-02-12 15:15:32,215 INFO 9 dtxk.business.BasicService - LoadAllLAND_CATEGORY method got LAND_CATEGORY with successfully
2015-02-12 15:15:32,216 DEBUG 9 dtxk.business.BasicService - LoadAllLAND_CATEGORY finished
2015-02-12 15:15:32,328 DEBUG 9 dtxk.business.BasicService - LoadAllOLD_DOCK_TYPE started
2015-02-12 15:15:32,329 DEBUG 9 dtxk.business.BasicService - LoadAllOLD_DOCK_TYPE try to getting ALL OLD_DOCK_TYPE 
2015-02-12 15:15:32,352 INFO 9 dtxk.business.BasicService - LoadAllOLD_DOCK_TYPE method got OLD_DOCK_TYPE with successfully
2015-02-12 15:15:32,354 DEBUG 9 dtxk.business.BasicService - LoadAllOLD_DOCK_TYPE finished
2015-02-12 16:13:26,158 INFO 9 dtxk.client.FrmLogIn - Program started
2015-02-12 16:13:26,485 DEBUG 9 dtxk.client.FrmLogIn - FrmLogin constuct finished.
2015-02-12 16:13:30,728 DEBUG 3 dtxk.business.Services.ServiceAppUser - GetAppUser started
2015-02-12 16:13:30,731 DEBUG 3 dtxk.business.Services.ServiceAppUser - GetAppUser username=admin trying to connect
2015-02-12 16:13:31,578 INFO 3 dtxk.business.Services.ServiceAppUser - GetAppUser username(admin) connected
2015-02-12 16:13:31,578 DEBUG 3 dtxk.business.Services.ServiceAppUser - GetAppUser finished
2015-02-12 16:13:33,839 DEBUG 9 dtxk.business.BasicService - LoadAllCADASTRAL_ZONE started
2015-02-12 16:13:33,846 DEBUG 9 dtxk.business.BasicService - LoadAllCADASTRAL_ZONE try to getting ALL CADASTRAL_ZONE 
2015-02-12 16:13:33,869 INFO 9 dtxk.business.BasicService - LoadAllCADASTRAL_ZONE method got CADASTRAL_ZONE with successfully
2015-02-12 16:13:33,869 DEBUG 9 dtxk.business.BasicService - LoadAllCADASTRAL_ZONE finished
2015-02-12 16:13:33,887 DEBUG 9 dtxk.business.BasicService - LoadAllLEGAL_FORMS started
2015-02-12 16:13:33,888 DEBUG 9 dtxk.business.BasicService - LoadAllLEGAL_FORMS try to getting ALL LEGAL_FORMS 
2015-02-12 16:13:33,905 INFO 9 dtxk.business.BasicService - LoadAllLEGAL_FORMS method got LEGAL_FORMS with successfully
2015-02-12 16:13:33,906 DEBUG 9 dtxk.business.BasicService - LoadAllLEGAL_FORMS finished
2015-02-12 16:13:38,952 DEBUG 9 dtxk.business.BasicService - LoadAllCADASTRAL_REGION started
2015-02-12 16:13:39,007 DEBUG 9 dtxk.business.BasicService - LoadAllCADASTRAL_REGION try to getting ALL CADASTRAL_REGION 
2015-02-12 16:13:39,067 INFO 9 dtxk.business.BasicService - LoadAllCADASTRAL_REGION method got CADASTRAL_REGION with successfully
2015-02-12 16:13:39,068 DEBUG 9 dtxk.business.BasicService - LoadAllCADASTRAL_REGION finished
2015-02-12 16:16:20,042 INFO 9 dtxk.client.FrmLogIn - Program started
2015-02-12 16:16:20,331 DEBUG 9 dtxk.client.FrmLogIn - FrmLogin constuct finished.
2015-02-12 16:16:27,132 DEBUG 11 dtxk.business.Services.ServiceAppUser - GetAppUser started
2015-02-12 16:16:27,134 DEBUG 11 dtxk.business.Services.ServiceAppUser - GetAppUser username=admin trying to connect
2015-02-12 16:16:27,920 INFO 11 dtxk.business.Services.ServiceAppUser - GetAppUser username(admin) connected
2015-02-12 16:16:27,921 DEBUG 11 dtxk.business.Services.ServiceAppUser - GetAppUser finished
2015-02-12 16:16:36,193 DEBUG 9 dtxk.business.BasicService - LoadAllCADASTRAL_ZONE started
2015-02-12 16:16:36,201 DEBUG 9 dtxk.business.BasicService - LoadAllCADASTRAL_ZONE try to getting ALL CADASTRAL_ZONE 
2015-02-12 16:16:36,224 INFO 9 dtxk.business.BasicService - LoadAllCADASTRAL_ZONE method got CADASTRAL_ZONE with successfully
2015-02-12 16:16:36,225 DEBUG 9 dtxk.business.BasicService - LoadAllCADASTRAL_ZONE finished
2015-02-12 16:16:36,244 DEBUG 9 dtxk.business.BasicService - LoadAllLEGAL_FORMS started
2015-02-12 16:16:36,245 DEBUG 9 dtxk.business.BasicService - LoadAllLEGAL_FORMS try to getting ALL LEGAL_FORMS 
2015-02-12 16:16:36,261 INFO 9 dtxk.business.BasicService - LoadAllLEGAL_FORMS method got LEGAL_FORMS with successfully
2015-02-12 16:16:36,262 DEBUG 9 dtxk.business.BasicService - LoadAllLEGAL_FORMS finished
2015-02-12 16:16:38,059 DEBUG 9 dtxk.business.BasicService - LoadAllCADASTRAL_REGION started
2015-02-12 16:16:38,062 DEBUG 9 dtxk.business.BasicService - LoadAllCADASTRAL_REGION try to getting ALL CADASTRAL_REGION 
2015-02-12 16:16:38,123 INFO 9 dtxk.business.BasicService - LoadAllCADASTRAL_REGION method got CADASTRAL_REGION with successfully
2015-02-12 16:16:38,124 DEBUG 9 dtxk.business.BasicService - LoadAllCADASTRAL_REGION finished
2015-02-12 16:17:50,457 INFO 8 dtxk.client.FrmLogIn - Program started
2015-02-12 16:17:50,741 DEBUG 8 dtxk.client.FrmLogIn - FrmLogin constuct finished.
2015-02-12 16:17:55,364 DEBUG 10 dtxk.business.Services.ServiceAppUser - GetAppUser started
2015-02-12 16:17:55,366 DEBUG 10 dtxk.business.Services.ServiceAppUser - GetAppUser username=admin trying to connect
2015-02-12 16:17:56,157 INFO 10 dtxk.business.Services.ServiceAppUser - GetAppUser username(admin) connected
2015-02-12 16:17:56,158 DEBUG 10 dtxk.business.Services.ServiceAppUser - GetAppUser finished
2015-02-12 16:20:12,184 DEBUG 8 dtxk.business.BasicService - LoadAllCADASTRAL_ZONE started
2015-02-12 16:20:12,189 DEBUG 8 dtxk.business.BasicService - LoadAllCADASTRAL_ZONE try to getting ALL CADASTRAL_ZONE 
2015-02-12 16:20:12,213 INFO 8 dtxk.business.BasicService - LoadAllCADASTRAL_ZONE method got CADASTRAL_ZONE with successfully
2015-02-12 16:20:12,214 DEBUG 8 dtxk.business.BasicService - LoadAllCADASTRAL_ZONE finished
2015-02-12 16:20:12,232 DEBUG 8 dtxk.business.BasicService - LoadAllLEGAL_FORMS started
2015-02-12 16:20:12,233 DEBUG 8 dtxk.business.BasicService - LoadAllLEGAL_FORMS try to getting ALL LEGAL_FORMS 
2015-02-12 16:20:12,249 INFO 8 dtxk.business.BasicService - LoadAllLEGAL_FORMS method got LEGAL_FORMS with successfully
2015-02-12 16:20:12,250 DEBUG 8 dtxk.business.BasicService - LoadAllLEGAL_FORMS finished
2015-02-12 16:20:12,256 DEBUG 8 dtxk.business.BasicService - LoadAllEMPLOYEE started
2015-02-12 16:20:12,257 DEBUG 8 dtxk.business.BasicService - LoadAllEMPLOYEE try to getting ALL EMPLOYEE 
2015-02-12 16:20:12,519 INFO 8 dtxk.business.BasicService - LoadAllEMPLOYEE method got EMPLOYEE with successfully
2015-02-12 16:20:12,521 DEBUG 8 dtxk.business.BasicService - LoadAllEMPLOYEE finished
2015-02-12 16:20:12,572 DEBUG 8 dtxk.business.BasicService - LoadAllPROPERTY_TYPE started
2015-02-12 16:20:12,573 DEBUG 8 dtxk.business.BasicService - LoadAllPROPERTY_TYPE try to getting ALL PROPERTY_TYPE 
2015-02-12 16:20:12,590 INFO 8 dtxk.business.BasicService - LoadAllPROPERTY_TYPE method got PROPERTY_TYPE with successfully
2015-02-12 16:20:12,591 DEBUG 8 dtxk.business.BasicService - LoadAllPROPERTY_TYPE finished
2015-02-12 16:20:12,601 DEBUG 8 dtxk.business.BasicService - LoadAllUSING_FORM started
2015-02-12 16:20:12,602 DEBUG 8 dtxk.business.BasicService - LoadAllUSING_FORM try to getting ALL USING_FORM 
2015-02-12 16:20:12,621 INFO 8 dtxk.business.BasicService - LoadAllUSING_FORM method got USING_FORM with successfully
2015-02-12 16:20:12,622 DEBUG 8 dtxk.business.BasicService - LoadAllUSING_FORM finished
2015-02-12 16:20:12,641 DEBUG 8 dtxk.business.BasicService - LoadAllLAND_CATEGORY started
2015-02-12 16:20:12,642 DEBUG 8 dtxk.business.BasicService - LoadAllLAND_CATEGORY try to getting ALL LAND_CATEGORY 
2015-02-12 16:20:12,659 INFO 8 dtxk.business.BasicService - LoadAllLAND_CATEGORY method got LAND_CATEGORY with successfully
2015-02-12 16:20:12,660 DEBUG 8 dtxk.business.BasicService - LoadAllLAND_CATEGORY finished
2015-02-12 16:20:12,673 DEBUG 8 dtxk.business.BasicService - LoadAllOLD_DOCK_TYPE started
2015-02-12 16:20:12,791 DEBUG 8 dtxk.business.BasicService - LoadAllOLD_DOCK_TYPE try to getting ALL OLD_DOCK_TYPE 
2015-02-12 16:20:12,819 INFO 8 dtxk.business.BasicService - LoadAllOLD_DOCK_TYPE method got OLD_DOCK_TYPE with successfully
2015-02-12 16:20:12,820 DEBUG 8 dtxk.business.BasicService - LoadAllOLD_DOCK_TYPE finished
2015-02-12 16:21:46,416 INFO 8 dtxk.client.FrmLogIn - Program started
2015-02-12 16:21:46,709 DEBUG 8 dtxk.client.FrmLogIn - FrmLogin constuct finished.
2015-02-12 16:21:52,296 DEBUG 10 dtxk.business.Services.ServiceAppUser - GetAppUser started
2015-02-12 16:21:52,298 DEBUG 10 dtxk.business.Services.ServiceAppUser - GetAppUser username=admin trying to connect
2015-02-12 16:21:53,111 INFO 10 dtxk.business.Services.ServiceAppUser - GetAppUser username(admin) connected
2015-02-12 16:21:53,111 DEBUG 10 dtxk.business.Services.ServiceAppUser - GetAppUser finished
2015-02-12 16:21:55,054 DEBUG 8 dtxk.business.BasicService - LoadAllCADASTRAL_ZONE started
2015-02-12 16:21:55,058 DEBUG 8 dtxk.business.BasicService - LoadAllCADASTRAL_ZONE try to getting ALL CADASTRAL_ZONE 
2015-02-12 16:21:55,081 INFO 8 dtxk.business.BasicService - LoadAllCADASTRAL_ZONE method got CADASTRAL_ZONE with successfully
2015-02-12 16:21:55,082 DEBUG 8 dtxk.business.BasicService - LoadAllCADASTRAL_ZONE finished
2015-02-12 16:21:55,100 DEBUG 8 dtxk.business.BasicService - LoadAllLEGAL_FORMS started
2015-02-12 16:21:55,101 DEBUG 8 dtxk.business.BasicService - LoadAllLEGAL_FORMS try to getting ALL LEGAL_FORMS 
2015-02-12 16:21:55,117 INFO 8 dtxk.business.BasicService - LoadAllLEGAL_FORMS method got LEGAL_FORMS with successfully
2015-02-12 16:21:55,118 DEBUG 8 dtxk.business.BasicService - LoadAllLEGAL_FORMS finished
2015-02-12 16:21:55,124 DEBUG 8 dtxk.business.BasicService - LoadAllEMPLOYEE started
2015-02-12 16:21:55,125 DEBUG 8 dtxk.business.BasicService - LoadAllEMPLOYEE try to getting ALL EMPLOYEE 
2015-02-12 16:21:55,163 INFO 8 dtxk.business.BasicService - LoadAllEMPLOYEE method got EMPLOYEE with successfully
2015-02-12 16:21:55,164 DEBUG 8 dtxk.business.BasicService - LoadAllEMPLOYEE finished
2015-02-12 16:21:55,213 DEBUG 8 dtxk.business.BasicService - LoadAllPROPERTY_TYPE started
2015-02-12 16:21:55,214 DEBUG 8 dtxk.business.BasicService - LoadAllPROPERTY_TYPE try to getting ALL PROPERTY_TYPE 
2015-02-12 16:21:55,306 INFO 8 dtxk.business.BasicService - LoadAllPROPERTY_TYPE method got PROPERTY_TYPE with successfully
2015-02-12 16:21:55,307 DEBUG 8 dtxk.business.BasicService - LoadAllPROPERTY_TYPE finished
2015-02-12 16:21:55,319 DEBUG 8 dtxk.business.BasicService - LoadAllUSING_FORM started
2015-02-12 16:21:55,320 DEBUG 8 dtxk.business.BasicService - LoadAllUSING_FORM try to getting ALL USING_FORM 
2015-02-12 16:21:55,340 INFO 8 dtxk.business.BasicService - LoadAllUSING_FORM method got USING_FORM with successfully
2015-02-12 16:21:55,341 DEBUG 8 dtxk.business.BasicService - LoadAllUSING_FORM finished
2015-02-12 16:21:55,360 DEBUG 8 dtxk.business.BasicService - LoadAllLAND_CATEGORY started
2015-02-12 16:21:55,361 DEBUG 8 dtxk.business.BasicService - LoadAllLAND_CATEGORY try to getting ALL LAND_CATEGORY 
2015-02-12 16:21:55,379 INFO 8 dtxk.business.BasicService - LoadAllLAND_CATEGORY method got LAND_CATEGORY with successfully
2015-02-12 16:21:55,379 DEBUG 8 dtxk.business.BasicService - LoadAllLAND_CATEGORY finished
2015-02-12 16:21:55,510 DEBUG 8 dtxk.business.BasicService - LoadAllOLD_DOCK_TYPE started
2015-02-12 16:21:55,511 DEBUG 8 dtxk.business.BasicService - LoadAllOLD_DOCK_TYPE try to getting ALL OLD_DOCK_TYPE 
2015-02-12 16:21:55,534 INFO 8 dtxk.business.BasicService - LoadAllOLD_DOCK_TYPE method got OLD_DOCK_TYPE with successfully
2015-02-12 16:21:55,535 DEBUG 8 dtxk.business.BasicService - LoadAllOLD_DOCK_TYPE finished
2015-02-12 16:25:14,085 INFO 9 dtxk.client.FrmLogIn - Program started
2015-02-12 16:25:14,362 DEBUG 9 dtxk.client.FrmLogIn - FrmLogin constuct finished.
2015-02-12 16:25:56,418 DEBUG 3 dtxk.business.Services.ServiceAppUser - GetAppUser started
2015-02-12 16:25:56,420 DEBUG 3 dtxk.business.Services.ServiceAppUser - GetAppUser username=admin trying to connect
2015-02-12 16:25:57,372 INFO 3 dtxk.business.Services.ServiceAppUser - GetAppUser username(admin) connected
2015-02-12 16:25:57,373 DEBUG 3 dtxk.business.Services.ServiceAppUser - GetAppUser finished
2015-02-12 16:26:00,088 DEBUG 9 dtxk.business.BasicService - LoadAllCADASTRAL_ZONE started
2015-02-12 16:26:00,092 DEBUG 9 dtxk.business.BasicService - LoadAllCADASTRAL_ZONE try to getting ALL CADASTRAL_ZONE 
2015-02-12 16:26:00,115 INFO 9 dtxk.business.BasicService - LoadAllCADASTRAL_ZONE method got CADASTRAL_ZONE with successfully
2015-02-12 16:26:00,116 DEBUG 9 dtxk.business.BasicService - LoadAllCADASTRAL_ZONE finished
2015-02-12 16:26:00,134 DEBUG 9 dtxk.business.BasicService - LoadAllLEGAL_FORMS started
2015-02-12 16:26:00,136 DEBUG 9 dtxk.business.BasicService - LoadAllLEGAL_FORMS try to getting ALL LEGAL_FORMS 
2015-02-12 16:26:00,152 INFO 9 dtxk.business.BasicService - LoadAllLEGAL_FORMS method got LEGAL_FORMS with successfully
2015-02-12 16:26:00,153 DEBUG 9 dtxk.business.BasicService - LoadAllLEGAL_FORMS finished
2015-02-12 16:26:00,158 DEBUG 9 dtxk.business.BasicService - LoadAllEMPLOYEE started
2015-02-12 16:26:00,159 DEBUG 9 dtxk.business.BasicService - LoadAllEMPLOYEE try to getting ALL EMPLOYEE 
2015-02-12 16:26:00,198 INFO 9 dtxk.business.BasicService - LoadAllEMPLOYEE method got EMPLOYEE with successfully
2015-02-12 16:26:00,199 DEBUG 9 dtxk.business.BasicService - LoadAllEMPLOYEE finished
2015-02-12 16:26:00,247 DEBUG 9 dtxk.business.BasicService - LoadAllPROPERTY_TYPE started
2015-02-12 16:26:00,248 DEBUG 9 dtxk.business.BasicService - LoadAllPROPERTY_TYPE try to getting ALL PROPERTY_TYPE 
2015-02-12 16:26:00,342 INFO 9 dtxk.business.BasicService - LoadAllPROPERTY_TYPE method got PROPERTY_TYPE with successfully
2015-02-12 16:26:00,343 DEBUG 9 dtxk.business.BasicService - LoadAllPROPERTY_TYPE finished
2015-02-12 16:26:00,353 DEBUG 9 dtxk.business.BasicService - LoadAllUSING_FORM started
2015-02-12 16:26:00,355 DEBUG 9 dtxk.business.BasicService - LoadAllUSING_FORM try to getting ALL USING_FORM 
2015-02-12 16:26:00,373 INFO 9 dtxk.business.BasicService - LoadAllUSING_FORM method got USING_FORM with successfully
2015-02-12 16:26:00,374 DEBUG 9 dtxk.business.BasicService - LoadAllUSING_FORM finished
2015-02-12 16:26:00,392 DEBUG 9 dtxk.business.BasicService - LoadAllLAND_CATEGORY started
2015-02-12 16:26:00,393 DEBUG 9 dtxk.business.BasicService - LoadAllLAND_CATEGORY try to getting ALL LAND_CATEGORY 
2015-02-12 16:26:00,410 INFO 9 dtxk.business.BasicService - LoadAllLAND_CATEGORY method got LAND_CATEGORY with successfully
2015-02-12 16:26:00,411 DEBUG 9 dtxk.business.BasicService - LoadAllLAND_CATEGORY finished
2015-02-12 16:26:00,534 DEBUG 9 dtxk.business.BasicService - LoadAllOLD_DOCK_TYPE started
2015-02-12 16:26:00,536 DEBUG 9 dtxk.business.BasicService - LoadAllOLD_DOCK_TYPE try to getting ALL OLD_DOCK_TYPE 
2015-02-12 16:26:00,582 INFO 9 dtxk.business.BasicService - LoadAllOLD_DOCK_TYPE method got OLD_DOCK_TYPE with successfully
2015-02-12 16:26:00,584 DEBUG 9 dtxk.business.BasicService - LoadAllOLD_DOCK_TYPE finished
2015-02-12 17:12:21,941 INFO 9 dtxk.client.FrmLogIn - Program started
2015-02-12 17:12:22,246 DEBUG 9 dtxk.client.FrmLogIn - FrmLogin constuct finished.
2015-02-12 17:12:26,994 DEBUG 3 dtxk.business.Services.ServiceAppUser - GetAppUser started
2015-02-12 17:12:26,997 DEBUG 3 dtxk.business.Services.ServiceAppUser - GetAppUser username=admin trying to connect
2015-02-12 17:12:27,912 INFO 3 dtxk.business.Services.ServiceAppUser - GetAppUser username(admin) connected
2015-02-12 17:12:27,913 DEBUG 3 dtxk.business.Services.ServiceAppUser - GetAppUser finished
2015-02-12 17:12:30,836 DEBUG 9 dtxk.business.BasicService - LoadAllCADASTRAL_ZONE started
2015-02-12 17:12:30,843 DEBUG 9 dtxk.business.BasicService - LoadAllCADASTRAL_ZONE try to getting ALL CADASTRAL_ZONE 
2015-02-12 17:12:30,867 INFO 9 dtxk.business.BasicService - LoadAllCADASTRAL_ZONE method got CADASTRAL_ZONE with successfully
2015-02-12 17:12:30,868 DEBUG 9 dtxk.business.BasicService - LoadAllCADASTRAL_ZONE finished
2015-02-12 17:12:30,889 DEBUG 9 dtxk.business.BasicService - LoadAllLEGAL_FORMS started
2015-02-12 17:12:30,890 DEBUG 9 dtxk.business.BasicService - LoadAllLEGAL_FORMS try to getting ALL LEGAL_FORMS 
2015-02-12 17:12:30,907 INFO 9 dtxk.business.BasicService - LoadAllLEGAL_FORMS method got LEGAL_FORMS with successfully
2015-02-12 17:12:30,908 DEBUG 9 dtxk.business.BasicService - LoadAllLEGAL_FORMS finished
2015-02-12 17:15:32,786 DEBUG 9 dtxk.business.BasicService - LoadAllCADASTRAL_REGION started
2015-02-12 17:15:32,922 DEBUG 9 dtxk.business.BasicService - LoadAllCADASTRAL_REGION try to getting ALL CADASTRAL_REGION 
2015-02-12 17:15:33,025 INFO 9 dtxk.business.BasicService - LoadAllCADASTRAL_REGION method got CADASTRAL_REGION with successfully
2015-02-12 17:15:33,026 DEBUG 9 dtxk.business.BasicService - LoadAllCADASTRAL_REGION finished
