2015-02-02 10:20:07,464 INFO 9 dtxk.client.FrmLogIn - Program started
2015-02-02 10:20:07,729 DEBUG 9 dtxk.client.FrmLogIn - FrmLogin constuct finished.
2015-02-02 10:20:18,915 DEBUG 11 dtxk.business.Services.ServiceAppUser - GetAppUser started
2015-02-02 10:20:18,915 DEBUG 11 dtxk.business.Services.ServiceAppUser - GetAppUser username=admin trying to connect
2015-02-02 10:20:19,666 INFO 11 dtxk.business.Services.ServiceAppUser - GetAppUser username(admin) connected
2015-02-02 10:20:19,666 DEBUG 11 dtxk.business.Services.ServiceAppUser - GetAppUser finished
2015-02-02 10:20:21,429 DEBUG 9 dtxk.business.BasicService - LoadAllCADASTRAL_ZONE started
2015-02-02 10:20:21,507 DEBUG 9 dtxk.business.BasicService - LoadAllCADASTRAL_ZONE try to getting ALL CADASTRAL_ZONE 
2015-02-02 10:20:21,553 INFO 9 dtxk.business.BasicService - LoadAllCADASTRAL_ZONE method got CADASTRAL_ZONE with successfully
2015-02-02 10:20:21,553 DEBUG 9 dtxk.business.BasicService - LoadAllCADASTRAL_ZONE finished
2015-02-02 10:20:21,569 DEBUG 9 dtxk.business.BasicService - LoadAllLEGAL_FORMS started
2015-02-02 10:20:21,569 DEBUG 9 dtxk.business.BasicService - LoadAllLEGAL_FORMS try to getting ALL LEGAL_FORMS 
2015-02-02 10:20:21,585 INFO 9 dtxk.business.BasicService - LoadAllLEGAL_FORMS method got LEGAL_FORMS with successfully
2015-02-02 10:20:21,585 DEBUG 9 dtxk.business.BasicService - LoadAllLEGAL_FORMS finished
2015-02-02 10:20:21,600 DEBUG 9 dtxk.business.BasicService - LoadAllEMPLOYEE started
2015-02-02 10:20:21,600 DEBUG 9 dtxk.business.BasicService - LoadAllEMPLOYEE try to getting ALL EMPLOYEE 
2015-02-02 10:20:21,631 INFO 9 dtxk.business.BasicService - LoadAllEMPLOYEE method got EMPLOYEE with successfully
2015-02-02 10:20:21,631 DEBUG 9 dtxk.business.BasicService - LoadAllEMPLOYEE finished
2015-02-02 10:20:21,694 DEBUG 9 dtxk.business.BasicService - LoadAllPROPERTY_TYPE started
2015-02-02 10:20:21,694 DEBUG 9 dtxk.business.BasicService - LoadAllPROPERTY_TYPE try to getting ALL PROPERTY_TYPE 
2015-02-02 10:20:21,709 INFO 9 dtxk.business.BasicService - LoadAllPROPERTY_TYPE method got PROPERTY_TYPE with successfully
2015-02-02 10:20:21,709 DEBUG 9 dtxk.business.BasicService - LoadAllPROPERTY_TYPE finished
2015-02-02 10:20:21,725 DEBUG 9 dtxk.business.BasicService - LoadAllUSING_FORM started
2015-02-02 10:20:21,725 DEBUG 9 dtxk.business.BasicService - LoadAllUSING_FORM try to getting ALL USING_FORM 
2015-02-02 10:20:21,741 INFO 9 dtxk.business.BasicService - LoadAllUSING_FORM method got USING_FORM with successfully
2015-02-02 10:20:21,741 DEBUG 9 dtxk.business.BasicService - LoadAllUSING_FORM finished
2015-02-02 10:20:21,756 DEBUG 9 dtxk.business.BasicService - LoadAllLAND_CATEGORY started
2015-02-02 10:20:21,756 DEBUG 9 dtxk.business.BasicService - LoadAllLAND_CATEGORY try to getting ALL LAND_CATEGORY 
2015-02-02 10:20:21,772 INFO 9 dtxk.business.BasicService - LoadAllLAND_CATEGORY method got LAND_CATEGORY with successfully
2015-02-02 10:20:21,865 DEBUG 9 dtxk.business.BasicService - LoadAllLAND_CATEGORY finished
2015-02-02 10:20:21,881 DEBUG 9 dtxk.business.BasicService - LoadAllOLD_DOCK_TYPE started
2015-02-02 10:20:21,897 DEBUG 9 dtxk.business.BasicService - LoadAllOLD_DOCK_TYPE try to getting ALL OLD_DOCK_TYPE 
2015-02-02 10:20:21,912 INFO 9 dtxk.business.BasicService - LoadAllOLD_DOCK_TYPE method got OLD_DOCK_TYPE with successfully
2015-02-02 10:20:21,912 DEBUG 9 dtxk.business.BasicService - LoadAllOLD_DOCK_TYPE finished
2015-02-02 11:16:05,553 INFO 9 dtxk.client.FrmLogIn - Program started
2015-02-02 11:16:06,044 DEBUG 9 dtxk.client.FrmLogIn - FrmLogin constuct finished.
2015-02-02 11:16:10,476 DEBUG 3 dtxk.business.Services.ServiceAppUser - GetAppUser started
2015-02-02 11:16:10,476 DEBUG 3 dtxk.business.Services.ServiceAppUser - GetAppUser username=admin trying to connect
2015-02-02 11:16:11,276 INFO 3 dtxk.business.Services.ServiceAppUser - GetAppUser username(admin) connected
2015-02-02 11:16:11,276 DEBUG 3 dtxk.business.Services.ServiceAppUser - GetAppUser finished
2015-02-02 11:16:16,001 DEBUG 9 dtxk.business.BasicService - LoadAllCADASTRAL_ZONE started
2015-02-02 11:16:16,051 DEBUG 9 dtxk.business.BasicService - LoadAllCADASTRAL_ZONE try to getting ALL CADASTRAL_ZONE 
2015-02-02 11:16:16,091 INFO 9 dtxk.business.BasicService - LoadAllCADASTRAL_ZONE method got CADASTRAL_ZONE with successfully
2015-02-02 11:16:16,091 DEBUG 9 dtxk.business.BasicService - LoadAllCADASTRAL_ZONE finished
2015-02-02 11:16:16,101 DEBUG 9 dtxk.business.BasicService - LoadAllLEGAL_FORMS started
2015-02-02 11:16:16,111 DEBUG 9 dtxk.business.BasicService - LoadAllLEGAL_FORMS try to getting ALL LEGAL_FORMS 
2015-02-02 11:16:16,121 INFO 9 dtxk.business.BasicService - LoadAllLEGAL_FORMS method got LEGAL_FORMS with successfully
2015-02-02 11:16:16,121 DEBUG 9 dtxk.business.BasicService - LoadAllLEGAL_FORMS finished
2015-02-02 11:16:16,131 DEBUG 9 dtxk.business.BasicService - LoadAllEMPLOYEE started
2015-02-02 11:16:16,131 DEBUG 9 dtxk.business.BasicService - LoadAllEMPLOYEE try to getting ALL EMPLOYEE 
2015-02-02 11:16:16,171 INFO 9 dtxk.business.BasicService - LoadAllEMPLOYEE method got EMPLOYEE with successfully
2015-02-02 11:16:16,171 DEBUG 9 dtxk.business.BasicService - LoadAllEMPLOYEE finished
2015-02-02 11:16:16,261 DEBUG 9 dtxk.business.BasicService - LoadAllPROPERTY_TYPE started
2015-02-02 11:16:16,261 DEBUG 9 dtxk.business.BasicService - LoadAllPROPERTY_TYPE try to getting ALL PROPERTY_TYPE 
2015-02-02 11:16:16,281 INFO 9 dtxk.business.BasicService - LoadAllPROPERTY_TYPE method got PROPERTY_TYPE with successfully
2015-02-02 11:16:16,281 DEBUG 9 dtxk.business.BasicService - LoadAllPROPERTY_TYPE finished
2015-02-02 11:16:16,291 DEBUG 9 dtxk.business.BasicService - LoadAllUSING_FORM started
2015-02-02 11:16:16,291 DEBUG 9 dtxk.business.BasicService - LoadAllUSING_FORM try to getting ALL USING_FORM 
2015-02-02 11:16:16,311 INFO 9 dtxk.business.BasicService - LoadAllUSING_FORM method got USING_FORM with successfully
2015-02-02 11:16:16,311 DEBUG 9 dtxk.business.BasicService - LoadAllUSING_FORM finished
2015-02-02 11:16:16,321 DEBUG 9 dtxk.business.BasicService - LoadAllLAND_CATEGORY started
2015-02-02 11:16:16,321 DEBUG 9 dtxk.business.BasicService - LoadAllLAND_CATEGORY try to getting ALL LAND_CATEGORY 
2015-02-02 11:16:16,341 INFO 9 dtxk.business.BasicService - LoadAllLAND_CATEGORY method got LAND_CATEGORY with successfully
2015-02-02 11:16:16,421 DEBUG 9 dtxk.business.BasicService - LoadAllLAND_CATEGORY finished
2015-02-02 11:16:16,441 DEBUG 9 dtxk.business.BasicService - LoadAllOLD_DOCK_TYPE started
2015-02-02 11:16:16,441 DEBUG 9 dtxk.business.BasicService - LoadAllOLD_DOCK_TYPE try to getting ALL OLD_DOCK_TYPE 
2015-02-02 11:16:16,511 INFO 9 dtxk.business.BasicService - LoadAllOLD_DOCK_TYPE method got OLD_DOCK_TYPE with successfully
2015-02-02 11:16:16,521 DEBUG 9 dtxk.business.BasicService - LoadAllOLD_DOCK_TYPE finished
2015-02-02 11:22:58,594 INFO 9 dtxk.client.FrmLogIn - Program started
2015-02-02 11:22:58,864 DEBUG 9 dtxk.client.FrmLogIn - FrmLogin constuct finished.
2015-02-02 11:31:00,217 DEBUG 18 dtxk.business.Services.ServiceAppUser - GetAppUser started
2015-02-02 11:31:00,217 DEBUG 18 dtxk.business.Services.ServiceAppUser - GetAppUser username=admin trying to connect
2015-02-02 11:31:01,120 INFO 18 dtxk.business.Services.ServiceAppUser - GetAppUser username(admin) connected
2015-02-02 11:31:01,120 DEBUG 18 dtxk.business.Services.ServiceAppUser - GetAppUser finished
2015-02-02 11:31:11,093 DEBUG 9 dtxk.business.BasicService - LoadAllCADASTRAL_ZONE started
2015-02-02 11:31:11,093 DEBUG 9 dtxk.business.BasicService - LoadAllCADASTRAL_ZONE try to getting ALL CADASTRAL_ZONE 
2015-02-02 11:31:11,113 INFO 9 dtxk.business.BasicService - LoadAllCADASTRAL_ZONE method got CADASTRAL_ZONE with successfully
2015-02-02 11:31:11,113 DEBUG 9 dtxk.business.BasicService - LoadAllCADASTRAL_ZONE finished
2015-02-02 11:31:11,133 DEBUG 9 dtxk.business.BasicService - LoadAllLEGAL_FORMS started
2015-02-02 11:31:11,133 DEBUG 9 dtxk.business.BasicService - LoadAllLEGAL_FORMS try to getting ALL LEGAL_FORMS 
2015-02-02 11:31:11,153 INFO 9 dtxk.business.BasicService - LoadAllLEGAL_FORMS method got LEGAL_FORMS with successfully
2015-02-02 11:31:11,153 DEBUG 9 dtxk.business.BasicService - LoadAllLEGAL_FORMS finished
2015-02-02 11:31:11,153 DEBUG 9 dtxk.business.BasicService - LoadAllEMPLOYEE started
2015-02-02 11:31:11,153 DEBUG 9 dtxk.business.BasicService - LoadAllEMPLOYEE try to getting ALL EMPLOYEE 
2015-02-02 11:31:11,193 INFO 9 dtxk.business.BasicService - LoadAllEMPLOYEE method got EMPLOYEE with successfully
2015-02-02 11:31:11,193 DEBUG 9 dtxk.business.BasicService - LoadAllEMPLOYEE finished
2015-02-02 11:31:11,233 DEBUG 9 dtxk.business.BasicService - LoadAllPROPERTY_TYPE started
2015-02-02 11:31:11,233 DEBUG 9 dtxk.business.BasicService - LoadAllPROPERTY_TYPE try to getting ALL PROPERTY_TYPE 
2015-02-02 11:31:11,253 INFO 9 dtxk.business.BasicService - LoadAllPROPERTY_TYPE method got PROPERTY_TYPE with successfully
2015-02-02 11:31:11,323 DEBUG 9 dtxk.business.BasicService - LoadAllPROPERTY_TYPE finished
2015-02-02 11:31:11,343 DEBUG 9 dtxk.business.BasicService - LoadAllUSING_FORM started
2015-02-02 11:31:11,343 DEBUG 9 dtxk.business.BasicService - LoadAllUSING_FORM try to getting ALL USING_FORM 
2015-02-02 11:31:11,393 INFO 9 dtxk.business.BasicService - LoadAllUSING_FORM method got USING_FORM with successfully
2015-02-02 11:31:11,393 DEBUG 9 dtxk.business.BasicService - LoadAllUSING_FORM finished
2015-02-02 11:31:11,433 DEBUG 9 dtxk.business.BasicService - LoadAllLAND_CATEGORY started
2015-02-02 11:31:11,433 DEBUG 9 dtxk.business.BasicService - LoadAllLAND_CATEGORY try to getting ALL LAND_CATEGORY 
2015-02-02 11:31:11,453 INFO 9 dtxk.business.BasicService - LoadAllLAND_CATEGORY method got LAND_CATEGORY with successfully
2015-02-02 11:31:11,453 DEBUG 9 dtxk.business.BasicService - LoadAllLAND_CATEGORY finished
2015-02-02 11:31:11,463 DEBUG 9 dtxk.business.BasicService - LoadAllOLD_DOCK_TYPE started
2015-02-02 11:31:11,473 DEBUG 9 dtxk.business.BasicService - LoadAllOLD_DOCK_TYPE try to getting ALL OLD_DOCK_TYPE 
2015-02-02 11:31:11,543 INFO 9 dtxk.business.BasicService - LoadAllOLD_DOCK_TYPE method got OLD_DOCK_TYPE with successfully
2015-02-02 11:31:11,543 DEBUG 9 dtxk.business.BasicService - LoadAllOLD_DOCK_TYPE finished
2015-02-02 11:35:32,445 INFO 9 dtxk.client.FrmLogIn - Program started
2015-02-02 11:35:32,723 DEBUG 9 dtxk.client.FrmLogIn - FrmLogin constuct finished.
2015-02-02 11:35:49,210 DEBUG 3 dtxk.business.Services.ServiceAppUser - GetAppUser started
2015-02-02 11:35:49,210 DEBUG 3 dtxk.business.Services.ServiceAppUser - GetAppUser username=admin trying to connect
2015-02-02 11:35:50,230 INFO 3 dtxk.business.Services.ServiceAppUser - GetAppUser username(admin) connected
2015-02-02 11:35:50,230 DEBUG 3 dtxk.business.Services.ServiceAppUser - GetAppUser finished
2015-02-02 11:35:53,540 DEBUG 9 dtxk.business.BasicService - LoadAllCADASTRAL_ZONE started
2015-02-02 11:35:53,540 DEBUG 9 dtxk.business.BasicService - LoadAllCADASTRAL_ZONE try to getting ALL CADASTRAL_ZONE 
2015-02-02 11:35:53,570 INFO 9 dtxk.business.BasicService - LoadAllCADASTRAL_ZONE method got CADASTRAL_ZONE with successfully
2015-02-02 11:35:53,570 DEBUG 9 dtxk.business.BasicService - LoadAllCADASTRAL_ZONE finished
2015-02-02 11:35:53,580 DEBUG 9 dtxk.business.BasicService - LoadAllLEGAL_FORMS started
2015-02-02 11:35:53,580 DEBUG 9 dtxk.business.BasicService - LoadAllLEGAL_FORMS try to getting ALL LEGAL_FORMS 
2015-02-02 11:35:53,600 INFO 9 dtxk.business.BasicService - LoadAllLEGAL_FORMS method got LEGAL_FORMS with successfully
2015-02-02 11:35:53,600 DEBUG 9 dtxk.business.BasicService - LoadAllLEGAL_FORMS finished
2015-02-02 11:35:53,600 DEBUG 9 dtxk.business.BasicService - LoadAllEMPLOYEE started
2015-02-02 11:35:53,610 DEBUG 9 dtxk.business.BasicService - LoadAllEMPLOYEE try to getting ALL EMPLOYEE 
2015-02-02 11:35:53,640 INFO 9 dtxk.business.BasicService - LoadAllEMPLOYEE method got EMPLOYEE with successfully
2015-02-02 11:35:53,640 DEBUG 9 dtxk.business.BasicService - LoadAllEMPLOYEE finished
2015-02-02 11:35:53,680 DEBUG 9 dtxk.business.BasicService - LoadAllPROPERTY_TYPE started
2015-02-02 11:35:53,680 DEBUG 9 dtxk.business.BasicService - LoadAllPROPERTY_TYPE try to getting ALL PROPERTY_TYPE 
2015-02-02 11:35:53,780 INFO 9 dtxk.business.BasicService - LoadAllPROPERTY_TYPE method got PROPERTY_TYPE with successfully
2015-02-02 11:35:53,780 DEBUG 9 dtxk.business.BasicService - LoadAllPROPERTY_TYPE finished
2015-02-02 11:35:53,790 DEBUG 9 dtxk.business.BasicService - LoadAllUSING_FORM started
2015-02-02 11:35:53,790 DEBUG 9 dtxk.business.BasicService - LoadAllUSING_FORM try to getting ALL USING_FORM 
2015-02-02 11:35:53,810 INFO 9 dtxk.business.BasicService - LoadAllUSING_FORM method got USING_FORM with successfully
2015-02-02 11:35:53,810 DEBUG 9 dtxk.business.BasicService - LoadAllUSING_FORM finished
2015-02-02 11:35:53,830 DEBUG 9 dtxk.business.BasicService - LoadAllLAND_CATEGORY started
2015-02-02 11:35:53,830 DEBUG 9 dtxk.business.BasicService - LoadAllLAND_CATEGORY try to getting ALL LAND_CATEGORY 
2015-02-02 11:35:53,840 INFO 9 dtxk.business.BasicService - LoadAllLAND_CATEGORY method got LAND_CATEGORY with successfully
2015-02-02 11:35:53,840 DEBUG 9 dtxk.business.BasicService - LoadAllLAND_CATEGORY finished
2015-02-02 11:35:53,990 DEBUG 9 dtxk.business.BasicService - LoadAllOLD_DOCK_TYPE started
2015-02-02 11:35:53,990 DEBUG 9 dtxk.business.BasicService - LoadAllOLD_DOCK_TYPE try to getting ALL OLD_DOCK_TYPE 
2015-02-02 11:35:54,020 INFO 9 dtxk.business.BasicService - LoadAllOLD_DOCK_TYPE method got OLD_DOCK_TYPE with successfully
2015-02-02 11:35:54,020 DEBUG 9 dtxk.business.BasicService - LoadAllOLD_DOCK_TYPE finished
2015-02-02 11:44:49,958 INFO 9 dtxk.client.FrmLogIn - Program started
2015-02-02 11:44:50,261 DEBUG 9 dtxk.client.FrmLogIn - FrmLogin constuct finished.
2015-02-02 11:45:33,821 DEBUG 3 dtxk.business.Services.ServiceAppUser - GetAppUser started
2015-02-02 11:45:33,821 DEBUG 3 dtxk.business.Services.ServiceAppUser - GetAppUser username=admin trying to connect
2015-02-02 11:45:34,742 INFO 3 dtxk.business.Services.ServiceAppUser - GetAppUser username(admin) connected
2015-02-02 11:45:34,742 DEBUG 3 dtxk.business.Services.ServiceAppUser - GetAppUser finished
2015-02-02 11:45:37,628 DEBUG 9 dtxk.business.BasicService - LoadAllCADASTRAL_ZONE started
2015-02-02 11:45:37,628 DEBUG 9 dtxk.business.BasicService - LoadAllCADASTRAL_ZONE try to getting ALL CADASTRAL_ZONE 
2015-02-02 11:45:37,659 INFO 9 dtxk.business.BasicService - LoadAllCADASTRAL_ZONE method got CADASTRAL_ZONE with successfully
2015-02-02 11:45:37,659 DEBUG 9 dtxk.business.BasicService - LoadAllCADASTRAL_ZONE finished
2015-02-02 11:45:37,674 DEBUG 9 dtxk.business.BasicService - LoadAllLEGAL_FORMS started
2015-02-02 11:45:37,674 DEBUG 9 dtxk.business.BasicService - LoadAllLEGAL_FORMS try to getting ALL LEGAL_FORMS 
2015-02-02 11:45:37,690 INFO 9 dtxk.business.BasicService - LoadAllLEGAL_FORMS method got LEGAL_FORMS with successfully
2015-02-02 11:45:37,690 DEBUG 9 dtxk.business.BasicService - LoadAllLEGAL_FORMS finished
2015-02-02 11:45:37,690 DEBUG 9 dtxk.business.BasicService - LoadAllEMPLOYEE started
2015-02-02 11:45:37,690 DEBUG 9 dtxk.business.BasicService - LoadAllEMPLOYEE try to getting ALL EMPLOYEE 
2015-02-02 11:45:37,737 INFO 9 dtxk.business.BasicService - LoadAllEMPLOYEE method got EMPLOYEE with successfully
2015-02-02 11:45:37,737 DEBUG 9 dtxk.business.BasicService - LoadAllEMPLOYEE finished
2015-02-02 11:45:37,768 DEBUG 9 dtxk.business.BasicService - LoadAllPROPERTY_TYPE started
2015-02-02 11:45:37,768 DEBUG 9 dtxk.business.BasicService - LoadAllPROPERTY_TYPE try to getting ALL PROPERTY_TYPE 
2015-02-02 11:45:37,893 INFO 9 dtxk.business.BasicService - LoadAllPROPERTY_TYPE method got PROPERTY_TYPE with successfully
2015-02-02 11:45:37,893 DEBUG 9 dtxk.business.BasicService - LoadAllPROPERTY_TYPE finished
2015-02-02 11:45:37,908 DEBUG 9 dtxk.business.BasicService - LoadAllUSING_FORM started
2015-02-02 11:45:37,908 DEBUG 9 dtxk.business.BasicService - LoadAllUSING_FORM try to getting ALL USING_FORM 
2015-02-02 11:45:37,924 INFO 9 dtxk.business.BasicService - LoadAllUSING_FORM method got USING_FORM with successfully
2015-02-02 11:45:37,924 DEBUG 9 dtxk.business.BasicService - LoadAllUSING_FORM finished
2015-02-02 11:45:37,940 DEBUG 9 dtxk.business.BasicService - LoadAllLAND_CATEGORY started
2015-02-02 11:45:37,940 DEBUG 9 dtxk.business.BasicService - LoadAllLAND_CATEGORY try to getting ALL LAND_CATEGORY 
2015-02-02 11:45:37,955 INFO 9 dtxk.business.BasicService - LoadAllLAND_CATEGORY method got LAND_CATEGORY with successfully
2015-02-02 11:45:37,955 DEBUG 9 dtxk.business.BasicService - LoadAllLAND_CATEGORY finished
2015-02-02 11:45:38,080 DEBUG 9 dtxk.business.BasicService - LoadAllOLD_DOCK_TYPE started
2015-02-02 11:45:38,096 DEBUG 9 dtxk.business.BasicService - LoadAllOLD_DOCK_TYPE try to getting ALL OLD_DOCK_TYPE 
2015-02-02 11:45:38,127 INFO 9 dtxk.business.BasicService - LoadAllOLD_DOCK_TYPE method got OLD_DOCK_TYPE with successfully
2015-02-02 11:45:38,127 DEBUG 9 dtxk.business.BasicService - LoadAllOLD_DOCK_TYPE finished
2015-02-02 11:45:42,027 DEBUG 9 dtxk.business.BasicService - LoadAllCADASTRAL_REGION started
2015-02-02 11:45:42,074 DEBUG 9 dtxk.business.BasicService - LoadAllCADASTRAL_REGION try to getting ALL CADASTRAL_REGION 
2015-02-02 11:45:42,120 INFO 9 dtxk.business.BasicService - LoadAllCADASTRAL_REGION method got CADASTRAL_REGION with successfully
2015-02-02 11:45:42,120 DEBUG 9 dtxk.business.BasicService - LoadAllCADASTRAL_REGION finished
2015-02-02 11:46:48,852 INFO 9 dtxk.client.FrmLogIn - Program started
2015-02-02 11:46:49,199 DEBUG 9 dtxk.client.FrmLogIn - FrmLogin constuct finished.
2015-02-02 11:46:53,490 DEBUG 11 dtxk.business.Services.ServiceAppUser - GetAppUser started
2015-02-02 11:46:53,492 DEBUG 11 dtxk.business.Services.ServiceAppUser - GetAppUser username=admin trying to connect
2015-02-02 11:46:54,281 INFO 11 dtxk.business.Services.ServiceAppUser - GetAppUser username(admin) connected
2015-02-02 11:46:54,281 DEBUG 11 dtxk.business.Services.ServiceAppUser - GetAppUser finished
2015-02-02 11:47:21,623 DEBUG 9 dtxk.gis.FeatureRelatedClasses.ClsFeatureOperation - GetFeatureObject method started
2015-02-02 11:47:21,650 DEBUG 9 dtxk.business.Services.ServiceCadastralZone - FindByCadastralCode started
2015-02-02 11:47:21,652 DEBUG 9 dtxk.business.Services.ServiceCadastralZone - FindByCadastralCode try to getting Cadastral_Zone for Code :3
2015-02-02 11:47:21,671 INFO 9 dtxk.business.Services.ServiceCadastralZone - FindByCadastralCode method got Cadatral_Zones with successfully
2015-02-02 11:47:21,672 DEBUG 9 dtxk.business.Services.ServiceCadastralZone - FindByCadastralCode finfished
2015-02-02 11:47:34,311 DEBUG 9 dtxk.gis.FeatureRelatedClasses.ClsFeatureOperation - GetFeatureObject method started
2015-02-02 11:47:34,326 DEBUG 9 dtxk.business.Services.ServiceParcel - FindParcelsByCadastralNo started
2015-02-02 11:47:34,326 DEBUG 9 dtxk.business.Services.ServiceParcel - FindParcelsByCadastralNo try to getting PARCEL by cadastralNo :30800901000322
2015-02-02 11:47:34,326 INFO 9 dtxk.business.Services.ServiceParcel - FindParcelsByCadastralNo method got PARCEL with successfully
2015-02-02 11:47:34,326 DEBUG 9 dtxk.business.Services.ServiceParcel - FindParcelsByCadastralNo finfished
2015-02-02 11:47:35,449 DEBUG 9 dtxk.gis.FeatureRelatedClasses.ClsFeatureOperation - GetFeatureObject method started
2015-02-02 11:47:35,449 DEBUG 9 dtxk.business.Services.ServiceParcel - FindParcelsByCadastralNo started
2015-02-02 11:47:35,449 DEBUG 9 dtxk.business.Services.ServiceParcel - FindParcelsByCadastralNo try to getting PARCEL by cadastralNo :30800901000322
2015-02-02 11:47:35,465 INFO 9 dtxk.business.Services.ServiceParcel - FindParcelsByCadastralNo method got PARCEL with successfully
2015-02-02 11:47:35,465 DEBUG 9 dtxk.business.Services.ServiceParcel - FindParcelsByCadastralNo finfished
2015-02-02 12:14:11,093 INFO 9 dtxk.client.FrmLogIn - Program started
2015-02-02 12:14:11,360 DEBUG 9 dtxk.client.FrmLogIn - FrmLogin constuct finished.
2015-02-02 12:14:16,002 DEBUG 3 dtxk.business.Services.ServiceAppUser - GetAppUser started
2015-02-02 12:14:16,002 DEBUG 3 dtxk.business.Services.ServiceAppUser - GetAppUser username=admin trying to connect
2015-02-02 12:14:16,822 INFO 3 dtxk.business.Services.ServiceAppUser - GetAppUser username(admin) connected
2015-02-02 12:14:16,822 DEBUG 3 dtxk.business.Services.ServiceAppUser - GetAppUser finished
2015-02-02 12:15:14,556 DEBUG 9 dtxk.gis.FeatureRelatedClasses.ClsFeatureOperation - GetFeatureObject method started
2015-02-02 12:15:14,570 DEBUG 9 dtxk.business.Services.ServiceParcel - FindParcelsByCadastralNo started
2015-02-02 12:15:14,572 DEBUG 9 dtxk.business.Services.ServiceParcel - FindParcelsByCadastralNo try to getting PARCEL by cadastralNo :30800901000079
2015-02-02 12:15:14,574 INFO 9 dtxk.business.Services.ServiceParcel - FindParcelsByCadastralNo method got PARCEL with successfully
2015-02-02 12:15:14,574 DEBUG 9 dtxk.business.Services.ServiceParcel - FindParcelsByCadastralNo finfished
2015-02-02 12:16:54,449 INFO 8 dtxk.client.FrmLogIn - Program started
2015-02-02 12:16:55,258 DEBUG 8 dtxk.client.FrmLogIn - FrmLogin constuct finished.
2015-02-02 12:17:19,437 DEBUG 10 dtxk.business.Services.ServiceAppUser - GetAppUser started
2015-02-02 12:17:19,439 DEBUG 10 dtxk.business.Services.ServiceAppUser - GetAppUser username=admin trying to connect
2015-02-02 12:17:20,271 INFO 10 dtxk.business.Services.ServiceAppUser - GetAppUser username(admin) connected
2015-02-02 12:17:20,272 DEBUG 10 dtxk.business.Services.ServiceAppUser - GetAppUser finished
2015-02-02 12:18:50,094 DEBUG 8 dtxk.gis.FeatureRelatedClasses.ClsFeatureOperation - GetFeatureObject method started
2015-02-02 12:18:50,114 DEBUG 8 dtxk.business.Services.ServiceParcel - FindParcelsByCadastralNo started
2015-02-02 12:18:50,115 DEBUG 8 dtxk.business.Services.ServiceParcel - FindParcelsByCadastralNo try to getting PARCEL by cadastralNo :30800901000195
2015-02-02 12:18:50,118 INFO 8 dtxk.business.Services.ServiceParcel - FindParcelsByCadastralNo method got PARCEL with successfully
2015-02-02 12:18:50,118 DEBUG 8 dtxk.business.Services.ServiceParcel - FindParcelsByCadastralNo finfished
2015-02-02 14:05:12,487 INFO 9 dtxk.client.FrmLogIn - Program started
2015-02-02 14:05:15,707 DEBUG 9 dtxk.client.FrmLogIn - FrmLogin constuct finished.
2015-02-02 14:05:24,245 DEBUG 3 dtxk.business.Services.ServiceAppUser - GetAppUser started
2015-02-02 14:05:24,345 DEBUG 3 dtxk.business.Services.ServiceAppUser - GetAppUser username=admin trying to connect
2015-02-02 14:05:26,180 INFO 3 dtxk.business.Services.ServiceAppUser - GetAppUser username(admin) connected
2015-02-02 14:05:26,180 DEBUG 3 dtxk.business.Services.ServiceAppUser - GetAppUser finished
2015-02-02 14:30:14,812 DEBUG 9 dtxk.gis.FeatureRelatedClasses.ClsFeatureOperation - GetFeatureObject method started
2015-02-02 14:30:14,822 DEBUG 9 dtxk.business.Services.ServiceParcel - FindParcelsByCadastralNo started
2015-02-02 14:30:14,862 DEBUG 9 dtxk.business.Services.ServiceParcel - FindParcelsByCadastralNo try to getting PARCEL by cadastralNo :30800901000322
2015-02-02 14:30:14,862 INFO 9 dtxk.business.Services.ServiceParcel - FindParcelsByCadastralNo method got PARCEL with successfully
2015-02-02 14:30:14,862 DEBUG 9 dtxk.business.Services.ServiceParcel - FindParcelsByCadastralNo finfished
2015-02-02 14:30:30,739 DEBUG 9 dtxk.gis.FeatureRelatedClasses.ClsFeatureOperation - GetFeatureObject method started
2015-02-02 14:30:30,749 DEBUG 9 dtxk.business.Services.ServiceParcel - FindParcelsByCadastralNo started
2015-02-02 14:30:30,749 DEBUG 9 dtxk.business.Services.ServiceParcel - FindParcelsByCadastralNo try to getting PARCEL by cadastralNo :30800901000369
2015-02-02 14:30:30,749 INFO 9 dtxk.business.Services.ServiceParcel - FindParcelsByCadastralNo method got PARCEL with successfully
2015-02-02 14:30:30,749 DEBUG 9 dtxk.business.Services.ServiceParcel - FindParcelsByCadastralNo finfished
2015-02-02 14:35:55,709 INFO 9 dtxk.client.FrmLogIn - Program started
2015-02-02 14:35:55,988 DEBUG 9 dtxk.client.FrmLogIn - FrmLogin constuct finished.
2015-02-02 14:41:02,258 DEBUG 13 dtxk.business.Services.ServiceAppUser - GetAppUser started
2015-02-02 14:41:02,258 DEBUG 13 dtxk.business.Services.ServiceAppUser - GetAppUser username=admin trying to connect
2015-02-02 14:41:03,164 INFO 13 dtxk.business.Services.ServiceAppUser - GetAppUser username(admin) connected
2015-02-02 14:41:03,180 DEBUG 13 dtxk.business.Services.ServiceAppUser - GetAppUser finished
2015-02-02 14:41:05,983 DEBUG 9 dtxk.business.BasicService - LoadAllCADASTRAL_ZONE started
2015-02-02 14:41:06,030 DEBUG 9 dtxk.business.BasicService - LoadAllCADASTRAL_ZONE try to getting ALL CADASTRAL_ZONE 
2015-02-02 14:41:06,498 INFO 9 dtxk.business.BasicService - LoadAllCADASTRAL_ZONE method got CADASTRAL_ZONE with successfully
2015-02-02 14:41:06,498 DEBUG 9 dtxk.business.BasicService - LoadAllCADASTRAL_ZONE finished
2015-02-02 14:41:06,560 DEBUG 9 dtxk.business.BasicService - LoadAllLEGAL_FORMS started
2015-02-02 14:41:06,560 DEBUG 9 dtxk.business.BasicService - LoadAllLEGAL_FORMS try to getting ALL LEGAL_FORMS 
2015-02-02 14:41:06,576 INFO 9 dtxk.business.BasicService - LoadAllLEGAL_FORMS method got LEGAL_FORMS with successfully
2015-02-02 14:41:06,592 DEBUG 9 dtxk.business.BasicService - LoadAllLEGAL_FORMS finished
2015-02-02 14:41:06,638 DEBUG 9 dtxk.business.BasicService - LoadAllEMPLOYEE started
2015-02-02 14:41:06,638 DEBUG 9 dtxk.business.BasicService - LoadAllEMPLOYEE try to getting ALL EMPLOYEE 
2015-02-02 14:41:06,685 INFO 9 dtxk.business.BasicService - LoadAllEMPLOYEE method got EMPLOYEE with successfully
2015-02-02 14:41:06,685 DEBUG 9 dtxk.business.BasicService - LoadAllEMPLOYEE finished
2015-02-02 14:41:06,935 DEBUG 9 dtxk.business.BasicService - LoadAllPROPERTY_TYPE started
2015-02-02 14:41:06,966 DEBUG 9 dtxk.business.BasicService - LoadAllPROPERTY_TYPE try to getting ALL PROPERTY_TYPE 
2015-02-02 14:41:06,997 INFO 9 dtxk.business.BasicService - LoadAllPROPERTY_TYPE method got PROPERTY_TYPE with successfully
2015-02-02 14:41:07,013 DEBUG 9 dtxk.business.BasicService - LoadAllPROPERTY_TYPE finished
2015-02-02 14:41:07,028 DEBUG 9 dtxk.business.BasicService - LoadAllUSING_FORM started
2015-02-02 14:41:07,028 DEBUG 9 dtxk.business.BasicService - LoadAllUSING_FORM try to getting ALL USING_FORM 
2015-02-02 14:41:07,075 INFO 9 dtxk.business.BasicService - LoadAllUSING_FORM method got USING_FORM with successfully
2015-02-02 14:41:07,075 DEBUG 9 dtxk.business.BasicService - LoadAllUSING_FORM finished
2015-02-02 14:41:07,091 DEBUG 9 dtxk.business.BasicService - LoadAllLAND_CATEGORY started
2015-02-02 14:41:07,091 DEBUG 9 dtxk.business.BasicService - LoadAllLAND_CATEGORY try to getting ALL LAND_CATEGORY 
2015-02-02 14:41:07,106 INFO 9 dtxk.business.BasicService - LoadAllLAND_CATEGORY method got LAND_CATEGORY with successfully
2015-02-02 14:41:07,106 DEBUG 9 dtxk.business.BasicService - LoadAllLAND_CATEGORY finished
2015-02-02 14:41:07,184 DEBUG 9 dtxk.business.BasicService - LoadAllOLD_DOCK_TYPE started
2015-02-02 14:41:07,184 DEBUG 9 dtxk.business.BasicService - LoadAllOLD_DOCK_TYPE try to getting ALL OLD_DOCK_TYPE 
2015-02-02 14:41:07,216 INFO 9 dtxk.business.BasicService - LoadAllOLD_DOCK_TYPE method got OLD_DOCK_TYPE with successfully
2015-02-02 14:41:07,216 DEBUG 9 dtxk.business.BasicService - LoadAllOLD_DOCK_TYPE finished
2015-02-02 14:42:01,186 DEBUG 9 dtxk.business.Services.ServicePhysicalPerson - LoadAllPerson started
2015-02-02 14:42:01,201 DEBUG 9 dtxk.business.Services.ServicePhysicalPerson - LoadAllPerson try to getting PHYSICAL_PERSON  for Physicalperson reference : refresh=
2015-02-02 14:42:01,201 DEBUG 9 dtxk.business.Services.ServicePhysicalPerson - LoadAllPerson finfished
2015-02-02 14:42:02,215 DEBUG 9 dtxk.business.Services.ServicePhysicalPerson - LoadAllPerson started
2015-02-02 14:42:02,215 DEBUG 9 dtxk.business.Services.ServicePhysicalPerson - LoadAllPerson try to getting PHYSICAL_PERSON  for Physicalperson reference : refresh=
2015-02-02 14:42:02,215 DEBUG 9 dtxk.business.Services.ServicePhysicalPerson - LoadAllPerson finfished
2015-02-02 14:42:02,496 DEBUG 9 dtxk.business.Services.ServicePhysicalPerson - LoadAllPerson started
2015-02-02 14:42:02,496 DEBUG 9 dtxk.business.Services.ServicePhysicalPerson - LoadAllPerson try to getting PHYSICAL_PERSON  for Physicalperson reference : refresh=
2015-02-02 14:42:02,496 DEBUG 9 dtxk.business.Services.ServicePhysicalPerson - LoadAllPerson finfished
2015-02-02 14:42:02,949 DEBUG 9 dtxk.business.Services.ServicePhysicalPerson - LoadAllPerson started
2015-02-02 14:42:02,949 DEBUG 9 dtxk.business.Services.ServicePhysicalPerson - LoadAllPerson try to getting PHYSICAL_PERSON  for Physicalperson reference : refresh=
2015-02-02 14:42:02,949 DEBUG 9 dtxk.business.Services.ServicePhysicalPerson - LoadAllPerson finfished
2015-02-02 14:42:29,790 DEBUG 9 dtxk.business.Services.ServiceLegalPerson - LoadAllLegalPerson started
2015-02-02 14:42:29,822 DEBUG 9 dtxk.business.Services.ServiceLegalPerson - LoadAllLegalPerson try to getting LEGAL_PERSON  : Refresh=
2015-02-02 14:42:29,822 DEBUG 9 dtxk.business.Services.ServiceLegalPerson - LoadAllLegalPerson finfished
2015-02-02 14:44:04,143 INFO 9 dtxk.client.FrmLogIn - Program started
2015-02-02 14:44:04,439 DEBUG 9 dtxk.client.FrmLogIn - FrmLogin constuct finished.
2015-02-02 14:45:31,680 DEBUG 3 dtxk.business.Services.ServiceAppUser - GetAppUser started
2015-02-02 14:45:31,680 DEBUG 3 dtxk.business.Services.ServiceAppUser - GetAppUser username=admin trying to connect
2015-02-02 14:45:32,460 INFO 3 dtxk.business.Services.ServiceAppUser - GetAppUser username(admin) connected
2015-02-02 14:45:32,460 DEBUG 3 dtxk.business.Services.ServiceAppUser - GetAppUser finished
2015-02-02 14:45:41,648 DEBUG 9 dtxk.business.BasicService - LoadAllCADASTRAL_ZONE started
2015-02-02 14:45:41,658 DEBUG 9 dtxk.business.BasicService - LoadAllCADASTRAL_ZONE try to getting ALL CADASTRAL_ZONE 
2015-02-02 14:45:41,678 INFO 9 dtxk.business.BasicService - LoadAllCADASTRAL_ZONE method got CADASTRAL_ZONE with successfully
2015-02-02 14:45:41,678 DEBUG 9 dtxk.business.BasicService - LoadAllCADASTRAL_ZONE finished
2015-02-02 14:45:41,688 DEBUG 9 dtxk.business.BasicService - LoadAllLEGAL_FORMS started
2015-02-02 14:45:41,688 DEBUG 9 dtxk.business.BasicService - LoadAllLEGAL_FORMS try to getting ALL LEGAL_FORMS 
2015-02-02 14:45:41,708 INFO 9 dtxk.business.BasicService - LoadAllLEGAL_FORMS method got LEGAL_FORMS with successfully
2015-02-02 14:45:41,708 DEBUG 9 dtxk.business.BasicService - LoadAllLEGAL_FORMS finished
2015-02-02 14:45:41,718 DEBUG 9 dtxk.business.BasicService - LoadAllEMPLOYEE started
2015-02-02 14:45:41,718 DEBUG 9 dtxk.business.BasicService - LoadAllEMPLOYEE try to getting ALL EMPLOYEE 
2015-02-02 14:45:41,738 INFO 9 dtxk.business.BasicService - LoadAllEMPLOYEE method got EMPLOYEE with successfully
2015-02-02 14:45:41,738 DEBUG 9 dtxk.business.BasicService - LoadAllEMPLOYEE finished
2015-02-02 14:45:41,778 DEBUG 9 dtxk.business.BasicService - LoadAllPROPERTY_TYPE started
2015-02-02 14:45:41,778 DEBUG 9 dtxk.business.BasicService - LoadAllPROPERTY_TYPE try to getting ALL PROPERTY_TYPE 
2015-02-02 14:45:41,912 INFO 9 dtxk.business.BasicService - LoadAllPROPERTY_TYPE method got PROPERTY_TYPE with successfully
2015-02-02 14:45:41,912 DEBUG 9 dtxk.business.BasicService - LoadAllPROPERTY_TYPE finished
2015-02-02 14:45:41,928 DEBUG 9 dtxk.business.BasicService - LoadAllUSING_FORM started
2015-02-02 14:45:41,928 DEBUG 9 dtxk.business.BasicService - LoadAllUSING_FORM try to getting ALL USING_FORM 
2015-02-02 14:45:41,943 INFO 9 dtxk.business.BasicService - LoadAllUSING_FORM method got USING_FORM with successfully
2015-02-02 14:45:41,943 DEBUG 9 dtxk.business.BasicService - LoadAllUSING_FORM finished
2015-02-02 14:45:41,959 DEBUG 9 dtxk.business.BasicService - LoadAllLAND_CATEGORY started
2015-02-02 14:45:41,959 DEBUG 9 dtxk.business.BasicService - LoadAllLAND_CATEGORY try to getting ALL LAND_CATEGORY 
2015-02-02 14:45:41,974 INFO 9 dtxk.business.BasicService - LoadAllLAND_CATEGORY method got LAND_CATEGORY with successfully
2015-02-02 14:45:41,974 DEBUG 9 dtxk.business.BasicService - LoadAllLAND_CATEGORY finished
2015-02-02 14:45:42,099 DEBUG 9 dtxk.business.BasicService - LoadAllOLD_DOCK_TYPE started
2015-02-02 14:45:42,099 DEBUG 9 dtxk.business.BasicService - LoadAllOLD_DOCK_TYPE try to getting ALL OLD_DOCK_TYPE 
2015-02-02 14:45:42,130 INFO 9 dtxk.business.BasicService - LoadAllOLD_DOCK_TYPE method got OLD_DOCK_TYPE with successfully
2015-02-02 14:45:42,130 DEBUG 9 dtxk.business.BasicService - LoadAllOLD_DOCK_TYPE finished
2015-02-02 14:46:15,537 DEBUG 14 dtxk.business.Services.ServicePhysicalPerson - FindPhysicalPerson started
2015-02-02 14:46:15,537 DEBUG 14 dtxk.business.Services.ServicePhysicalPerson - FindPhysicalPerson try to getting PHYSICAL_PERSON  for Physicalperson reference : refresh=True
2015-02-02 14:46:15,647 INFO 14 dtxk.business.Services.ServicePhysicalPerson - FindPhysicalPerson method got Physical_Person with successfully
2015-02-02 14:46:15,647 DEBUG 14 dtxk.business.Services.ServicePhysicalPerson - FindPhysicalPerson finfished
2015-02-02 15:36:00,867 INFO 10 dtxk.client.FrmLogIn - Program started
2015-02-02 15:36:01,147 DEBUG 10 dtxk.client.FrmLogIn - FrmLogin constuct finished.
2015-02-02 16:31:41,603 DEBUG 42 dtxk.business.Services.ServiceAppUser - GetAppUser started
2015-02-02 16:31:41,633 DEBUG 42 dtxk.business.Services.ServiceAppUser - GetAppUser username=admin trying to connect
2015-02-02 16:31:42,640 INFO 42 dtxk.business.Services.ServiceAppUser - GetAppUser username(admin) connected
2015-02-02 16:31:42,641 DEBUG 42 dtxk.business.Services.ServiceAppUser - GetAppUser finished
2015-02-02 20:08:45,195 INFO 9 dtxk.client.FrmLogIn - Program started
2015-02-02 20:08:45,450 DEBUG 9 dtxk.client.FrmLogIn - FrmLogin constuct finished.
2015-02-02 20:08:49,045 DEBUG 3 dtxk.business.Services.ServiceAppUser - GetAppUser started
2015-02-02 20:08:49,047 DEBUG 3 dtxk.business.Services.ServiceAppUser - GetAppUser username=admin trying to connect
2015-02-02 20:08:49,995 INFO 3 dtxk.business.Services.ServiceAppUser - GetAppUser username(admin) connected
2015-02-02 20:08:49,995 DEBUG 3 dtxk.business.Services.ServiceAppUser - GetAppUser finished
2015-02-02 20:08:52,133 DEBUG 9 dtxk.business.BasicService - LoadAllCADASTRAL_ZONE started
2015-02-02 20:08:52,260 DEBUG 9 dtxk.business.BasicService - LoadAllCADASTRAL_ZONE try to getting ALL CADASTRAL_ZONE 
2015-02-02 20:08:52,310 INFO 9 dtxk.business.BasicService - LoadAllCADASTRAL_ZONE method got CADASTRAL_ZONE with successfully
2015-02-02 20:08:52,310 DEBUG 9 dtxk.business.BasicService - LoadAllCADASTRAL_ZONE finished
2015-02-02 20:08:54,660 DEBUG 9 dtxk.business.BasicService - LoadAllCADASTRAL_REGION started
2015-02-02 20:08:54,670 DEBUG 9 dtxk.business.BasicService - LoadAllCADASTRAL_REGION try to getting ALL CADASTRAL_REGION 
2015-02-02 20:08:54,700 INFO 9 dtxk.business.BasicService - LoadAllCADASTRAL_REGION method got CADASTRAL_REGION with successfully
2015-02-02 20:08:54,700 DEBUG 9 dtxk.business.BasicService - LoadAllCADASTRAL_REGION finished
2015-02-02 20:08:55,317 DEBUG 9 dtxk.business.BasicService - LoadAllMUNICIPALITY started
2015-02-02 20:08:55,317 DEBUG 9 dtxk.business.BasicService - LoadAllMUNICIPALITY try to getting ALL MUNICIPALITY 
2015-02-02 20:08:55,617 INFO 9 dtxk.business.BasicService - LoadAllMUNICIPALITY method got MUNICIPALITY with successfully
2015-02-02 20:08:55,617 DEBUG 9 dtxk.business.BasicService - LoadAllMUNICIPALITY finished
2015-02-02 20:08:55,917 DEBUG 9 dtxk.business.BasicService - LoadAllTERRITORIAL_UNIT started
2015-02-02 20:08:55,947 DEBUG 9 dtxk.business.BasicService - LoadAllTERRITORIAL_UNIT try to getting ALL TERRITORIAL_UNIT 
2015-02-02 20:08:56,577 INFO 9 dtxk.business.BasicService - LoadAllTERRITORIAL_UNIT method got TERRITORIAL_UNIT with successfully
2015-02-02 20:08:56,577 DEBUG 9 dtxk.business.BasicService - LoadAllTERRITORIAL_UNIT finished
2015-02-02 20:09:00,400 DEBUG 9 dtxk.business.BasicService - LoadAllECONOMIC_REGION started
2015-02-02 20:09:00,400 DEBUG 9 dtxk.business.BasicService - LoadAllECONOMIC_REGION try to getting ALL ECONOMIC_REGION 
2015-02-02 20:09:00,420 INFO 9 dtxk.business.BasicService - LoadAllECONOMIC_REGION method got ECONOMIC_REGION with successfully
2015-02-02 20:09:00,420 DEBUG 9 dtxk.business.BasicService - LoadAllECONOMIC_REGION finished
2015-02-02 20:09:15,287 DEBUG 9 dtxk.business.BasicService - LoadAllCADASTRAL_ZONE started
2015-02-02 20:09:15,287 DEBUG 9 dtxk.business.BasicService - LoadAllCADASTRAL_ZONE try to getting ALL CADASTRAL_ZONE 
2015-02-02 20:09:15,287 INFO 9 dtxk.business.BasicService - LoadAllCADASTRAL_ZONE method got CADASTRAL_ZONE with successfully
2015-02-02 20:09:15,287 DEBUG 9 dtxk.business.BasicService - LoadAllCADASTRAL_ZONE finished
2015-02-02 20:09:15,297 DEBUG 9 dtxk.business.BasicService - LoadAllLEGAL_FORMS started
2015-02-02 20:09:15,307 DEBUG 9 dtxk.business.BasicService - LoadAllLEGAL_FORMS try to getting ALL LEGAL_FORMS 
2015-02-02 20:09:15,317 INFO 9 dtxk.business.BasicService - LoadAllLEGAL_FORMS method got LEGAL_FORMS with successfully
2015-02-02 20:09:15,317 DEBUG 9 dtxk.business.BasicService - LoadAllLEGAL_FORMS finished
2015-02-02 20:09:15,327 DEBUG 9 dtxk.business.BasicService - LoadAllEMPLOYEE started
2015-02-02 20:09:15,327 DEBUG 9 dtxk.business.BasicService - LoadAllEMPLOYEE try to getting ALL EMPLOYEE 
2015-02-02 20:09:15,347 INFO 9 dtxk.business.BasicService - LoadAllEMPLOYEE method got EMPLOYEE with successfully
2015-02-02 20:09:15,347 DEBUG 9 dtxk.business.BasicService - LoadAllEMPLOYEE finished
2015-02-02 20:09:15,387 DEBUG 9 dtxk.business.BasicService - LoadAllPROPERTY_TYPE started
2015-02-02 20:09:15,387 DEBUG 9 dtxk.business.BasicService - LoadAllPROPERTY_TYPE try to getting ALL PROPERTY_TYPE 
2015-02-02 20:09:15,417 INFO 9 dtxk.business.BasicService - LoadAllPROPERTY_TYPE method got PROPERTY_TYPE with successfully
2015-02-02 20:09:15,497 DEBUG 9 dtxk.business.BasicService - LoadAllPROPERTY_TYPE finished
2015-02-02 20:09:15,567 DEBUG 9 dtxk.business.BasicService - LoadAllUSING_FORM started
2015-02-02 20:09:15,567 DEBUG 9 dtxk.business.BasicService - LoadAllUSING_FORM try to getting ALL USING_FORM 
2015-02-02 20:09:15,607 INFO 9 dtxk.business.BasicService - LoadAllUSING_FORM method got USING_FORM with successfully
2015-02-02 20:09:15,607 DEBUG 9 dtxk.business.BasicService - LoadAllUSING_FORM finished
2015-02-02 20:09:15,627 DEBUG 9 dtxk.business.BasicService - LoadAllLAND_CATEGORY started
2015-02-02 20:09:15,627 DEBUG 9 dtxk.business.BasicService - LoadAllLAND_CATEGORY try to getting ALL LAND_CATEGORY 
2015-02-02 20:09:15,637 INFO 9 dtxk.business.BasicService - LoadAllLAND_CATEGORY method got LAND_CATEGORY with successfully
2015-02-02 20:09:15,637 DEBUG 9 dtxk.business.BasicService - LoadAllLAND_CATEGORY finished
2015-02-02 20:09:15,647 DEBUG 9 dtxk.business.BasicService - LoadAllOLD_DOCK_TYPE started
2015-02-02 20:09:15,657 DEBUG 9 dtxk.business.BasicService - LoadAllOLD_DOCK_TYPE try to getting ALL OLD_DOCK_TYPE 
2015-02-02 20:09:15,727 INFO 9 dtxk.business.BasicService - LoadAllOLD_DOCK_TYPE method got OLD_DOCK_TYPE with successfully
2015-02-02 20:09:15,727 DEBUG 9 dtxk.business.BasicService - LoadAllOLD_DOCK_TYPE finished
2015-02-02 20:16:01,725 INFO 9 dtxk.client.FrmLogIn - Program started
2015-02-02 20:16:02,005 DEBUG 9 dtxk.client.FrmLogIn - FrmLogin constuct finished.
2015-02-02 20:16:11,862 DEBUG 11 dtxk.business.Services.ServiceAppUser - GetAppUser started
2015-02-02 20:16:11,862 DEBUG 11 dtxk.business.Services.ServiceAppUser - GetAppUser username=admin trying to connect
2015-02-02 20:16:12,622 INFO 11 dtxk.business.Services.ServiceAppUser - GetAppUser username(admin) connected
2015-02-02 20:16:12,622 DEBUG 11 dtxk.business.Services.ServiceAppUser - GetAppUser finished
2015-02-02 20:16:41,670 DEBUG 9 dtxk.gis.FeatureRelatedClasses.ClsFeatureOperation - GetFeatureObject method started
2015-02-02 20:16:41,680 DEBUG 9 dtxk.business.Services.ServiceParcel - FindParcelsByCadastralNo started
2015-02-02 20:16:41,740 DEBUG 9 dtxk.business.Services.ServiceParcel - FindParcelsByCadastralNo try to getting PARCEL by cadastralNo :30800901000126
2015-02-02 20:16:41,750 INFO 9 dtxk.business.Services.ServiceParcel - FindParcelsByCadastralNo method got PARCEL with successfully
2015-02-02 20:16:41,750 DEBUG 9 dtxk.business.Services.ServiceParcel - FindParcelsByCadastralNo finfished
2015-02-02 20:18:56,592 DEBUG 9 dtxk.gis.FeatureRelatedClasses.ClsFeatureOperation - GetFeatureObject method started
2015-02-02 20:18:56,602 DEBUG 9 dtxk.business.Services.ServiceParcel - FindParcelsByCadastralNo started
2015-02-02 20:18:56,602 DEBUG 9 dtxk.business.Services.ServiceParcel - FindParcelsByCadastralNo try to getting PARCEL by cadastralNo :30800901000259
2015-02-02 20:18:56,602 INFO 9 dtxk.business.Services.ServiceParcel - FindParcelsByCadastralNo method got PARCEL with successfully
2015-02-02 20:18:56,602 DEBUG 9 dtxk.business.Services.ServiceParcel - FindParcelsByCadastralNo finfished
2015-02-02 20:19:00,592 DEBUG 9 dtxk.gis.FeatureRelatedClasses.ClsFeatureOperation - GetFeatureObject method started
2015-02-02 20:19:00,592 DEBUG 9 dtxk.business.Services.ServiceParcel - FindParcelsByCadastralNo started
2015-02-02 20:19:00,602 DEBUG 9 dtxk.business.Services.ServiceParcel - FindParcelsByCadastralNo try to getting PARCEL by cadastralNo :30800901000012
2015-02-02 20:19:00,602 INFO 9 dtxk.business.Services.ServiceParcel - FindParcelsByCadastralNo method got PARCEL with successfully
2015-02-02 20:19:00,602 DEBUG 9 dtxk.business.Services.ServiceParcel - FindParcelsByCadastralNo finfished
2015-02-02 20:19:04,642 DEBUG 9 dtxk.gis.FeatureRelatedClasses.ClsFeatureOperation - GetFeatureObject method started
2015-02-02 20:19:04,642 DEBUG 9 dtxk.business.Services.ServiceParcel - FindParcelsByCadastralNo started
2015-02-02 20:19:04,642 DEBUG 9 dtxk.business.Services.ServiceParcel - FindParcelsByCadastralNo try to getting PARCEL by cadastralNo :30800901000404
2015-02-02 20:19:04,652 INFO 9 dtxk.business.Services.ServiceParcel - FindParcelsByCadastralNo method got PARCEL with successfully
2015-02-02 20:19:04,652 DEBUG 9 dtxk.business.Services.ServiceParcel - FindParcelsByCadastralNo finfished
2015-02-02 20:19:06,652 DEBUG 9 dtxk.gis.FeatureRelatedClasses.ClsFeatureOperation - GetFeatureObject method started
2015-02-02 20:19:06,662 DEBUG 9 dtxk.business.Services.ServiceParcel - FindParcelsByCadastralNo started
2015-02-02 20:19:06,662 DEBUG 9 dtxk.business.Services.ServiceParcel - FindParcelsByCadastralNo try to getting PARCEL by cadastralNo :30800901000034
2015-02-02 20:19:06,662 INFO 9 dtxk.business.Services.ServiceParcel - FindParcelsByCadastralNo method got PARCEL with successfully
2015-02-02 20:19:06,662 DEBUG 9 dtxk.business.Services.ServiceParcel - FindParcelsByCadastralNo finfished
2015-02-02 20:19:07,402 DEBUG 9 dtxk.gis.FeatureRelatedClasses.ClsFeatureOperation - GetFeatureObject method started
2015-02-02 20:19:07,402 DEBUG 9 dtxk.business.Services.ServiceParcel - FindParcelsByCadastralNo started
2015-02-02 20:19:07,402 DEBUG 9 dtxk.business.Services.ServiceParcel - FindParcelsByCadastralNo try to getting PARCEL by cadastralNo :30800901000037
2015-02-02 20:19:07,412 INFO 9 dtxk.business.Services.ServiceParcel - FindParcelsByCadastralNo method got PARCEL with successfully
2015-02-02 20:19:07,412 DEBUG 9 dtxk.business.Services.ServiceParcel - FindParcelsByCadastralNo finfished
2015-02-02 20:19:08,082 DEBUG 9 dtxk.gis.FeatureRelatedClasses.ClsFeatureOperation - GetFeatureObject method started
2015-02-02 20:19:08,102 DEBUG 9 dtxk.business.Services.ServiceParcel - FindParcelsByCadastralNo started
2015-02-02 20:19:08,102 DEBUG 9 dtxk.business.Services.ServiceParcel - FindParcelsByCadastralNo try to getting PARCEL by cadastralNo :30800901000036
2015-02-02 20:19:08,102 INFO 9 dtxk.business.Services.ServiceParcel - FindParcelsByCadastralNo method got PARCEL with successfully
2015-02-02 20:19:08,102 DEBUG 9 dtxk.business.Services.ServiceParcel - FindParcelsByCadastralNo finfished
2015-02-02 21:29:31,871 INFO 10 dtxk.client.FrmLogIn - Program started
2015-02-02 21:29:32,311 DEBUG 10 dtxk.client.FrmLogIn - FrmLogin constuct finished.
2015-02-02 21:29:36,755 DEBUG 3 dtxk.business.Services.ServiceAppUser - GetAppUser started
2015-02-02 21:29:36,755 DEBUG 3 dtxk.business.Services.ServiceAppUser - GetAppUser username=admin trying to connect
2015-02-02 21:29:37,655 INFO 3 dtxk.business.Services.ServiceAppUser - GetAppUser username(admin) connected
2015-02-02 21:29:37,655 DEBUG 3 dtxk.business.Services.ServiceAppUser - GetAppUser finished
2015-02-02 21:29:39,485 DEBUG 10 dtxk.business.BasicService - LoadAllCADASTRAL_ZONE started
2015-02-02 21:29:39,495 DEBUG 10 dtxk.business.BasicService - LoadAllCADASTRAL_ZONE try to getting ALL CADASTRAL_ZONE 
2015-02-02 21:29:39,515 INFO 10 dtxk.business.BasicService - LoadAllCADASTRAL_ZONE method got CADASTRAL_ZONE with successfully
2015-02-02 21:29:39,515 DEBUG 10 dtxk.business.BasicService - LoadAllCADASTRAL_ZONE finished
2015-02-02 21:29:39,525 DEBUG 10 dtxk.business.BasicService - LoadAllLEGAL_FORMS started
2015-02-02 21:29:39,525 DEBUG 10 dtxk.business.BasicService - LoadAllLEGAL_FORMS try to getting ALL LEGAL_FORMS 
2015-02-02 21:29:39,545 INFO 10 dtxk.business.BasicService - LoadAllLEGAL_FORMS method got LEGAL_FORMS with successfully
2015-02-02 21:29:39,545 DEBUG 10 dtxk.business.BasicService - LoadAllLEGAL_FORMS finished
2015-02-02 21:29:39,555 DEBUG 10 dtxk.business.BasicService - LoadAllEMPLOYEE started
2015-02-02 21:29:39,555 DEBUG 10 dtxk.business.BasicService - LoadAllEMPLOYEE try to getting ALL EMPLOYEE 
2015-02-02 21:29:39,595 INFO 10 dtxk.business.BasicService - LoadAllEMPLOYEE method got EMPLOYEE with successfully
2015-02-02 21:29:39,595 DEBUG 10 dtxk.business.BasicService - LoadAllEMPLOYEE finished
2015-02-02 21:29:39,635 DEBUG 10 dtxk.business.BasicService - LoadAllPROPERTY_TYPE started
2015-02-02 21:29:39,715 DEBUG 10 dtxk.business.BasicService - LoadAllPROPERTY_TYPE try to getting ALL PROPERTY_TYPE 
2015-02-02 21:29:39,725 INFO 10 dtxk.business.BasicService - LoadAllPROPERTY_TYPE method got PROPERTY_TYPE with successfully
2015-02-02 21:29:39,725 DEBUG 10 dtxk.business.BasicService - LoadAllPROPERTY_TYPE finished
2015-02-02 21:29:39,735 DEBUG 10 dtxk.business.BasicService - LoadAllUSING_FORM started
2015-02-02 21:29:39,735 DEBUG 10 dtxk.business.BasicService - LoadAllUSING_FORM try to getting ALL USING_FORM 
2015-02-02 21:29:39,755 INFO 10 dtxk.business.BasicService - LoadAllUSING_FORM method got USING_FORM with successfully
2015-02-02 21:29:39,755 DEBUG 10 dtxk.business.BasicService - LoadAllUSING_FORM finished
2015-02-02 21:29:39,775 DEBUG 10 dtxk.business.BasicService - LoadAllLAND_CATEGORY started
2015-02-02 21:29:39,775 DEBUG 10 dtxk.business.BasicService - LoadAllLAND_CATEGORY try to getting ALL LAND_CATEGORY 
2015-02-02 21:29:39,795 INFO 10 dtxk.business.BasicService - LoadAllLAND_CATEGORY method got LAND_CATEGORY with successfully
2015-02-02 21:29:39,795 DEBUG 10 dtxk.business.BasicService - LoadAllLAND_CATEGORY finished
2015-02-02 21:29:39,925 DEBUG 10 dtxk.business.BasicService - LoadAllOLD_DOCK_TYPE started
2015-02-02 21:29:39,925 DEBUG 10 dtxk.business.BasicService - LoadAllOLD_DOCK_TYPE try to getting ALL OLD_DOCK_TYPE 
2015-02-02 21:29:39,945 INFO 10 dtxk.business.BasicService - LoadAllOLD_DOCK_TYPE method got OLD_DOCK_TYPE with successfully
2015-02-02 21:29:39,945 DEBUG 10 dtxk.business.BasicService - LoadAllOLD_DOCK_TYPE finished
2015-02-02 22:05:16,899 INFO 9 dtxk.client.FrmLogIn - Program started
2015-02-02 22:05:17,269 DEBUG 9 dtxk.client.FrmLogIn - FrmLogin constuct finished.
2015-02-02 22:06:21,171 INFO 9 dtxk.client.FrmLogIn - Program started
2015-02-02 22:06:21,511 DEBUG 9 dtxk.client.FrmLogIn - FrmLogin constuct finished.
2015-02-02 22:06:25,411 DEBUG 11 dtxk.business.Services.ServiceAppUser - GetAppUser started
2015-02-02 22:06:25,411 DEBUG 11 dtxk.business.Services.ServiceAppUser - GetAppUser username=admin trying to connect
2015-02-02 22:06:26,281 INFO 11 dtxk.business.Services.ServiceAppUser - GetAppUser username(admin) connected
2015-02-02 22:06:26,281 DEBUG 11 dtxk.business.Services.ServiceAppUser - GetAppUser finished
2015-02-02 22:06:46,618 DEBUG 9 dtxk.gis.FeatureRelatedClasses.ClsFeatureOperation - GetFeatureObject method started
2015-02-02 22:06:47,608 DEBUG 9 dtxk.business.Services.ServiceParcel - FindParcelsByCadastralNo started
2015-02-02 22:06:47,608 DEBUG 9 dtxk.business.Services.ServiceParcel - FindParcelsByCadastralNo try to getting PARCEL by cadastralNo :30800901000026
2015-02-02 22:06:47,608 INFO 9 dtxk.business.Services.ServiceParcel - FindParcelsByCadastralNo method got PARCEL with successfully
2015-02-02 22:06:47,618 DEBUG 9 dtxk.business.Services.ServiceParcel - FindParcelsByCadastralNo finfished
