2014-12-20 15:51:32,994 INFO 10 dtxk.client.FrmLogIn - Program started
2014-12-20 15:51:35,156 DEBUG 10 dtxk.client.FrmLogIn - FrmLogin constuct finished.
2014-12-20 15:51:46,860 DEBUG 3 dtxk.business.Services.ServiceAppUser - GetAppUser started
2014-12-20 15:51:46,922 DEBUG 3 dtxk.business.Services.ServiceAppUser - GetAppUser username=admin trying to connect
2014-12-20 15:51:52,460 INFO 3 dtxk.business.Services.ServiceAppUser - GetAppUser username(admin) connected
2014-12-20 15:51:52,463 DEBUG 3 dtxk.business.Services.ServiceAppUser - GetAppUser finished
2014-12-20 15:52:49,201 DEBUG 10 dtxk.business.BasicService - LoadAllCADASTRAL_ZONE started
2014-12-20 15:52:49,230 DEBUG 10 dtxk.business.BasicService - LoadAllCADASTRAL_ZONE try to getting ALL CADASTRAL_ZONE 
2014-12-20 15:52:49,398 INFO 10 dtxk.business.BasicService - LoadAllCADASTRAL_ZONE method got CADASTRAL_ZONE with successfully
2014-12-20 15:52:49,402 DEBUG 10 dtxk.business.BasicService - LoadAllCADASTRAL_ZONE finished
2014-12-20 15:52:49,461 DEBUG 10 dtxk.business.BasicService - LoadAllLEGAL_FORMS started
2014-12-20 15:52:49,464 DEBUG 10 dtxk.business.BasicService - LoadAllLEGAL_FORMS try to getting ALL LEGAL_FORMS 
2014-12-20 15:52:49,529 INFO 10 dtxk.business.BasicService - LoadAllLEGAL_FORMS method got LEGAL_FORMS with successfully
2014-12-20 15:52:49,532 DEBUG 10 dtxk.business.BasicService - LoadAllLEGAL_FORMS finished
2014-12-20 15:52:55,688 DEBUG 10 dtxk.business.BasicService - LoadAllCADASTRAL_REGION started
2014-12-20 15:52:55,692 DEBUG 10 dtxk.business.BasicService - LoadAllCADASTRAL_REGION try to getting ALL CADASTRAL_REGION 
2014-12-20 15:52:55,815 INFO 10 dtxk.business.BasicService - LoadAllCADASTRAL_REGION method got CADASTRAL_REGION with successfully
2014-12-20 15:52:55,818 DEBUG 10 dtxk.business.BasicService - LoadAllCADASTRAL_REGION finished
2014-12-20 15:53:02,086 DEBUG 10 dtxk.business.BasicService - LoadAllCADASTRAL_REGION started
2014-12-20 15:53:02,091 DEBUG 10 dtxk.business.BasicService - LoadAllCADASTRAL_REGION try to getting ALL CADASTRAL_REGION 
2014-12-20 15:53:02,165 INFO 10 dtxk.business.BasicService - LoadAllCADASTRAL_REGION method got CADASTRAL_REGION with successfully
2014-12-20 15:53:02,169 DEBUG 10 dtxk.business.BasicService - LoadAllCADASTRAL_REGION finished
2014-12-20 15:53:04,720 DEBUG 10 dtxk.business.BasicService - LoadAllMUNICIPALITY started
2014-12-20 15:53:04,724 DEBUG 10 dtxk.business.BasicService - LoadAllMUNICIPALITY try to getting ALL MUNICIPALITY 
2014-12-20 15:53:05,548 INFO 10 dtxk.business.BasicService - LoadAllMUNICIPALITY method got MUNICIPALITY with successfully
2014-12-20 15:53:05,552 DEBUG 10 dtxk.business.BasicService - LoadAllMUNICIPALITY finished
2014-12-20 15:53:07,831 DEBUG 10 dtxk.business.BasicService - LoadAllTERRITORIAL_UNIT started
2014-12-20 15:53:07,834 DEBUG 10 dtxk.business.BasicService - LoadAllTERRITORIAL_UNIT try to getting ALL TERRITORIAL_UNIT 
2014-12-20 15:53:09,677 INFO 10 dtxk.business.BasicService - LoadAllTERRITORIAL_UNIT method got TERRITORIAL_UNIT with successfully
2014-12-20 15:53:09,681 DEBUG 10 dtxk.business.BasicService - LoadAllTERRITORIAL_UNIT finished
2014-12-20 15:53:16,908 DEBUG 10 dtxk.gis.FeatureRelatedClasses.ClsFeatureOperation - GetFeatureObject method started
2014-12-20 15:53:28,289 DEBUG 10 dtxk.gis.FeatureRelatedClasses.ClsFeatureOperation - GetFeatureObject method started
2014-12-20 15:53:28,316 DEBUG 10 dtxk.business.Services.ServiceParcel - FindParcelsByCadastralNo started
2014-12-20 15:53:28,318 DEBUG 10 dtxk.business.Services.ServiceParcel - FindParcelsByCadastralNo try to getting PARCEL by cadastralNo :90900801000017
2014-12-20 15:53:28,327 INFO 10 dtxk.business.Services.ServiceParcel - FindParcelsByCadastralNo method got PARCEL with successfully
2014-12-20 15:53:28,329 DEBUG 10 dtxk.business.Services.ServiceParcel - FindParcelsByCadastralNo finfished
2014-12-20 15:53:31,149 DEBUG 10 dtxk.business.BasicService - LoadAllCADASTRAL_REGION started
2014-12-20 15:53:31,176 DEBUG 10 dtxk.business.BasicService - LoadAllCADASTRAL_REGION try to getting ALL CADASTRAL_REGION 
2014-12-20 15:53:31,241 INFO 10 dtxk.business.BasicService - LoadAllCADASTRAL_REGION method got CADASTRAL_REGION with successfully
2014-12-20 15:53:31,245 DEBUG 10 dtxk.business.BasicService - LoadAllCADASTRAL_REGION finished
2014-12-20 15:53:31,280 DEBUG 10 dtxk.business.BasicService - LoadAllCADASTRAL_REGION started
2014-12-20 15:53:31,282 DEBUG 10 dtxk.business.BasicService - LoadAllCADASTRAL_REGION try to getting ALL CADASTRAL_REGION 
2014-12-20 15:53:31,317 INFO 10 dtxk.business.BasicService - LoadAllCADASTRAL_REGION method got CADASTRAL_REGION with successfully
2014-12-20 15:53:31,319 DEBUG 10 dtxk.business.BasicService - LoadAllCADASTRAL_REGION finished
2014-12-20 15:53:31,353 DEBUG 10 dtxk.business.Services.ServiceStreet - GetTerritorialUnitStreets started
2014-12-20 15:53:31,356 DEBUG 10 dtxk.business.Services.ServiceStreet - GetTerritorialUnitStreets try to getting STREET for TERRITORIAL_UNIT ID : idTU=3721
2014-12-20 15:53:31,360 INFO 10 dtxk.business.Services.ServiceStreet - GetTerritorialUnitStreets method got STREET with successfully
2014-12-20 15:53:31,362 DEBUG 10 dtxk.business.Services.ServiceStreet - GetTerritorialUnitStreets finfished
2014-12-20 15:53:31,570 DEBUG 10 dtxk.cadastre.Windows.Dialogs.Registration.FrmDlgRegLandParcel - Next> CadastreNo Page
2014-12-20 15:53:31,599 DEBUG 10 dtxk.business.BasicService - LoadAllOLD_DOCK_TYPE started
2014-12-20 15:53:31,602 DEBUG 10 dtxk.business.BasicService - LoadAllOLD_DOCK_TYPE try to getting ALL OLD_DOCK_TYPE 
2014-12-20 15:53:31,690 INFO 10 dtxk.business.BasicService - LoadAllOLD_DOCK_TYPE method got OLD_DOCK_TYPE with successfully
2014-12-20 15:53:31,694 DEBUG 10 dtxk.business.BasicService - LoadAllOLD_DOCK_TYPE finished
2014-12-20 15:53:32,910 DEBUG 10 dtxk.business.BasicService - LoadAllPROPERTY_TYPE started
2014-12-20 15:53:32,920 DEBUG 10 dtxk.business.BasicService - LoadAllPROPERTY_TYPE try to getting ALL PROPERTY_TYPE 
2014-12-20 15:53:32,992 INFO 10 dtxk.business.BasicService - LoadAllPROPERTY_TYPE method got PROPERTY_TYPE with successfully
2014-12-20 15:53:32,994 DEBUG 10 dtxk.business.BasicService - LoadAllPROPERTY_TYPE finished
2014-12-20 15:53:33,021 DEBUG 10 dtxk.business.BasicService - LoadAllLAND_CATEGORY started
2014-12-20 15:53:33,023 DEBUG 10 dtxk.business.BasicService - LoadAllLAND_CATEGORY try to getting ALL LAND_CATEGORY 
2014-12-20 15:53:33,086 INFO 10 dtxk.business.BasicService - LoadAllLAND_CATEGORY method got LAND_CATEGORY with successfully
2014-12-20 15:53:33,088 DEBUG 10 dtxk.business.BasicService - LoadAllLAND_CATEGORY finished
2014-12-20 15:53:33,117 DEBUG 10 dtxk.business.BasicService - LoadAllUSING_FORM started
2014-12-20 15:53:33,120 DEBUG 10 dtxk.business.BasicService - LoadAllUSING_FORM try to getting ALL USING_FORM 
2014-12-20 15:53:33,212 INFO 10 dtxk.business.BasicService - LoadAllUSING_FORM method got USING_FORM with successfully
2014-12-20 15:53:33,217 DEBUG 10 dtxk.business.BasicService - LoadAllUSING_FORM finished
2014-12-20 15:53:51,791 DEBUG 10 dtxk.business.BasicService - LoadAllPARCEL_APPOINTMENT started
2014-12-20 15:53:51,794 DEBUG 10 dtxk.business.BasicService - LoadAllPARCEL_APPOINTMENT try to getting ALL PARCEL_APPOINTMENT 
2014-12-20 15:53:51,869 INFO 10 dtxk.business.BasicService - LoadAllPARCEL_APPOINTMENT method got PARCEL_APPOINTMENT with successfully
2014-12-20 15:53:51,873 DEBUG 10 dtxk.business.BasicService - LoadAllPARCEL_APPOINTMENT finished
2014-12-20 15:53:51,906 DEBUG 10 dtxk.business.BasicService - LoadAllUSING_FORM started
2014-12-20 15:53:51,909 DEBUG 10 dtxk.business.BasicService - LoadAllUSING_FORM try to getting ALL USING_FORM 
2014-12-20 15:53:51,924 INFO 10 dtxk.business.BasicService - LoadAllUSING_FORM method got USING_FORM with successfully
2014-12-20 15:53:51,926 DEBUG 10 dtxk.business.BasicService - LoadAllUSING_FORM finished
2014-12-20 15:53:51,939 DEBUG 10 dtxk.business.BasicService - LoadAllPARCEL_APPOINTMENT started
2014-12-20 15:53:51,941 DEBUG 10 dtxk.business.BasicService - LoadAllPARCEL_APPOINTMENT try to getting ALL PARCEL_APPOINTMENT 
2014-12-20 15:53:51,953 INFO 10 dtxk.business.BasicService - LoadAllPARCEL_APPOINTMENT method got PARCEL_APPOINTMENT with successfully
2014-12-20 15:53:51,994 DEBUG 10 dtxk.business.BasicService - LoadAllPARCEL_APPOINTMENT finished
2014-12-20 15:53:52,010 DEBUG 10 dtxk.business.BasicService - LoadAllUSING_FORM started
2014-12-20 15:53:52,013 DEBUG 10 dtxk.business.BasicService - LoadAllUSING_FORM try to getting ALL USING_FORM 
2014-12-20 15:53:52,026 INFO 10 dtxk.business.BasicService - LoadAllUSING_FORM method got USING_FORM with successfully
2014-12-20 15:53:52,028 DEBUG 10 dtxk.business.BasicService - LoadAllUSING_FORM finished
2014-12-20 15:53:52,056 DEBUG 10 dtxk.business.BasicService - LoadAllPARCEL_APPOINTMENT started
2014-12-20 15:53:52,060 DEBUG 10 dtxk.business.BasicService - LoadAllPARCEL_APPOINTMENT try to getting ALL PARCEL_APPOINTMENT 
2014-12-20 15:53:52,072 INFO 10 dtxk.business.BasicService - LoadAllPARCEL_APPOINTMENT method got PARCEL_APPOINTMENT with successfully
2014-12-20 15:53:52,074 DEBUG 10 dtxk.business.BasicService - LoadAllPARCEL_APPOINTMENT finished
2014-12-20 15:53:56,825 DEBUG 10 dtxk.cadastre.Windows.Dialogs.Registration.FrmDlgRegLandParcel - Next> Cadastral Data Page
2014-12-20 15:53:56,942 DEBUG 10 dtxk.business.BasicService - LoadAllCADASTRE_PRICE_ZONE started
2014-12-20 15:53:56,946 DEBUG 10 dtxk.business.BasicService - LoadAllCADASTRE_PRICE_ZONE try to getting ALL CADASTRE_PRICE_ZONE 
2014-12-20 15:53:57,038 INFO 10 dtxk.business.BasicService - LoadAllCADASTRE_PRICE_ZONE method got CADASTRE_PRICE_ZONE with successfully
2014-12-20 15:53:57,041 DEBUG 10 dtxk.business.BasicService - LoadAllCADASTRE_PRICE_ZONE finished
2014-12-20 15:53:57,094 DEBUG 10 dtxk.business.BasicService - LoadAllCADASTRE_PRICE_CORR_COEF started
2014-12-20 15:53:57,097 DEBUG 10 dtxk.business.BasicService - LoadAllCADASTRE_PRICE_CORR_COEF try to getting ALL CADASTRE_PRICE_CORR_COEF 
2014-12-20 15:53:57,243 INFO 10 dtxk.business.BasicService - LoadAllCADASTRE_PRICE_CORR_COEF method got CADASTRE_PRICE_CORR_COEF with successfully
2014-12-20 15:53:57,247 DEBUG 10 dtxk.business.BasicService - LoadAllCADASTRE_PRICE_CORR_COEF finished
2014-12-20 15:54:00,782 DEBUG 10 dtxk.business.BasicService - LoadAllAPP_SETTING started
2014-12-20 15:54:00,795 DEBUG 10 dtxk.business.BasicService - LoadAllAPP_SETTING try to getting ALL APP_SETTING 
2014-12-20 15:54:00,880 INFO 10 dtxk.business.BasicService - LoadAllAPP_SETTING method got APP_SETTING with successfully
2014-12-20 15:54:00,884 DEBUG 10 dtxk.business.BasicService - LoadAllAPP_SETTING finished
2014-12-20 16:07:54,734 INFO 9 dtxk.client.FrmLogIn - Program started
2014-12-20 16:07:55,883 DEBUG 9 dtxk.client.FrmLogIn - FrmLogin constuct finished.
2014-12-20 16:08:15,741 DEBUG 3 dtxk.business.Services.ServiceAppUser - GetAppUser started
2014-12-20 16:08:15,754 DEBUG 3 dtxk.business.Services.ServiceAppUser - GetAppUser username=admin trying to connect
2014-12-20 16:08:20,208 INFO 3 dtxk.business.Services.ServiceAppUser - GetAppUser username(admin) connected
2014-12-20 16:08:20,211 DEBUG 3 dtxk.business.Services.ServiceAppUser - GetAppUser finished
2014-12-20 16:09:19,552 INFO 10 dtxk.client.FrmLogIn - Program started
2014-12-20 16:09:20,181 DEBUG 10 dtxk.client.FrmLogIn - FrmLogin constuct finished.
2014-12-20 16:09:25,432 DEBUG 6 dtxk.business.Services.ServiceAppUser - GetAppUser started
2014-12-20 16:09:25,441 DEBUG 6 dtxk.business.Services.ServiceAppUser - GetAppUser username=admin trying to connect
2014-12-20 16:09:30,000 INFO 6 dtxk.business.Services.ServiceAppUser - GetAppUser username(admin) connected
2014-12-20 16:09:30,003 DEBUG 6 dtxk.business.Services.ServiceAppUser - GetAppUser finished
