2014-04-24 16:39:39,453 INFO 9 dtxk.client.FrmLogIn - Program started
2014-04-24 16:39:40,811 DEBUG 9 dtxk.client.FrmLogIn - FrmLogin constuct finished.
2014-04-24 16:40:08,411 DEBUG 6 dtxk.business.Services.ServiceAppUser - GetAppUser started
2014-04-24 16:40:08,469 DEBUG 6 dtxk.business.Services.ServiceAppUser - GetAppUser username=admin trying to connect
2014-04-24 16:40:27,581 ERROR 6 dtxk.business.Services.ServiceAppUser - GetAppUser exception message=
System.Data.EntityException: The underlying provider failed on Open. ---> Oracle.DataAccess.Client.OracleException: ORA-12154: TNS:could not resolve the connect identifier specified
   at Oracle.DataAccess.Client.OracleException.HandleErrorHelper(Int32 errCode, OracleConnection conn, IntPtr opsErrCtx, OpoSqlValCtx* pOpoSqlValCtx, Object src, String procedure, Boolean bCheck)
   at Oracle.DataAccess.Client.OracleException.HandleError(Int32 errCode, OracleConnection conn, IntPtr opsErrCtx, Object src)
   at Oracle.DataAccess.Client.OracleConnection.Open()
   at System.Data.EntityClient.EntityConnection.OpenStoreConnectionIf(Boolean openCondition, DbConnection storeConnectionToOpen, DbConnection originalConnection, String exceptionCode, String attemptedOperation, Boolean& closeStoreConnectionOnFailure)
   --- End of inner exception stack trace ---
   at System.Data.EntityClient.EntityConnection.OpenStoreConnectionIf(Boolean openCondition, DbConnection storeConnectionToOpen, DbConnection originalConnection, String exceptionCode, String attemptedOperation, Boolean& closeStoreConnectionOnFailure)
   at System.Data.EntityClient.EntityConnection.Open()
   at System.Data.Objects.ObjectContext.EnsureConnection()
   at System.Data.Objects.ObjectQuery`1.GetResults(Nullable`1 forMergeOption)
   at System.Data.Objects.ObjectQuery`1.System.Collections.Generic.IEnumerable<T>.GetEnumerator()
   at System.Linq.Enumerable.FirstOrDefault[TSource](IEnumerable`1 source)
   at System.Data.Objects.ELinq.ObjectQueryProvider.<GetElementFunction>b__1[TResult](IEnumerable`1 sequence)
   at System.Data.Objects.ELinq.ObjectQueryProvider.ExecuteSingle[TResult](IEnumerable`1 query, Expression queryRoot)
   at System.Data.Objects.ELinq.ObjectQueryProvider.System.Linq.IQueryProvider.Execute[S](Expression expression)
   at System.Linq.Queryable.FirstOrDefault[TSource](IQueryable`1 source)
   at dtxk.business.Services.ServiceAppUser.GetAppUser(String userName, String pass, BusinessParam businessParam)
2014-04-24 16:41:03,423 INFO 9 dtxk.client.FrmLogIn - Program started
2014-04-24 16:41:03,976 DEBUG 9 dtxk.client.FrmLogIn - FrmLogin constuct finished.
2014-04-24 16:41:12,932 DEBUG 11 dtxk.business.Services.ServiceAppUser - GetAppUser started
2014-04-24 16:41:12,941 DEBUG 11 dtxk.business.Services.ServiceAppUser - GetAppUser username=admin trying to connect
2014-04-24 16:41:35,806 INFO 9 dtxk.client.FrmLogIn - Program started
2014-04-24 16:41:36,557 DEBUG 9 dtxk.client.FrmLogIn - FrmLogin constuct finished.
2014-04-24 16:41:59,507 DEBUG 6 dtxk.business.Services.ServiceAppUser - GetAppUser started
2014-04-24 16:42:02,051 DEBUG 6 dtxk.business.Services.ServiceAppUser - GetAppUser username=admin trying to connect
2014-04-24 16:42:20,932 INFO 10 dtxk.client.FrmLogIn - Program started
2014-04-24 16:42:21,709 DEBUG 10 dtxk.client.FrmLogIn - FrmLogin constuct finished.
2014-04-24 16:42:32,634 DEBUG 6 dtxk.business.Services.ServiceAppUser - GetAppUser started
2014-04-24 16:42:32,643 DEBUG 6 dtxk.business.Services.ServiceAppUser - GetAppUser username=admin trying to connect
2014-04-24 16:44:55,751 INFO 10 dtxk.client.FrmLogIn - Program started
2014-04-24 16:44:56,223 DEBUG 10 dtxk.client.FrmLogIn - FrmLogin constuct finished.
2014-04-24 16:45:06,473 DEBUG 6 dtxk.business.Services.ServiceAppUser - GetAppUser started
2014-04-24 16:45:06,478 DEBUG 6 dtxk.business.Services.ServiceAppUser - GetAppUser username=admin trying to connect
2014-04-24 16:45:12,125 INFO 6 dtxk.business.Services.ServiceAppUser - GetAppUser username(admin) connected
2014-04-24 16:45:12,127 DEBUG 6 dtxk.business.Services.ServiceAppUser - GetAppUser finished
2014-04-24 16:47:56,660 INFO 1 dtxk.client.FrmLogIn - Program started
2014-04-24 16:47:57,032 DEBUG 1 dtxk.client.FrmLogIn - FrmLogin constuct finished.
2014-04-24 16:48:02,850 DEBUG 4 dtxk.business.Services.ServiceAppUser - GetAppUser started
2014-04-24 16:48:02,857 DEBUG 4 dtxk.business.Services.ServiceAppUser - GetAppUser username=admin trying to connect
2014-04-24 16:48:07,644 INFO 4 dtxk.business.Services.ServiceAppUser - GetAppUser username(admin) connected
2014-04-24 16:48:07,646 DEBUG 4 dtxk.business.Services.ServiceAppUser - GetAppUser finished
2014-04-24 16:48:28,317 DEBUG 1 dtxk.business.BasicService - LoadAllCADASTRAL_ZONE started
2014-04-24 16:48:28,352 DEBUG 1 dtxk.business.BasicService - LoadAllCADASTRAL_ZONE try to getting ALL CADASTRAL_ZONE 
2014-04-24 16:48:28,620 INFO 1 dtxk.business.BasicService - LoadAllCADASTRAL_ZONE method got CADASTRAL_ZONE with successfully
2014-04-24 16:48:28,622 DEBUG 1 dtxk.business.BasicService - LoadAllCADASTRAL_ZONE finished
2014-04-24 16:48:28,670 DEBUG 1 dtxk.business.BasicService - LoadAllLEGAL_FORMS started
2014-04-24 16:48:28,673 DEBUG 1 dtxk.business.BasicService - LoadAllLEGAL_FORMS try to getting ALL LEGAL_FORMS 
2014-04-24 16:48:28,844 INFO 1 dtxk.business.BasicService - LoadAllLEGAL_FORMS method got LEGAL_FORMS with successfully
2014-04-24 16:48:28,848 DEBUG 1 dtxk.business.BasicService - LoadAllLEGAL_FORMS finished
2014-04-24 16:48:46,329 DEBUG 7 dtxk.business.Services.ServiceDocumentedParcel - GetDocumentedParcels started
2014-04-24 16:48:46,333 DEBUG 7 dtxk.business.Services.ServiceDocumentedParcel - GetDocumentedParcels try to getting DOCUMENTED_PARCEL for IdParcel : IdParcel=3583
2014-04-24 16:48:46,343 INFO 7 dtxk.business.Services.ServiceDocumentedParcel - GetDocumentedParcels method got documented parcels with successfully
2014-04-24 16:48:46,344 DEBUG 7 dtxk.business.Services.ServiceDocumentedParcel - GetDocumentedParcels finfished
2014-04-24 16:48:52,513 DEBUG 1 dtxk.gis.FeatureRelatedClasses.ClsFeatureOperation - GetFeatureObject method started
2014-04-24 16:48:56,522 DEBUG 1 dtxk.gis.FeatureRelatedClasses.ClsFeatureOperation - GetFeatureObject method started
2014-04-24 16:48:56,530 DEBUG 1 dtxk.business.Services.ServiceParcel - FindParcelsByCadastralNo started
2014-04-24 16:48:56,532 DEBUG 1 dtxk.business.Services.ServiceParcel - FindParcelsByCadastralNo try to getting PARCEL by cadastralNo :00100102000001
2014-04-24 16:48:56,539 INFO 1 dtxk.business.Services.ServiceParcel - FindParcelsByCadastralNo method got PARCEL with successfully
2014-04-24 16:48:56,540 DEBUG 1 dtxk.business.Services.ServiceParcel - FindParcelsByCadastralNo finfished
2014-04-24 16:48:57,419 DEBUG 1 dtxk.business.BasicService - LoadAllDOCUMENT started
2014-04-24 16:48:57,423 DEBUG 1 dtxk.business.BasicService - LoadAllDOCUMENT try to getting ALL DOCUMENT 
2014-04-24 16:48:57,801 INFO 1 dtxk.business.BasicService - LoadAllDOCUMENT method got DOCUMENT with successfully
2014-04-24 16:48:57,803 DEBUG 1 dtxk.business.BasicService - LoadAllDOCUMENT finished
2014-04-24 16:49:10,864 DEBUG 1 dtxk.business.BasicService - SaveDOCUMENTED_PARCEL started
2014-04-24 16:49:10,870 DEBUG 1 dtxk.business.BasicService - SaveDOCUMENTED_PARCEL try to save DOCUMENTED_PARCEL
2014-04-24 16:49:13,095 INFO 1 dtxk.business.BasicService - SaveDOCUMENTED_PARCEL method saved DOCUMENTED_PARCEL with successfully
2014-04-24 16:49:13,098 DEBUG 1 dtxk.business.BasicService - SaveDOCUMENTED_PARCEL finished
2014-04-24 16:49:43,529 DEBUG 9 dtxk.business.Services.ServiceDocumentedParcel - GetDocumentedParcels started
2014-04-24 16:49:43,532 DEBUG 9 dtxk.business.Services.ServiceDocumentedParcel - GetDocumentedParcels try to getting DOCUMENTED_PARCEL for IdParcel : IdParcel=3583
2014-04-24 16:49:43,537 INFO 9 dtxk.business.Services.ServiceDocumentedParcel - GetDocumentedParcels method got documented parcels with successfully
2014-04-24 16:49:43,538 DEBUG 9 dtxk.business.Services.ServiceDocumentedParcel - GetDocumentedParcels finfished
2014-04-24 16:49:46,395 DEBUG 10 dtxk.business.Services.ServiceDocumentedParcel - GetDocumentedParcels started
2014-04-24 16:49:46,397 DEBUG 10 dtxk.business.Services.ServiceDocumentedParcel - GetDocumentedParcels try to getting DOCUMENTED_PARCEL for IdParcel : IdParcel=3583
2014-04-24 16:49:46,403 INFO 10 dtxk.business.Services.ServiceDocumentedParcel - GetDocumentedParcels method got documented parcels with successfully
2014-04-24 16:49:46,405 DEBUG 10 dtxk.business.Services.ServiceDocumentedParcel - GetDocumentedParcels finfished
2014-04-24 16:49:47,616 DEBUG 1 dtxk.business.BasicService - GetDOCUMENTED_PARCELById started
2014-04-24 16:49:47,620 DEBUG 1 dtxk.business.BasicService - GetDOCUMENTED_PARCELById try to get DOCUMENTED_PARCEL for Id. idDOCUMENTED_PARCEL=1
2014-04-24 16:49:47,806 DEBUG 1 dtxk.business.BasicService - GetDOCUMENTED_PARCELById finished
2014-04-24 16:49:54,689 DEBUG 1 dtxk.business.BasicService - GetDOCUMENTED_PARCELById started
2014-04-24 16:49:54,692 DEBUG 1 dtxk.business.BasicService - GetDOCUMENTED_PARCELById try to get DOCUMENTED_PARCEL for Id. idDOCUMENTED_PARCEL=1
2014-04-24 16:49:54,726 DEBUG 1 dtxk.business.BasicService - GetDOCUMENTED_PARCELById finished
2014-04-24 16:50:12,788 DEBUG 1 dtxk.gis.FeatureRelatedClasses.ClsFeatureOperation - GetFeatureObject method started
2014-04-24 16:50:12,791 DEBUG 1 dtxk.business.Services.ServiceParcel - FindParcelsByCadastralNo started
2014-04-24 16:50:12,792 DEBUG 1 dtxk.business.Services.ServiceParcel - FindParcelsByCadastralNo try to getting PARCEL by cadastralNo :00100102000001
2014-04-24 16:50:12,792 INFO 1 dtxk.business.Services.ServiceParcel - FindParcelsByCadastralNo method got PARCEL with successfully
2014-04-24 16:50:12,793 DEBUG 1 dtxk.business.Services.ServiceParcel - FindParcelsByCadastralNo finfished
2014-04-24 16:50:12,833 DEBUG 1 dtxk.business.BasicService - LoadAllDOCUMENT started
2014-04-24 16:50:12,834 DEBUG 1 dtxk.business.BasicService - LoadAllDOCUMENT try to getting ALL DOCUMENT 
2014-04-24 16:50:12,923 INFO 1 dtxk.business.BasicService - LoadAllDOCUMENT method got DOCUMENT with successfully
2014-04-24 16:50:12,925 DEBUG 1 dtxk.business.BasicService - LoadAllDOCUMENT finished
2014-04-24 16:50:37,437 DEBUG 1 dtxk.gis.FeatureRelatedClasses.ClsFeatureOperation - GetFeatureObject method started
2014-04-24 16:50:37,441 DEBUG 1 dtxk.business.Services.ServiceParcel - FindParcelsByCadastralNo started
2014-04-24 16:50:37,442 DEBUG 1 dtxk.business.Services.ServiceParcel - FindParcelsByCadastralNo try to getting PARCEL by cadastralNo :00100102000001
2014-04-24 16:50:37,444 INFO 1 dtxk.business.Services.ServiceParcel - FindParcelsByCadastralNo method got PARCEL with successfully
2014-04-24 16:50:37,446 DEBUG 1 dtxk.business.Services.ServiceParcel - FindParcelsByCadastralNo finfished
2014-04-24 16:50:37,470 DEBUG 1 dtxk.business.BasicService - LoadAllDOCUMENT started
2014-04-24 16:50:37,472 DEBUG 1 dtxk.business.BasicService - LoadAllDOCUMENT try to getting ALL DOCUMENT 
2014-04-24 16:50:37,604 INFO 1 dtxk.business.BasicService - LoadAllDOCUMENT method got DOCUMENT with successfully
2014-04-24 16:50:37,606 DEBUG 1 dtxk.business.BasicService - LoadAllDOCUMENT finished
2014-04-24 16:51:24,858 DEBUG 1 dtxk.gis.FeatureRelatedClasses.ClsFeatureOperation - GetFeatureObject method started
2014-04-24 16:51:24,862 DEBUG 1 dtxk.business.Services.ServiceParcel - FindParcelsByCadastralNo started
2014-04-24 16:51:24,863 DEBUG 1 dtxk.business.Services.ServiceParcel - FindParcelsByCadastralNo try to getting PARCEL by cadastralNo :00100102000001
2014-04-24 16:51:24,865 INFO 1 dtxk.business.Services.ServiceParcel - FindParcelsByCadastralNo method got PARCEL with successfully
2014-04-24 16:51:24,866 DEBUG 1 dtxk.business.Services.ServiceParcel - FindParcelsByCadastralNo finfished
2014-04-24 16:51:24,890 DEBUG 1 dtxk.business.BasicService - LoadAllDOCUMENT started
2014-04-24 16:51:24,892 DEBUG 1 dtxk.business.BasicService - LoadAllDOCUMENT try to getting ALL DOCUMENT 
2014-04-24 16:51:25,031 INFO 1 dtxk.business.BasicService - LoadAllDOCUMENT method got DOCUMENT with successfully
2014-04-24 16:51:25,034 DEBUG 1 dtxk.business.BasicService - LoadAllDOCUMENT finished
2014-04-24 16:53:15,921 DEBUG 1 dtxk.gis.FeatureRelatedClasses.ClsFeatureOperation - GetFeatureObject method started
2014-04-24 16:53:21,181 DEBUG 1 dtxk.business.BasicService - LoadAllCADASTRAL_REGION started
2014-04-24 16:53:21,184 DEBUG 1 dtxk.business.BasicService - LoadAllCADASTRAL_REGION try to getting ALL CADASTRAL_REGION 
2014-04-24 16:53:21,380 INFO 1 dtxk.business.BasicService - LoadAllCADASTRAL_REGION method got CADASTRAL_REGION with successfully
2014-04-24 16:53:21,382 DEBUG 1 dtxk.business.BasicService - LoadAllCADASTRAL_REGION finished
2014-04-24 16:53:22,699 DEBUG 1 dtxk.business.BasicService - LoadAllMUNICIPALITY started
2014-04-24 16:53:22,702 DEBUG 1 dtxk.business.BasicService - LoadAllMUNICIPALITY try to getting ALL MUNICIPALITY 
2014-04-24 16:53:23,572 INFO 1 dtxk.business.BasicService - LoadAllMUNICIPALITY method got MUNICIPALITY with successfully
2014-04-24 16:53:23,575 DEBUG 1 dtxk.business.BasicService - LoadAllMUNICIPALITY finished
2014-04-24 16:53:23,819 DEBUG 1 dtxk.gis.FeatureRelatedClasses.ClsFeatureOperation - GetFeatureObject method started
2014-04-24 16:53:23,968 DEBUG 1 dtxk.gis.FeatureRelatedClasses.ClsFeatureOperation - GetFeatureObject method started
2014-04-24 16:53:24,075 DEBUG 1 dtxk.gis.FeatureRelatedClasses.ClsFeatureOperation - GetFeatureObject method started
2014-04-24 16:53:24,182 DEBUG 1 dtxk.gis.FeatureRelatedClasses.ClsFeatureOperation - GetFeatureObject method started
2014-04-24 16:53:24,385 DEBUG 1 dtxk.gis.FeatureRelatedClasses.ClsFeatureOperation - GetFeatureObject method started
2014-04-24 16:53:24,489 DEBUG 1 dtxk.gis.FeatureRelatedClasses.ClsFeatureOperation - GetFeatureObject method started
2014-04-24 16:53:24,592 DEBUG 1 dtxk.gis.FeatureRelatedClasses.ClsFeatureOperation - GetFeatureObject method started
2014-04-24 16:53:24,827 DEBUG 1 dtxk.gis.FeatureRelatedClasses.ClsFeatureOperation - GetFeatureObject method started
2014-04-24 16:53:24,934 DEBUG 1 dtxk.gis.FeatureRelatedClasses.ClsFeatureOperation - GetFeatureObject method started
2014-04-24 16:53:25,040 DEBUG 1 dtxk.gis.FeatureRelatedClasses.ClsFeatureOperation - GetFeatureObject method started
2014-04-24 16:53:25,350 DEBUG 1 dtxk.gis.FeatureRelatedClasses.ClsFeatureOperation - GetFeatureObject method started
2014-04-24 16:53:25,479 DEBUG 1 dtxk.gis.FeatureRelatedClasses.ClsFeatureOperation - GetFeatureObject method started
2014-04-24 16:53:25,579 DEBUG 1 dtxk.gis.FeatureRelatedClasses.ClsFeatureOperation - GetFeatureObject method started
2014-04-24 16:53:25,879 DEBUG 1 dtxk.gis.FeatureRelatedClasses.ClsFeatureOperation - GetFeatureObject method started
2014-04-24 16:53:25,997 DEBUG 1 dtxk.gis.FeatureRelatedClasses.ClsFeatureOperation - GetFeatureObject method started
2014-04-24 16:53:26,107 DEBUG 1 dtxk.gis.FeatureRelatedClasses.ClsFeatureOperation - GetFeatureObject method started
2014-04-24 16:53:26,433 DEBUG 1 dtxk.gis.FeatureRelatedClasses.ClsFeatureOperation - GetFeatureObject method started
2014-04-24 16:53:26,542 DEBUG 1 dtxk.gis.FeatureRelatedClasses.ClsFeatureOperation - GetFeatureObject method started
2014-04-24 16:53:26,644 DEBUG 1 dtxk.gis.FeatureRelatedClasses.ClsFeatureOperation - GetFeatureObject method started
2014-04-24 16:53:26,960 DEBUG 1 dtxk.gis.FeatureRelatedClasses.ClsFeatureOperation - GetFeatureObject method started
2014-04-24 16:53:27,068 DEBUG 1 dtxk.gis.FeatureRelatedClasses.ClsFeatureOperation - GetFeatureObject method started
2014-04-24 16:53:27,170 DEBUG 1 dtxk.gis.FeatureRelatedClasses.ClsFeatureOperation - GetFeatureObject method started
2014-04-24 16:53:27,465 DEBUG 1 dtxk.gis.FeatureRelatedClasses.ClsFeatureOperation - GetFeatureObject method started
2014-04-24 16:53:27,574 DEBUG 1 dtxk.gis.FeatureRelatedClasses.ClsFeatureOperation - GetFeatureObject method started
2014-04-24 16:53:27,679 DEBUG 1 dtxk.gis.FeatureRelatedClasses.ClsFeatureOperation - GetFeatureObject method started
2014-04-24 16:53:27,974 DEBUG 1 dtxk.gis.FeatureRelatedClasses.ClsFeatureOperation - GetFeatureObject method started
2014-04-24 16:53:28,085 DEBUG 1 dtxk.gis.FeatureRelatedClasses.ClsFeatureOperation - GetFeatureObject method started
2014-04-24 16:53:28,189 DEBUG 1 dtxk.gis.FeatureRelatedClasses.ClsFeatureOperation - GetFeatureObject method started
2014-04-24 16:53:28,503 DEBUG 1 dtxk.gis.FeatureRelatedClasses.ClsFeatureOperation - GetFeatureObject method started
2014-04-24 16:53:28,613 DEBUG 1 dtxk.gis.FeatureRelatedClasses.ClsFeatureOperation - GetFeatureObject method started
2014-04-24 16:53:28,718 DEBUG 1 dtxk.gis.FeatureRelatedClasses.ClsFeatureOperation - GetFeatureObject method started
2014-04-24 16:53:29,014 DEBUG 1 dtxk.gis.FeatureRelatedClasses.ClsFeatureOperation - GetFeatureObject method started
2014-04-24 16:53:29,122 DEBUG 1 dtxk.gis.FeatureRelatedClasses.ClsFeatureOperation - GetFeatureObject method started
2014-04-24 16:53:29,225 DEBUG 1 dtxk.gis.FeatureRelatedClasses.ClsFeatureOperation - GetFeatureObject method started
2014-04-24 16:53:29,540 DEBUG 1 dtxk.gis.FeatureRelatedClasses.ClsFeatureOperation - GetFeatureObject method started
2014-04-24 16:53:29,650 DEBUG 1 dtxk.gis.FeatureRelatedClasses.ClsFeatureOperation - GetFeatureObject method started
2014-04-24 16:53:29,756 DEBUG 1 dtxk.gis.FeatureRelatedClasses.ClsFeatureOperation - GetFeatureObject method started
2014-04-24 16:53:30,052 DEBUG 1 dtxk.gis.FeatureRelatedClasses.ClsFeatureOperation - GetFeatureObject method started
2014-04-24 16:53:30,162 DEBUG 1 dtxk.gis.FeatureRelatedClasses.ClsFeatureOperation - GetFeatureObject method started
2014-04-24 16:53:30,271 DEBUG 1 dtxk.gis.FeatureRelatedClasses.ClsFeatureOperation - GetFeatureObject method started
2014-04-24 16:53:30,574 DEBUG 1 dtxk.gis.FeatureRelatedClasses.ClsFeatureOperation - GetFeatureObject method started
2014-04-24 16:53:31,335 DEBUG 1 dtxk.gis.FeatureRelatedClasses.ClsFeatureOperation - GetFeatureObject method started
2014-04-24 16:53:31,356 DEBUG 1 dtxk.gis.FeatureRelatedClasses.ClsFeatureOperation - GetFeatureObject method started
2014-04-24 16:53:31,377 DEBUG 1 dtxk.gis.FeatureRelatedClasses.ClsFeatureOperation - GetFeatureObject method started
2014-04-24 16:53:31,408 DEBUG 1 dtxk.gis.FeatureRelatedClasses.ClsFeatureOperation - GetFeatureObject method started
2014-04-24 16:53:31,426 DEBUG 1 dtxk.gis.FeatureRelatedClasses.ClsFeatureOperation - GetFeatureObject method started
2014-04-24 16:53:31,444 DEBUG 1 dtxk.gis.FeatureRelatedClasses.ClsFeatureOperation - GetFeatureObject method started
2014-04-24 16:53:31,660 DEBUG 1 dtxk.gis.FeatureRelatedClasses.ClsFeatureOperation - GetFeatureObject method started
2014-04-24 16:53:31,677 DEBUG 1 dtxk.gis.FeatureRelatedClasses.ClsFeatureOperation - GetFeatureObject method started
2014-04-24 16:53:31,694 DEBUG 1 dtxk.gis.FeatureRelatedClasses.ClsFeatureOperation - GetFeatureObject method started
2014-04-24 16:53:31,722 DEBUG 1 dtxk.gis.FeatureRelatedClasses.ClsFeatureOperation - GetFeatureObject method started
2014-04-24 16:53:31,739 DEBUG 1 dtxk.gis.FeatureRelatedClasses.ClsFeatureOperation - GetFeatureObject method started
2014-04-24 16:53:31,755 DEBUG 1 dtxk.gis.FeatureRelatedClasses.ClsFeatureOperation - GetFeatureObject method started
2014-04-24 16:53:31,780 DEBUG 1 dtxk.gis.FeatureRelatedClasses.ClsFeatureOperation - GetFeatureObject method started
2014-04-24 16:53:31,797 DEBUG 1 dtxk.gis.FeatureRelatedClasses.ClsFeatureOperation - GetFeatureObject method started
2014-04-24 16:53:31,813 DEBUG 1 dtxk.gis.FeatureRelatedClasses.ClsFeatureOperation - GetFeatureObject method started
2014-04-24 16:53:31,842 DEBUG 1 dtxk.gis.FeatureRelatedClasses.ClsFeatureOperation - GetFeatureObject method started
2014-04-24 16:53:31,859 DEBUG 1 dtxk.gis.FeatureRelatedClasses.ClsFeatureOperation - GetFeatureObject method started
2014-04-24 16:53:31,875 DEBUG 1 dtxk.gis.FeatureRelatedClasses.ClsFeatureOperation - GetFeatureObject method started
2014-04-24 16:53:31,900 DEBUG 1 dtxk.gis.FeatureRelatedClasses.ClsFeatureOperation - GetFeatureObject method started
2014-04-24 16:53:31,916 DEBUG 1 dtxk.gis.FeatureRelatedClasses.ClsFeatureOperation - GetFeatureObject method started
2014-04-24 16:53:31,933 DEBUG 1 dtxk.gis.FeatureRelatedClasses.ClsFeatureOperation - GetFeatureObject method started
2014-04-24 16:53:31,958 DEBUG 1 dtxk.gis.FeatureRelatedClasses.ClsFeatureOperation - GetFeatureObject method started
2014-04-24 16:53:31,974 DEBUG 1 dtxk.gis.FeatureRelatedClasses.ClsFeatureOperation - GetFeatureObject method started
2014-04-24 16:53:31,992 DEBUG 1 dtxk.gis.FeatureRelatedClasses.ClsFeatureOperation - GetFeatureObject method started
2014-04-24 16:53:32,020 DEBUG 1 dtxk.gis.FeatureRelatedClasses.ClsFeatureOperation - GetFeatureObject method started
2014-04-24 16:53:32,037 DEBUG 1 dtxk.gis.FeatureRelatedClasses.ClsFeatureOperation - GetFeatureObject method started
2014-04-24 16:53:32,054 DEBUG 1 dtxk.gis.FeatureRelatedClasses.ClsFeatureOperation - GetFeatureObject method started
2014-04-24 16:53:32,078 DEBUG 1 dtxk.gis.FeatureRelatedClasses.ClsFeatureOperation - GetFeatureObject method started
2014-04-24 16:53:32,095 DEBUG 1 dtxk.gis.FeatureRelatedClasses.ClsFeatureOperation - GetFeatureObject method started
2014-04-24 16:53:32,111 DEBUG 1 dtxk.gis.FeatureRelatedClasses.ClsFeatureOperation - GetFeatureObject method started
2014-04-24 16:53:32,140 DEBUG 1 dtxk.gis.FeatureRelatedClasses.ClsFeatureOperation - GetFeatureObject method started
2014-04-24 16:53:32,156 DEBUG 1 dtxk.gis.FeatureRelatedClasses.ClsFeatureOperation - GetFeatureObject method started
2014-04-24 16:53:32,173 DEBUG 1 dtxk.gis.FeatureRelatedClasses.ClsFeatureOperation - GetFeatureObject method started
2014-04-24 16:53:32,198 DEBUG 1 dtxk.gis.FeatureRelatedClasses.ClsFeatureOperation - GetFeatureObject method started
2014-04-24 16:53:32,215 DEBUG 1 dtxk.gis.FeatureRelatedClasses.ClsFeatureOperation - GetFeatureObject method started
2014-04-24 16:53:32,231 DEBUG 1 dtxk.gis.FeatureRelatedClasses.ClsFeatureOperation - GetFeatureObject method started
2014-04-24 16:53:32,255 DEBUG 1 dtxk.gis.FeatureRelatedClasses.ClsFeatureOperation - GetFeatureObject method started
2014-04-24 16:53:32,273 DEBUG 1 dtxk.gis.FeatureRelatedClasses.ClsFeatureOperation - GetFeatureObject method started
2014-04-24 16:53:32,290 DEBUG 1 dtxk.gis.FeatureRelatedClasses.ClsFeatureOperation - GetFeatureObject method started
2014-04-24 16:53:32,317 DEBUG 1 dtxk.gis.FeatureRelatedClasses.ClsFeatureOperation - GetFeatureObject method started
2014-04-24 16:53:32,334 DEBUG 1 dtxk.gis.FeatureRelatedClasses.ClsFeatureOperation - GetFeatureObject method started
2014-04-24 16:53:46,178 INFO 1 dtxk.client.FrmLogIn - Program started
2014-04-24 16:53:46,554 DEBUG 1 dtxk.client.FrmLogIn - FrmLogin constuct finished.
2014-04-24 16:53:52,894 DEBUG 4 dtxk.business.Services.ServiceAppUser - GetAppUser started
2014-04-24 16:53:52,903 DEBUG 4 dtxk.business.Services.ServiceAppUser - GetAppUser username=admin trying to connect
2014-04-24 16:53:57,211 INFO 4 dtxk.business.Services.ServiceAppUser - GetAppUser username(admin) connected
2014-04-24 16:53:57,213 DEBUG 4 dtxk.business.Services.ServiceAppUser - GetAppUser finished
2014-04-24 16:54:14,989 DEBUG 1 dtxk.business.BasicService - LoadAllCADASTRAL_ZONE started
2014-04-24 16:54:15,001 DEBUG 1 dtxk.business.BasicService - LoadAllCADASTRAL_ZONE try to getting ALL CADASTRAL_ZONE 
2014-04-24 16:54:15,075 INFO 1 dtxk.business.BasicService - LoadAllCADASTRAL_ZONE method got CADASTRAL_ZONE with successfully
2014-04-24 16:54:15,078 DEBUG 1 dtxk.business.BasicService - LoadAllCADASTRAL_ZONE finished
2014-04-24 16:54:15,101 DEBUG 1 dtxk.business.BasicService - LoadAllLEGAL_FORMS started
2014-04-24 16:54:15,102 DEBUG 1 dtxk.business.BasicService - LoadAllLEGAL_FORMS try to getting ALL LEGAL_FORMS 
2014-04-24 16:54:15,139 INFO 1 dtxk.business.BasicService - LoadAllLEGAL_FORMS method got LEGAL_FORMS with successfully
2014-04-24 16:54:15,140 DEBUG 1 dtxk.business.BasicService - LoadAllLEGAL_FORMS finished
2014-04-24 16:54:21,433 DEBUG 1 dtxk.business.BasicService - LoadAllCADASTRAL_REGION started
2014-04-24 16:54:21,437 DEBUG 1 dtxk.business.BasicService - LoadAllCADASTRAL_REGION try to getting ALL CADASTRAL_REGION 
2014-04-24 16:54:21,553 INFO 1 dtxk.business.BasicService - LoadAllCADASTRAL_REGION method got CADASTRAL_REGION with successfully
2014-04-24 16:54:21,555 DEBUG 1 dtxk.business.BasicService - LoadAllCADASTRAL_REGION finished
2014-04-24 16:54:26,431 DEBUG 1 dtxk.business.BasicService - LoadAllMUNICIPALITY started
2014-04-24 16:54:26,434 DEBUG 1 dtxk.business.BasicService - LoadAllMUNICIPALITY try to getting ALL MUNICIPALITY 
2014-04-24 16:54:27,183 INFO 1 dtxk.business.BasicService - LoadAllMUNICIPALITY method got MUNICIPALITY with successfully
2014-04-24 16:54:27,186 DEBUG 1 dtxk.business.BasicService - LoadAllMUNICIPALITY finished
2014-04-24 16:54:29,754 DEBUG 1 dtxk.gis.FeatureRelatedClasses.ClsFeatureOperation - GetFeatureObject method started
2014-04-24 16:54:46,850 DEBUG 1 dtxk.gis.FeatureRelatedClasses.ClsFeatureOperation - GetFeatureObject method started
2014-04-24 16:54:46,858 DEBUG 1 dtxk.business.Services.ServiceParcel - FindParcelsByCadastralNo started
2014-04-24 16:54:46,865 DEBUG 1 dtxk.business.Services.ServiceParcel - FindParcelsByCadastralNo try to getting PARCEL by cadastralNo :30800201000001
2014-04-24 16:54:46,872 INFO 1 dtxk.business.Services.ServiceParcel - FindParcelsByCadastralNo method got PARCEL with successfully
2014-04-24 16:54:46,873 DEBUG 1 dtxk.business.Services.ServiceParcel - FindParcelsByCadastralNo finfished
2014-04-24 16:54:47,290 DEBUG 1 dtxk.business.BasicService - LoadAllDOCUMENT started
2014-04-24 16:54:47,305 DEBUG 1 dtxk.business.BasicService - LoadAllDOCUMENT try to getting ALL DOCUMENT 
2014-04-24 16:54:47,577 INFO 1 dtxk.business.BasicService - LoadAllDOCUMENT method got DOCUMENT with successfully
2014-04-24 16:54:47,580 DEBUG 1 dtxk.business.BasicService - LoadAllDOCUMENT finished
2014-04-24 16:58:11,688 INFO 1 dtxk.client.FrmLogIn - Program started
2014-04-24 16:58:12,062 DEBUG 1 dtxk.client.FrmLogIn - FrmLogin constuct finished.
2014-04-24 16:58:25,423 DEBUG 4 dtxk.business.Services.ServiceAppUser - GetAppUser started
2014-04-24 16:58:25,431 DEBUG 4 dtxk.business.Services.ServiceAppUser - GetAppUser username=admin trying to connect
2014-04-24 16:58:29,989 INFO 4 dtxk.business.Services.ServiceAppUser - GetAppUser username(admin) connected
2014-04-24 16:58:29,991 DEBUG 4 dtxk.business.Services.ServiceAppUser - GetAppUser finished
2014-04-24 16:58:42,539 DEBUG 1 dtxk.business.BasicService - LoadAllCADASTRAL_ZONE started
2014-04-24 16:58:42,551 DEBUG 1 dtxk.business.BasicService - LoadAllCADASTRAL_ZONE try to getting ALL CADASTRAL_ZONE 
2014-04-24 16:58:42,620 INFO 1 dtxk.business.BasicService - LoadAllCADASTRAL_ZONE method got CADASTRAL_ZONE with successfully
2014-04-24 16:58:42,622 DEBUG 1 dtxk.business.BasicService - LoadAllCADASTRAL_ZONE finished
2014-04-24 16:58:42,643 DEBUG 1 dtxk.business.BasicService - LoadAllLEGAL_FORMS started
2014-04-24 16:58:42,645 DEBUG 1 dtxk.business.BasicService - LoadAllLEGAL_FORMS try to getting ALL LEGAL_FORMS 
2014-04-24 16:58:42,679 INFO 1 dtxk.business.BasicService - LoadAllLEGAL_FORMS method got LEGAL_FORMS with successfully
2014-04-24 16:58:42,680 DEBUG 1 dtxk.business.BasicService - LoadAllLEGAL_FORMS finished
2014-04-24 16:58:48,969 DEBUG 1 dtxk.gis.FeatureRelatedClasses.ClsFeatureOperation - GetFeatureObject method started
2014-04-24 16:58:57,191 DEBUG 1 dtxk.gis.FeatureRelatedClasses.ClsFeatureOperation - GetFeatureObject method started
2014-04-24 16:58:57,199 DEBUG 1 dtxk.business.Services.ServiceParcel - FindParcelsByCadastralNo started
2014-04-24 16:58:57,201 DEBUG 1 dtxk.business.Services.ServiceParcel - FindParcelsByCadastralNo try to getting PARCEL by cadastralNo :30500101000002
2014-04-24 16:58:57,208 INFO 1 dtxk.business.Services.ServiceParcel - FindParcelsByCadastralNo method got PARCEL with successfully
2014-04-24 16:58:57,209 DEBUG 1 dtxk.business.Services.ServiceParcel - FindParcelsByCadastralNo finfished
2014-04-24 16:58:57,287 DEBUG 1 dtxk.business.BasicService - LoadAllAPP_SETTING started
2014-04-24 16:58:57,292 DEBUG 1 dtxk.business.BasicService - LoadAllAPP_SETTING try to getting ALL APP_SETTING 
2014-04-24 16:58:57,464 INFO 1 dtxk.business.BasicService - LoadAllAPP_SETTING method got APP_SETTING with successfully
2014-04-24 16:58:57,466 DEBUG 1 dtxk.business.BasicService - LoadAllAPP_SETTING finished
2014-04-24 16:58:57,811 DEBUG 1 dtxk.business.BasicService - LoadAllDOCUMENT started
2014-04-24 16:58:57,814 DEBUG 1 dtxk.business.BasicService - LoadAllDOCUMENT try to getting ALL DOCUMENT 
2014-04-24 16:58:58,111 INFO 1 dtxk.business.BasicService - LoadAllDOCUMENT method got DOCUMENT with successfully
2014-04-24 16:58:58,113 DEBUG 1 dtxk.business.BasicService - LoadAllDOCUMENT finished
2014-04-24 16:59:25,819 DEBUG 1 dtxk.business.BasicService - SaveDOCUMENTED_PARCEL started
2014-04-24 16:59:25,824 DEBUG 1 dtxk.business.BasicService - SaveDOCUMENTED_PARCEL try to save DOCUMENTED_PARCEL
2014-04-24 16:59:27,215 INFO 1 dtxk.business.BasicService - SaveDOCUMENTED_PARCEL method saved DOCUMENTED_PARCEL with successfully
2014-04-24 16:59:27,218 DEBUG 1 dtxk.business.BasicService - SaveDOCUMENTED_PARCEL finished
2014-04-24 16:59:33,783 DEBUG 7 dtxk.business.Services.ServiceDocumentedParcel - GetDocumentedParcels started
2014-04-24 16:59:33,786 DEBUG 7 dtxk.business.Services.ServiceDocumentedParcel - GetDocumentedParcels try to getting DOCUMENTED_PARCEL for IdParcel : IdParcel=2
2014-04-24 16:59:33,828 INFO 7 dtxk.business.Services.ServiceDocumentedParcel - GetDocumentedParcels method got documented parcels with successfully
2014-04-24 16:59:33,830 DEBUG 7 dtxk.business.Services.ServiceDocumentedParcel - GetDocumentedParcels finfished
2014-04-24 16:59:36,335 DEBUG 1 dtxk.business.BasicService - GetDOCUMENTED_PARCELById started
2014-04-24 16:59:36,339 DEBUG 1 dtxk.business.BasicService - GetDOCUMENTED_PARCELById try to get DOCUMENTED_PARCEL for Id. idDOCUMENTED_PARCEL=2
2014-04-24 16:59:36,486 DEBUG 1 dtxk.business.BasicService - GetDOCUMENTED_PARCELById finished
2014-04-24 16:59:36,951 DEBUG 1 dtxk.business.BasicService - GetDOCUMENTED_PARCELById started
2014-04-24 16:59:36,953 DEBUG 1 dtxk.business.BasicService - GetDOCUMENTED_PARCELById try to get DOCUMENTED_PARCEL for Id. idDOCUMENTED_PARCEL=2
2014-04-24 16:59:36,985 DEBUG 1 dtxk.business.BasicService - GetDOCUMENTED_PARCELById finished
2014-04-24 16:59:37,256 DEBUG 1 dtxk.business.BasicService - GetDOCUMENTED_PARCELById started
2014-04-24 16:59:37,309 DEBUG 1 dtxk.business.BasicService - GetDOCUMENTED_PARCELById try to get DOCUMENTED_PARCEL for Id. idDOCUMENTED_PARCEL=2
2014-04-24 16:59:37,344 DEBUG 1 dtxk.business.BasicService - GetDOCUMENTED_PARCELById finished
2014-04-24 16:59:37,414 DEBUG 1 dtxk.business.BasicService - GetDOCUMENTED_PARCELById started
2014-04-24 16:59:37,417 DEBUG 1 dtxk.business.BasicService - GetDOCUMENTED_PARCELById try to get DOCUMENTED_PARCEL for Id. idDOCUMENTED_PARCEL=2
2014-04-24 16:59:37,436 DEBUG 1 dtxk.business.BasicService - GetDOCUMENTED_PARCELById finished
2014-04-24 16:59:37,572 DEBUG 1 dtxk.business.BasicService - GetDOCUMENTED_PARCELById started
2014-04-24 16:59:37,575 DEBUG 1 dtxk.business.BasicService - GetDOCUMENTED_PARCELById try to get DOCUMENTED_PARCEL for Id. idDOCUMENTED_PARCEL=2
2014-04-24 16:59:37,602 DEBUG 1 dtxk.business.BasicService - GetDOCUMENTED_PARCELById finished
2014-04-24 16:59:37,740 DEBUG 1 dtxk.business.BasicService - GetDOCUMENTED_PARCELById started
2014-04-24 16:59:37,742 DEBUG 1 dtxk.business.BasicService - GetDOCUMENTED_PARCELById try to get DOCUMENTED_PARCEL for Id. idDOCUMENTED_PARCEL=2
2014-04-24 16:59:37,762 DEBUG 1 dtxk.business.BasicService - GetDOCUMENTED_PARCELById finished
2014-04-24 16:59:37,927 DEBUG 1 dtxk.business.BasicService - GetDOCUMENTED_PARCELById started
2014-04-24 16:59:37,930 DEBUG 1 dtxk.business.BasicService - GetDOCUMENTED_PARCELById try to get DOCUMENTED_PARCEL for Id. idDOCUMENTED_PARCEL=2
2014-04-24 16:59:37,955 DEBUG 1 dtxk.business.BasicService - GetDOCUMENTED_PARCELById finished
2014-04-24 17:00:54,972 DEBUG 1 dtxk.business.Services.ServiceParcel - FindParcelsByCadastralNo started
2014-04-24 17:00:54,977 DEBUG 1 dtxk.business.Services.ServiceParcel - FindParcelsByCadastralNo try to getting PARCEL by cadastralNo :30500101000021
2014-04-24 17:00:54,983 INFO 1 dtxk.business.Services.ServiceParcel - FindParcelsByCadastralNo method got PARCEL with successfully
2014-04-24 17:00:54,985 DEBUG 1 dtxk.business.Services.ServiceParcel - FindParcelsByCadastralNo finfished
