2014-11-24 09:32:27,847 INFO 8 dtxk.client.FrmLogIn - Program started
2014-11-24 09:32:29,489 DEBUG 8 dtxk.client.FrmLogIn - FrmLogin constuct finished.
2014-11-24 09:32:36,239 DEBUG 10 dtxk.business.Services.ServiceAppUser - GetAppUser started
2014-11-24 09:32:36,273 DEBUG 10 dtxk.business.Services.ServiceAppUser - GetAppUser username=admin trying to connect
2014-11-24 09:32:41,224 INFO 10 dtxk.business.Services.ServiceAppUser - GetAppUser username(admin) connected
2014-11-24 09:32:41,226 DEBUG 10 dtxk.business.Services.ServiceAppUser - GetAppUser finished
2014-11-24 09:35:47,737 INFO 9 dtxk.client.FrmLogIn - Program started
2014-11-24 09:35:48,294 DEBUG 9 dtxk.client.FrmLogIn - FrmLogin constuct finished.
2014-11-24 09:35:57,646 DEBUG 11 dtxk.business.Services.ServiceAppUser - GetAppUser started
2014-11-24 09:35:57,653 DEBUG 11 dtxk.business.Services.ServiceAppUser - GetAppUser username=admin trying to connect
2014-11-24 09:36:01,988 INFO 11 dtxk.business.Services.ServiceAppUser - GetAppUser username(admin) connected
2014-11-24 09:36:01,990 DEBUG 11 dtxk.business.Services.ServiceAppUser - GetAppUser finished
2014-11-24 09:38:31,514 INFO 9 dtxk.client.FrmLogIn - Program started
2014-11-24 09:38:31,945 DEBUG 9 dtxk.client.FrmLogIn - FrmLogin constuct finished.
2014-11-24 09:38:46,707 DEBUG 11 dtxk.business.Services.ServiceAppUser - GetAppUser started
2014-11-24 09:38:46,716 DEBUG 11 dtxk.business.Services.ServiceAppUser - GetAppUser username=admin trying to connect
2014-11-24 09:38:51,304 INFO 11 dtxk.business.Services.ServiceAppUser - GetAppUser username(admin) connected
2014-11-24 09:38:51,307 DEBUG 11 dtxk.business.Services.ServiceAppUser - GetAppUser finished
2014-11-24 09:42:48,202 INFO 9 dtxk.client.FrmLogIn - Program started
2014-11-24 09:53:49,917 INFO 8 dtxk.client.FrmLogIn - Program started
2014-11-24 09:53:50,518 DEBUG 8 dtxk.client.FrmLogIn - FrmLogin constuct finished.
2014-11-24 09:53:57,961 DEBUG 10 dtxk.business.Services.ServiceAppUser - GetAppUser started
2014-11-24 09:53:57,970 DEBUG 10 dtxk.business.Services.ServiceAppUser - GetAppUser username=admin trying to connect
2014-11-24 09:54:02,822 INFO 10 dtxk.business.Services.ServiceAppUser - GetAppUser username(admin) connected
2014-11-24 09:54:02,825 DEBUG 10 dtxk.business.Services.ServiceAppUser - GetAppUser finished
2014-11-24 09:56:44,539 INFO 8 dtxk.client.FrmLogIn - Program started
2014-11-24 09:56:44,926 DEBUG 8 dtxk.client.FrmLogIn - FrmLogin constuct finished.
2014-11-24 09:56:50,826 DEBUG 10 dtxk.business.Services.ServiceAppUser - GetAppUser started
2014-11-24 09:56:50,834 DEBUG 10 dtxk.business.Services.ServiceAppUser - GetAppUser username=admin trying to connect
2014-11-24 09:56:55,711 INFO 10 dtxk.business.Services.ServiceAppUser - GetAppUser username(admin) connected
2014-11-24 09:56:55,713 DEBUG 10 dtxk.business.Services.ServiceAppUser - GetAppUser finished
2014-11-24 10:04:08,628 INFO 9 dtxk.client.FrmLogIn - Program started
2014-11-24 10:04:10,539 DEBUG 9 dtxk.client.FrmLogIn - FrmLogin constuct finished.
2014-11-24 10:04:16,748 DEBUG 11 dtxk.business.Services.ServiceAppUser - GetAppUser started
2014-11-24 10:04:16,755 DEBUG 11 dtxk.business.Services.ServiceAppUser - GetAppUser username=admin trying to connect
2014-11-24 10:04:21,944 INFO 11 dtxk.business.Services.ServiceAppUser - GetAppUser username(admin) connected
2014-11-24 10:04:21,947 DEBUG 11 dtxk.business.Services.ServiceAppUser - GetAppUser finished
2014-11-24 10:06:44,707 INFO 8 dtxk.client.FrmLogIn - Program started
2014-11-24 10:06:45,358 DEBUG 8 dtxk.client.FrmLogIn - FrmLogin constuct finished.
2014-11-24 10:34:50,553 DEBUG 57 dtxk.business.Services.ServiceAppUser - GetAppUser started
2014-11-24 10:34:50,561 DEBUG 57 dtxk.business.Services.ServiceAppUser - GetAppUser username=admin trying to connect
2014-11-24 10:34:55,492 INFO 57 dtxk.business.Services.ServiceAppUser - GetAppUser username('admin') or password is invalid
2014-11-24 10:34:55,494 DEBUG 57 dtxk.business.Services.ServiceAppUser - GetAppUser finished
2014-11-24 10:35:02,304 DEBUG 58 dtxk.business.Services.ServiceAppUser - GetAppUser started
2014-11-24 10:35:02,306 DEBUG 58 dtxk.business.Services.ServiceAppUser - GetAppUser username=admin trying to connect
2014-11-24 10:35:02,357 INFO 58 dtxk.business.Services.ServiceAppUser - GetAppUser username(admin) connected
2014-11-24 10:35:02,359 DEBUG 58 dtxk.business.Services.ServiceAppUser - GetAppUser finished
2014-11-24 10:58:49,432 INFO 10 dtxk.client.FrmLogIn - Program started
2014-11-24 10:58:50,036 DEBUG 10 dtxk.client.FrmLogIn - FrmLogin constuct finished.
2014-11-24 11:00:39,650 INFO 10 dtxk.client.FrmLogIn - Program started
2014-11-24 11:00:40,237 DEBUG 10 dtxk.client.FrmLogIn - FrmLogin constuct finished.
2014-11-24 11:01:02,193 DEBUG 6 dtxk.business.Services.ServiceAppUser - GetAppUser started
2014-11-24 11:01:02,203 DEBUG 6 dtxk.business.Services.ServiceAppUser - GetAppUser username=admin trying to connect
2014-11-24 11:01:07,119 INFO 6 dtxk.business.Services.ServiceAppUser - GetAppUser username(admin) connected
2014-11-24 11:01:07,122 DEBUG 6 dtxk.business.Services.ServiceAppUser - GetAppUser finished
2014-11-24 11:09:09,536 INFO 9 dtxk.client.FrmLogIn - Program started
2014-11-24 11:09:11,018 DEBUG 9 dtxk.client.FrmLogIn - FrmLogin constuct finished.
2014-11-24 11:09:19,023 DEBUG 11 dtxk.business.Services.ServiceAppUser - GetAppUser started
2014-11-24 11:09:19,031 DEBUG 11 dtxk.business.Services.ServiceAppUser - GetAppUser username=admin trying to connect
2014-11-24 11:09:23,814 INFO 11 dtxk.business.Services.ServiceAppUser - GetAppUser username(admin) connected
2014-11-24 11:09:23,816 DEBUG 11 dtxk.business.Services.ServiceAppUser - GetAppUser finished
2014-11-24 11:12:49,087 DEBUG 9 dtxk.business.BasicService - LoadAllUSING_FORM started
2014-11-24 11:12:49,108 DEBUG 9 dtxk.business.BasicService - LoadAllUSING_FORM try to getting ALL USING_FORM 
2014-11-24 11:12:49,339 INFO 9 dtxk.business.BasicService - LoadAllUSING_FORM method got USING_FORM with successfully
2014-11-24 11:12:49,343 DEBUG 9 dtxk.business.BasicService - LoadAllUSING_FORM finished
2014-11-24 11:12:49,376 DEBUG 9 dtxk.business.BasicService - LoadAllLAND_CATEGORY started
2014-11-24 11:12:49,378 DEBUG 9 dtxk.business.BasicService - LoadAllLAND_CATEGORY try to getting ALL LAND_CATEGORY 
2014-11-24 11:12:49,438 INFO 9 dtxk.business.BasicService - LoadAllLAND_CATEGORY method got LAND_CATEGORY with successfully
2014-11-24 11:12:49,440 DEBUG 9 dtxk.business.BasicService - LoadAllLAND_CATEGORY finished
2014-11-24 11:12:49,479 DEBUG 9 dtxk.business.BasicService - LoadAllAPP_SETTING started
2014-11-24 11:12:49,489 DEBUG 9 dtxk.business.BasicService - LoadAllAPP_SETTING try to getting ALL APP_SETTING 
2014-11-24 11:12:49,570 INFO 9 dtxk.business.BasicService - LoadAllAPP_SETTING method got APP_SETTING with successfully
2014-11-24 11:12:49,617 DEBUG 9 dtxk.business.BasicService - LoadAllAPP_SETTING finished
2014-11-24 11:21:43,203 INFO 9 dtxk.client.FrmLogIn - Program started
2014-11-24 11:21:43,964 DEBUG 9 dtxk.client.FrmLogIn - FrmLogin constuct finished.
2014-11-24 11:21:51,826 DEBUG 3 dtxk.business.Services.ServiceAppUser - GetAppUser started
2014-11-24 11:21:51,833 DEBUG 3 dtxk.business.Services.ServiceAppUser - GetAppUser username=admin trying to connect
2014-11-24 11:21:56,350 INFO 3 dtxk.business.Services.ServiceAppUser - GetAppUser username(admin) connected
2014-11-24 11:21:56,352 DEBUG 3 dtxk.business.Services.ServiceAppUser - GetAppUser finished
2014-11-24 11:24:25,139 INFO 9 dtxk.client.FrmLogIn - Program started
2014-11-24 11:24:26,139 DEBUG 9 dtxk.client.FrmLogIn - FrmLogin constuct finished.
2014-11-24 11:24:33,142 DEBUG 11 dtxk.business.Services.ServiceAppUser - GetAppUser started
2014-11-24 11:24:33,150 DEBUG 11 dtxk.business.Services.ServiceAppUser - GetAppUser username=admin trying to connect
2014-11-24 11:24:37,983 INFO 11 dtxk.business.Services.ServiceAppUser - GetAppUser username(admin) connected
2014-11-24 11:24:37,985 DEBUG 11 dtxk.business.Services.ServiceAppUser - GetAppUser finished
2014-11-24 11:31:05,767 INFO 10 dtxk.client.FrmLogIn - Program started
2014-11-24 11:31:06,457 DEBUG 10 dtxk.client.FrmLogIn - FrmLogin constuct finished.
2014-11-24 11:31:12,575 DEBUG 3 dtxk.business.Services.ServiceAppUser - GetAppUser started
2014-11-24 11:31:12,583 DEBUG 3 dtxk.business.Services.ServiceAppUser - GetAppUser username=admin trying to connect
2014-11-24 11:31:16,930 INFO 3 dtxk.business.Services.ServiceAppUser - GetAppUser username(admin) connected
2014-11-24 11:31:16,932 DEBUG 3 dtxk.business.Services.ServiceAppUser - GetAppUser finished
2014-11-24 11:39:38,061 INFO 9 dtxk.client.FrmLogIn - Program started
2014-11-24 11:39:39,356 DEBUG 9 dtxk.client.FrmLogIn - FrmLogin constuct finished.
2014-11-24 11:39:53,449 DEBUG 3 dtxk.business.Services.ServiceAppUser - GetAppUser started
2014-11-24 11:39:53,456 DEBUG 3 dtxk.business.Services.ServiceAppUser - GetAppUser username=admin trying to connect
2014-11-24 11:39:57,827 INFO 3 dtxk.business.Services.ServiceAppUser - GetAppUser username(admin) connected
2014-11-24 11:39:57,829 DEBUG 3 dtxk.business.Services.ServiceAppUser - GetAppUser finished
2014-11-24 11:45:34,503 INFO 11 dtxk.client.FrmLogIn - Program started
2014-11-24 11:45:35,936 DEBUG 11 dtxk.client.FrmLogIn - FrmLogin constuct finished.
2014-11-24 11:45:41,645 DEBUG 6 dtxk.business.Services.ServiceAppUser - GetAppUser started
2014-11-24 11:45:41,653 DEBUG 6 dtxk.business.Services.ServiceAppUser - GetAppUser username=admin trying to connect
2014-11-24 11:45:46,501 INFO 6 dtxk.business.Services.ServiceAppUser - GetAppUser username(admin) connected
2014-11-24 11:45:46,503 DEBUG 6 dtxk.business.Services.ServiceAppUser - GetAppUser finished
2014-11-24 11:51:42,921 INFO 8 dtxk.client.FrmLogIn - Program started
2014-11-24 11:51:43,601 DEBUG 8 dtxk.client.FrmLogIn - FrmLogin constuct finished.
2014-11-24 11:51:50,403 DEBUG 10 dtxk.business.Services.ServiceAppUser - GetAppUser started
2014-11-24 11:51:50,411 DEBUG 10 dtxk.business.Services.ServiceAppUser - GetAppUser username=admin trying to connect
2014-11-24 11:51:55,234 INFO 10 dtxk.business.Services.ServiceAppUser - GetAppUser username(admin) connected
2014-11-24 11:51:55,237 DEBUG 10 dtxk.business.Services.ServiceAppUser - GetAppUser finished
2014-11-24 11:54:37,380 INFO 9 dtxk.client.FrmLogIn - Program started
2014-11-24 11:54:37,954 DEBUG 9 dtxk.client.FrmLogIn - FrmLogin constuct finished.
2014-11-24 11:54:43,064 DEBUG 11 dtxk.business.Services.ServiceAppUser - GetAppUser started
2014-11-24 11:54:43,073 DEBUG 11 dtxk.business.Services.ServiceAppUser - GetAppUser username=admin trying to connect
2014-11-24 11:54:47,926 INFO 11 dtxk.business.Services.ServiceAppUser - GetAppUser username(admin) connected
2014-11-24 11:54:47,928 DEBUG 11 dtxk.business.Services.ServiceAppUser - GetAppUser finished
2014-11-24 11:59:30,421 INFO 9 dtxk.client.FrmLogIn - Program started
2014-11-24 11:59:31,024 DEBUG 9 dtxk.client.FrmLogIn - FrmLogin constuct finished.
2014-11-24 11:59:58,626 DEBUG 11 dtxk.business.Services.ServiceAppUser - GetAppUser started
2014-11-24 11:59:58,633 DEBUG 11 dtxk.business.Services.ServiceAppUser - GetAppUser username=admin trying to connect
2014-11-24 12:00:02,746 INFO 11 dtxk.business.Services.ServiceAppUser - GetAppUser username(admin) connected
2014-11-24 12:00:02,748 DEBUG 11 dtxk.business.Services.ServiceAppUser - GetAppUser finished
2014-11-24 12:01:08,511 INFO 10 dtxk.client.FrmLogIn - Program started
2014-11-24 12:01:09,131 DEBUG 10 dtxk.client.FrmLogIn - FrmLogin constuct finished.
2014-11-24 12:01:15,297 DEBUG 6 dtxk.business.Services.ServiceAppUser - GetAppUser started
2014-11-24 12:01:15,305 DEBUG 6 dtxk.business.Services.ServiceAppUser - GetAppUser username=admin trying to connect
2014-11-24 12:01:19,683 INFO 6 dtxk.business.Services.ServiceAppUser - GetAppUser username(admin) connected
2014-11-24 12:01:19,684 DEBUG 6 dtxk.business.Services.ServiceAppUser - GetAppUser finished
2014-11-24 12:06:44,655 INFO 9 dtxk.client.FrmLogIn - Program started
2014-11-24 12:06:45,949 DEBUG 9 dtxk.client.FrmLogIn - FrmLogin constuct finished.
2014-11-24 12:06:51,676 DEBUG 11 dtxk.business.Services.ServiceAppUser - GetAppUser started
2014-11-24 12:06:51,684 DEBUG 11 dtxk.business.Services.ServiceAppUser - GetAppUser username=admin trying to connect
2014-11-24 12:06:56,217 INFO 11 dtxk.business.Services.ServiceAppUser - GetAppUser username(admin) connected
2014-11-24 12:06:56,219 DEBUG 11 dtxk.business.Services.ServiceAppUser - GetAppUser finished
2014-11-24 12:16:48,895 INFO 9 dtxk.client.FrmLogIn - Program started
2014-11-24 12:16:49,692 DEBUG 9 dtxk.client.FrmLogIn - FrmLogin constuct finished.
2014-11-24 12:16:56,649 DEBUG 11 dtxk.business.Services.ServiceAppUser - GetAppUser started
2014-11-24 12:16:56,656 DEBUG 11 dtxk.business.Services.ServiceAppUser - GetAppUser username=admin trying to connect
2014-11-24 12:17:01,489 INFO 11 dtxk.business.Services.ServiceAppUser - GetAppUser username(admin) connected
2014-11-24 12:17:01,491 DEBUG 11 dtxk.business.Services.ServiceAppUser - GetAppUser finished
2014-11-24 12:18:53,983 INFO 9 dtxk.client.FrmLogIn - Program started
2014-11-24 12:18:54,624 DEBUG 9 dtxk.client.FrmLogIn - FrmLogin constuct finished.
2014-11-24 12:19:01,562 DEBUG 11 dtxk.business.Services.ServiceAppUser - GetAppUser started
2014-11-24 12:19:01,571 DEBUG 11 dtxk.business.Services.ServiceAppUser - GetAppUser username=admin trying to connect
2014-11-24 12:19:06,426 INFO 11 dtxk.business.Services.ServiceAppUser - GetAppUser username('admin') or password is invalid
2014-11-24 12:19:06,428 DEBUG 11 dtxk.business.Services.ServiceAppUser - GetAppUser finished
2014-11-24 12:19:12,413 DEBUG 11 dtxk.business.Services.ServiceAppUser - GetAppUser started
2014-11-24 12:19:12,415 DEBUG 11 dtxk.business.Services.ServiceAppUser - GetAppUser username=admin trying to connect
2014-11-24 12:19:12,469 INFO 11 dtxk.business.Services.ServiceAppUser - GetAppUser username(admin) connected
2014-11-24 12:19:12,471 DEBUG 11 dtxk.business.Services.ServiceAppUser - GetAppUser finished
2014-11-24 12:25:54,240 INFO 9 dtxk.client.FrmLogIn - Program started
2014-11-24 12:25:54,865 DEBUG 9 dtxk.client.FrmLogIn - FrmLogin constuct finished.
2014-11-24 12:26:02,647 DEBUG 3 dtxk.business.Services.ServiceAppUser - GetAppUser started
2014-11-24 12:26:02,651 DEBUG 3 dtxk.business.Services.ServiceAppUser - GetAppUser username=admin trying to connect
2014-11-24 12:26:06,607 INFO 3 dtxk.business.Services.ServiceAppUser - GetAppUser username(admin) connected
2014-11-24 12:26:06,609 DEBUG 3 dtxk.business.Services.ServiceAppUser - GetAppUser finished
2014-11-24 12:30:23,798 INFO 10 dtxk.client.FrmLogIn - Program started
2014-11-24 12:30:24,419 DEBUG 10 dtxk.client.FrmLogIn - FrmLogin constuct finished.
2014-11-24 12:30:50,969 DEBUG 6 dtxk.business.Services.ServiceAppUser - GetAppUser started
2014-11-24 12:30:50,977 DEBUG 6 dtxk.business.Services.ServiceAppUser - GetAppUser username=admin trying to connect
2014-11-24 12:30:55,798 INFO 6 dtxk.business.Services.ServiceAppUser - GetAppUser username(admin) connected
2014-11-24 12:30:55,800 DEBUG 6 dtxk.business.Services.ServiceAppUser - GetAppUser finished
2014-11-24 12:39:52,955 INFO 9 dtxk.client.FrmLogIn - Program started
2014-11-24 12:39:53,939 DEBUG 9 dtxk.client.FrmLogIn - FrmLogin constuct finished.
2014-11-24 12:56:16,944 DEBUG 34 dtxk.business.Services.ServiceAppUser - GetAppUser started
2014-11-24 12:56:16,954 DEBUG 34 dtxk.business.Services.ServiceAppUser - GetAppUser username=admin trying to connect
2014-11-24 12:56:22,107 INFO 34 dtxk.business.Services.ServiceAppUser - GetAppUser username(admin) connected
2014-11-24 12:56:22,109 DEBUG 34 dtxk.business.Services.ServiceAppUser - GetAppUser finished
2014-11-24 13:00:04,781 DEBUG 9 dtxk.business.BasicService - LoadAllCADASTRAL_ZONE started
2014-11-24 13:00:04,808 DEBUG 9 dtxk.business.BasicService - LoadAllCADASTRAL_ZONE try to getting ALL CADASTRAL_ZONE 
2014-11-24 13:00:04,922 INFO 9 dtxk.business.BasicService - LoadAllCADASTRAL_ZONE method got CADASTRAL_ZONE with successfully
2014-11-24 13:00:04,926 DEBUG 9 dtxk.business.BasicService - LoadAllCADASTRAL_ZONE finished
2014-11-24 13:08:37,457 INFO 8 dtxk.client.FrmLogIn - Program started
2014-11-24 13:08:38,703 DEBUG 8 dtxk.client.FrmLogIn - FrmLogin constuct finished.
2014-11-24 13:08:44,694 DEBUG 10 dtxk.business.Services.ServiceAppUser - GetAppUser started
2014-11-24 13:08:44,702 DEBUG 10 dtxk.business.Services.ServiceAppUser - GetAppUser username=dmin trying to connect
2014-11-24 13:08:49,492 INFO 10 dtxk.business.Services.ServiceAppUser - GetAppUser username('dmin') or password is invalid
2014-11-24 13:08:49,495 DEBUG 10 dtxk.business.Services.ServiceAppUser - GetAppUser finished
2014-11-24 13:09:27,030 DEBUG 11 dtxk.business.Services.ServiceAppUser - GetAppUser started
2014-11-24 13:09:27,034 DEBUG 11 dtxk.business.Services.ServiceAppUser - GetAppUser username=admin trying to connect
2014-11-24 13:09:27,088 INFO 11 dtxk.business.Services.ServiceAppUser - GetAppUser username(admin) connected
2014-11-24 13:09:27,089 DEBUG 11 dtxk.business.Services.ServiceAppUser - GetAppUser finished
2014-11-24 13:38:11,583 INFO 9 dtxk.client.FrmLogIn - Program started
2014-11-24 13:38:12,854 DEBUG 9 dtxk.client.FrmLogIn - FrmLogin constuct finished.
2014-11-24 13:38:17,871 DEBUG 11 dtxk.business.Services.ServiceAppUser - GetAppUser started
2014-11-24 13:38:17,876 DEBUG 11 dtxk.business.Services.ServiceAppUser - GetAppUser username=dmin trying to connect
2014-11-24 13:38:22,523 INFO 11 dtxk.business.Services.ServiceAppUser - GetAppUser username('dmin') or password is invalid
2014-11-24 13:38:22,525 DEBUG 11 dtxk.business.Services.ServiceAppUser - GetAppUser finished
2014-11-24 13:38:23,246 DEBUG 12 dtxk.business.Services.ServiceAppUser - GetAppUser started
2014-11-24 13:38:23,249 DEBUG 12 dtxk.business.Services.ServiceAppUser - GetAppUser username=admin trying to connect
2014-11-24 13:38:23,306 INFO 12 dtxk.business.Services.ServiceAppUser - GetAppUser username(admin) connected
2014-11-24 13:38:23,308 DEBUG 12 dtxk.business.Services.ServiceAppUser - GetAppUser finished
2014-11-24 13:39:52,797 DEBUG 9 dtxk.business.BasicService - LoadAllCADASTRAL_ZONE started
2014-11-24 13:39:52,825 DEBUG 9 dtxk.business.BasicService - LoadAllCADASTRAL_ZONE try to getting ALL CADASTRAL_ZONE 
2014-11-24 13:39:52,911 INFO 9 dtxk.business.BasicService - LoadAllCADASTRAL_ZONE method got CADASTRAL_ZONE with successfully
2014-11-24 13:39:52,913 DEBUG 9 dtxk.business.BasicService - LoadAllCADASTRAL_ZONE finished
2014-11-24 14:18:31,563 INFO 9 dtxk.client.FrmLogIn - Program started
2014-11-24 14:18:32,152 DEBUG 9 dtxk.client.FrmLogIn - FrmLogin constuct finished.
2014-11-24 14:18:45,543 DEBUG 3 dtxk.business.Services.ServiceAppUser - GetAppUser started
2014-11-24 14:18:45,550 DEBUG 3 dtxk.business.Services.ServiceAppUser - GetAppUser username=admin trying to connect
2014-11-24 14:18:50,418 INFO 3 dtxk.business.Services.ServiceAppUser - GetAppUser username(admin) connected
2014-11-24 14:18:50,420 DEBUG 3 dtxk.business.Services.ServiceAppUser - GetAppUser finished
2014-11-24 14:19:57,703 INFO 10 dtxk.client.FrmLogIn - Program started
2014-11-24 14:19:58,293 DEBUG 10 dtxk.client.FrmLogIn - FrmLogin constuct finished.
2014-11-24 14:20:04,835 DEBUG 6 dtxk.business.Services.ServiceAppUser - GetAppUser started
2014-11-24 14:20:04,855 DEBUG 6 dtxk.business.Services.ServiceAppUser - GetAppUser username=admin trying to connect
2014-11-24 14:20:09,686 INFO 6 dtxk.business.Services.ServiceAppUser - GetAppUser username(admin) connected
2014-11-24 14:20:09,689 DEBUG 6 dtxk.business.Services.ServiceAppUser - GetAppUser finished
2014-11-24 14:32:40,825 INFO 9 dtxk.client.FrmLogIn - Program started
2014-11-24 14:32:41,219 DEBUG 9 dtxk.client.FrmLogIn - FrmLogin constuct finished.
2014-11-24 14:32:48,886 DEBUG 3 dtxk.business.Services.ServiceAppUser - GetAppUser started
2014-11-24 14:32:48,895 DEBUG 3 dtxk.business.Services.ServiceAppUser - GetAppUser username=admin trying to connect
2014-11-24 14:32:53,659 INFO 3 dtxk.business.Services.ServiceAppUser - GetAppUser username(admin) connected
2014-11-24 14:32:53,661 DEBUG 3 dtxk.business.Services.ServiceAppUser - GetAppUser finished
2014-11-24 14:33:22,713 INFO 9 dtxk.client.FrmLogIn - Program started
2014-11-24 14:33:23,275 DEBUG 9 dtxk.client.FrmLogIn - FrmLogin constuct finished.
2014-11-24 14:33:30,307 DEBUG 6 dtxk.business.Services.ServiceAppUser - GetAppUser started
2014-11-24 14:33:30,316 DEBUG 6 dtxk.business.Services.ServiceAppUser - GetAppUser username=admin trying to connect
2014-11-24 14:33:35,116 INFO 6 dtxk.business.Services.ServiceAppUser - GetAppUser username(admin) connected
2014-11-24 14:33:35,119 DEBUG 6 dtxk.business.Services.ServiceAppUser - GetAppUser finished
2014-11-24 14:42:04,020 INFO 10 dtxk.client.FrmLogIn - Program started
2014-11-24 14:42:04,570 DEBUG 10 dtxk.client.FrmLogIn - FrmLogin constuct finished.
2014-11-24 14:43:06,333 DEBUG 3 dtxk.business.Services.ServiceAppUser - GetAppUser started
2014-11-24 14:43:06,346 DEBUG 3 dtxk.business.Services.ServiceAppUser - GetAppUser username=admin trying to connect
2014-11-24 14:43:10,982 INFO 3 dtxk.business.Services.ServiceAppUser - GetAppUser username('admin') or password is invalid
2014-11-24 14:43:10,984 DEBUG 3 dtxk.business.Services.ServiceAppUser - GetAppUser finished
2014-11-24 14:43:34,866 DEBUG 12 dtxk.business.Services.ServiceAppUser - GetAppUser started
2014-11-24 14:43:34,871 DEBUG 12 dtxk.business.Services.ServiceAppUser - GetAppUser username=admin trying to connect
2014-11-24 14:43:34,897 INFO 12 dtxk.business.Services.ServiceAppUser - GetAppUser username('admin') or password is invalid
2014-11-24 14:43:34,898 DEBUG 12 dtxk.business.Services.ServiceAppUser - GetAppUser finished
2014-11-24 14:43:38,451 DEBUG 13 dtxk.business.Services.ServiceAppUser - GetAppUser started
2014-11-24 14:43:38,453 DEBUG 13 dtxk.business.Services.ServiceAppUser - GetAppUser username=admin trying to connect
2014-11-24 14:43:38,465 INFO 13 dtxk.business.Services.ServiceAppUser - GetAppUser username('admin') or password is invalid
2014-11-24 14:43:38,466 DEBUG 13 dtxk.business.Services.ServiceAppUser - GetAppUser finished
2014-11-24 14:43:45,347 DEBUG 13 dtxk.business.Services.ServiceAppUser - GetAppUser started
2014-11-24 14:43:45,349 DEBUG 13 dtxk.business.Services.ServiceAppUser - GetAppUser username=admin trying to connect
2014-11-24 14:43:45,390 INFO 13 dtxk.business.Services.ServiceAppUser - GetAppUser username(admin) connected
2014-11-24 14:43:45,392 DEBUG 13 dtxk.business.Services.ServiceAppUser - GetAppUser finished
2014-11-24 14:44:05,383 DEBUG 10 dtxk.business.BasicService - LoadAllCADASTRAL_ZONE started
2014-11-24 14:44:05,434 DEBUG 10 dtxk.business.BasicService - LoadAllCADASTRAL_ZONE try to getting ALL CADASTRAL_ZONE 
2014-11-24 14:44:05,512 INFO 10 dtxk.business.BasicService - LoadAllCADASTRAL_ZONE method got CADASTRAL_ZONE with successfully
2014-11-24 14:44:05,515 DEBUG 10 dtxk.business.BasicService - LoadAllCADASTRAL_ZONE finished
2014-11-24 14:44:05,558 DEBUG 10 dtxk.business.BasicService - LoadAllLEGAL_FORMS started
2014-11-24 14:44:05,560 DEBUG 10 dtxk.business.BasicService - LoadAllLEGAL_FORMS try to getting ALL LEGAL_FORMS 
2014-11-24 14:44:05,618 INFO 10 dtxk.business.BasicService - LoadAllLEGAL_FORMS method got LEGAL_FORMS with successfully
2014-11-24 14:44:05,620 DEBUG 10 dtxk.business.BasicService - LoadAllLEGAL_FORMS finished
2014-11-24 14:44:08,503 DEBUG 10 dtxk.business.BasicService - LoadAllCADASTRAL_REGION started
2014-11-24 14:44:08,507 DEBUG 10 dtxk.business.BasicService - LoadAllCADASTRAL_REGION try to getting ALL CADASTRAL_REGION 
2014-11-24 14:44:08,646 INFO 10 dtxk.business.BasicService - LoadAllCADASTRAL_REGION method got CADASTRAL_REGION with successfully
2014-11-24 14:44:08,649 DEBUG 10 dtxk.business.BasicService - LoadAllCADASTRAL_REGION finished
2014-11-24 14:44:16,044 DEBUG 10 dtxk.gis.FeatureRelatedClasses.ClsFeatureOperation - GetFeatureObject method started
2014-11-24 14:44:20,971 DEBUG 10 dtxk.gis.FeatureRelatedClasses.ClsFeatureOperation - GetFeatureObject method started
2014-11-24 14:44:20,980 DEBUG 10 dtxk.business.Services.ServiceParcel - FindParcelsByCadastralNo started
2014-11-24 14:44:20,983 DEBUG 10 dtxk.business.Services.ServiceParcel - FindParcelsByCadastralNo try to getting PARCEL by cadastralNo :00100101000002
2014-11-24 14:44:20,991 INFO 10 dtxk.business.Services.ServiceParcel - FindParcelsByCadastralNo method got PARCEL with successfully
2014-11-24 14:44:20,993 DEBUG 10 dtxk.business.Services.ServiceParcel - FindParcelsByCadastralNo finfished
2014-11-24 14:44:21,461 DEBUG 10 dtxk.business.BasicService - LoadAllDOCUMENT started
2014-11-24 14:44:21,466 DEBUG 10 dtxk.business.BasicService - LoadAllDOCUMENT try to getting ALL DOCUMENT 
2014-11-24 14:44:26,926 INFO 10 dtxk.business.BasicService - LoadAllDOCUMENT method got DOCUMENT with successfully
2014-11-24 14:44:26,929 DEBUG 10 dtxk.business.BasicService - LoadAllDOCUMENT finished
2014-11-24 15:16:34,954 INFO 10 dtxk.client.FrmLogIn - Program started
2014-11-24 15:16:35,890 DEBUG 10 dtxk.client.FrmLogIn - FrmLogin constuct finished.
2014-11-24 15:16:45,607 DEBUG 4 dtxk.business.Services.ServiceAppUser - GetAppUser started
2014-11-24 15:16:45,612 DEBUG 4 dtxk.business.Services.ServiceAppUser - GetAppUser username=admin trying to connect
2014-11-24 15:16:50,143 INFO 4 dtxk.business.Services.ServiceAppUser - GetAppUser username(admin) connected
2014-11-24 15:16:50,145 DEBUG 4 dtxk.business.Services.ServiceAppUser - GetAppUser finished
2014-11-24 15:17:05,833 DEBUG 10 dtxk.business.BasicService - LoadAllCADASTRAL_ZONE started
2014-11-24 15:17:05,858 DEBUG 10 dtxk.business.BasicService - LoadAllCADASTRAL_ZONE try to getting ALL CADASTRAL_ZONE 
2014-11-24 15:17:05,943 INFO 10 dtxk.business.BasicService - LoadAllCADASTRAL_ZONE method got CADASTRAL_ZONE with successfully
2014-11-24 15:17:05,946 DEBUG 10 dtxk.business.BasicService - LoadAllCADASTRAL_ZONE finished
2014-11-24 15:17:06,032 DEBUG 10 dtxk.business.BasicService - LoadAllLEGAL_FORMS started
2014-11-24 15:17:06,036 DEBUG 10 dtxk.business.BasicService - LoadAllLEGAL_FORMS try to getting ALL LEGAL_FORMS 
2014-11-24 15:17:06,097 INFO 10 dtxk.business.BasicService - LoadAllLEGAL_FORMS method got LEGAL_FORMS with successfully
2014-11-24 15:17:06,099 DEBUG 10 dtxk.business.BasicService - LoadAllLEGAL_FORMS finished
2014-11-24 15:17:10,145 DEBUG 10 dtxk.business.BasicService - LoadAllCADASTRAL_REGION started
2014-11-24 15:17:10,149 DEBUG 10 dtxk.business.BasicService - LoadAllCADASTRAL_REGION try to getting ALL CADASTRAL_REGION 
2014-11-24 15:17:10,256 INFO 10 dtxk.business.BasicService - LoadAllCADASTRAL_REGION method got CADASTRAL_REGION with successfully
2014-11-24 15:17:10,258 DEBUG 10 dtxk.business.BasicService - LoadAllCADASTRAL_REGION finished
2014-11-24 15:17:16,570 DEBUG 10 dtxk.gis.FeatureRelatedClasses.ClsFeatureOperation - GetFeatureObject method started
2014-11-24 15:17:21,037 DEBUG 10 dtxk.gis.FeatureRelatedClasses.ClsFeatureOperation - GetFeatureObject method started
2014-11-24 15:17:21,046 DEBUG 10 dtxk.business.Services.ServiceParcel - FindParcelsByCadastralNo started
2014-11-24 15:17:21,048 DEBUG 10 dtxk.business.Services.ServiceParcel - FindParcelsByCadastralNo try to getting PARCEL by cadastralNo :00100101000003
2014-11-24 15:17:21,055 INFO 10 dtxk.business.Services.ServiceParcel - FindParcelsByCadastralNo method got PARCEL with successfully
2014-11-24 15:17:21,057 DEBUG 10 dtxk.business.Services.ServiceParcel - FindParcelsByCadastralNo finfished
2014-11-24 15:17:21,429 DEBUG 10 dtxk.business.BasicService - LoadAllDOCUMENT started
2014-11-24 15:17:21,433 DEBUG 10 dtxk.business.BasicService - LoadAllDOCUMENT try to getting ALL DOCUMENT 
2014-11-24 15:17:25,080 INFO 10 dtxk.business.BasicService - LoadAllDOCUMENT method got DOCUMENT with successfully
2014-11-24 15:17:25,082 DEBUG 10 dtxk.business.BasicService - LoadAllDOCUMENT finished
2014-11-24 15:18:12,939 DEBUG 10 dtxk.gis.FeatureRelatedClasses.ClsFeatureOperation - GetFeatureObject method started
2014-11-24 15:18:12,944 DEBUG 10 dtxk.business.Services.ServiceParcel - FindParcelsByCadastralNo started
2014-11-24 15:18:12,945 DEBUG 10 dtxk.business.Services.ServiceParcel - FindParcelsByCadastralNo try to getting PARCEL by cadastralNo :00100101000003
2014-11-24 15:18:12,947 INFO 10 dtxk.business.Services.ServiceParcel - FindParcelsByCadastralNo method got PARCEL with successfully
2014-11-24 15:18:12,949 DEBUG 10 dtxk.business.Services.ServiceParcel - FindParcelsByCadastralNo finfished
2014-11-24 15:18:12,980 DEBUG 10 dtxk.business.BasicService - LoadAllDOCUMENT started
2014-11-24 15:18:12,981 DEBUG 10 dtxk.business.BasicService - LoadAllDOCUMENT try to getting ALL DOCUMENT 
2014-11-24 15:18:15,974 INFO 10 dtxk.business.BasicService - LoadAllDOCUMENT method got DOCUMENT with successfully
2014-11-24 15:18:15,977 DEBUG 10 dtxk.business.BasicService - LoadAllDOCUMENT finished
2014-11-24 15:25:36,070 INFO 10 dtxk.client.FrmLogIn - Program started
2014-11-24 15:25:36,615 DEBUG 10 dtxk.client.FrmLogIn - FrmLogin constuct finished.
2014-11-24 15:25:46,690 DEBUG 3 dtxk.business.Services.ServiceAppUser - GetAppUser started
2014-11-24 15:25:46,699 DEBUG 3 dtxk.business.Services.ServiceAppUser - GetAppUser username=admin trying to connect
2014-11-24 15:25:51,368 INFO 3 dtxk.business.Services.ServiceAppUser - GetAppUser username(admin) connected
2014-11-24 15:25:51,370 DEBUG 3 dtxk.business.Services.ServiceAppUser - GetAppUser finished
2014-11-24 15:26:25,150 DEBUG 10 dtxk.business.BasicService - LoadAllCADASTRAL_ZONE started
2014-11-24 15:26:25,171 DEBUG 10 dtxk.business.BasicService - LoadAllCADASTRAL_ZONE try to getting ALL CADASTRAL_ZONE 
2014-11-24 15:26:25,232 INFO 10 dtxk.business.BasicService - LoadAllCADASTRAL_ZONE method got CADASTRAL_ZONE with successfully
2014-11-24 15:26:25,234 DEBUG 10 dtxk.business.BasicService - LoadAllCADASTRAL_ZONE finished
2014-11-24 15:26:25,298 DEBUG 10 dtxk.business.BasicService - LoadAllLEGAL_FORMS started
2014-11-24 15:26:25,301 DEBUG 10 dtxk.business.BasicService - LoadAllLEGAL_FORMS try to getting ALL LEGAL_FORMS 
2014-11-24 15:26:25,345 INFO 10 dtxk.business.BasicService - LoadAllLEGAL_FORMS method got LEGAL_FORMS with successfully
2014-11-24 15:26:25,347 DEBUG 10 dtxk.business.BasicService - LoadAllLEGAL_FORMS finished
2014-11-24 15:26:34,211 DEBUG 10 dtxk.gis.FeatureRelatedClasses.ClsFeatureOperation - GetFeatureObject method started
2014-11-24 15:26:34,608 DEBUG 10 dtxk.gis.FeatureRelatedClasses.ClsFeatureOperation - GetFeatureObject method started
2014-11-24 15:26:41,336 DEBUG 10 dtxk.gis.FeatureRelatedClasses.ClsFeatureOperation - GetFeatureObject method started
2014-11-24 15:31:11,135 INFO 9 dtxk.client.FrmLogIn - Program started
2014-11-24 15:31:12,359 DEBUG 9 dtxk.client.FrmLogIn - FrmLogin constuct finished.
2014-11-24 15:31:17,479 DEBUG 11 dtxk.business.Services.ServiceAppUser - GetAppUser started
2014-11-24 15:31:17,488 DEBUG 11 dtxk.business.Services.ServiceAppUser - GetAppUser username=admin trying to connect
2014-11-24 15:31:22,300 INFO 11 dtxk.business.Services.ServiceAppUser - GetAppUser username(admin) connected
2014-11-24 15:31:22,303 DEBUG 11 dtxk.business.Services.ServiceAppUser - GetAppUser finished
2014-11-24 15:32:09,907 DEBUG 9 dtxk.business.BasicService - LoadAllCADASTRAL_ZONE started
2014-11-24 15:32:09,930 DEBUG 9 dtxk.business.BasicService - LoadAllCADASTRAL_ZONE try to getting ALL CADASTRAL_ZONE 
2014-11-24 15:32:10,042 INFO 9 dtxk.business.BasicService - LoadAllCADASTRAL_ZONE method got CADASTRAL_ZONE with successfully
2014-11-24 15:32:10,046 DEBUG 9 dtxk.business.BasicService - LoadAllCADASTRAL_ZONE finished
2014-11-24 15:32:10,094 DEBUG 9 dtxk.business.BasicService - LoadAllLEGAL_FORMS started
2014-11-24 15:32:10,097 DEBUG 9 dtxk.business.BasicService - LoadAllLEGAL_FORMS try to getting ALL LEGAL_FORMS 
2014-11-24 15:32:10,154 INFO 9 dtxk.business.BasicService - LoadAllLEGAL_FORMS method got LEGAL_FORMS with successfully
2014-11-24 15:32:10,156 DEBUG 9 dtxk.business.BasicService - LoadAllLEGAL_FORMS finished
2014-11-24 15:32:21,255 DEBUG 9 dtxk.gis.FeatureRelatedClasses.ClsFeatureOperation - GetFeatureObject method started
2014-11-24 15:32:25,841 DEBUG 9 dtxk.gis.FeatureRelatedClasses.ClsFeatureOperation - GetFeatureObject method started
2014-11-24 15:32:28,858 DEBUG 9 dtxk.business.Services.ServiceParcel - FindParcelsByCadastralNo started
2014-11-24 15:32:28,861 DEBUG 9 dtxk.business.Services.ServiceParcel - FindParcelsByCadastralNo try to getting PARCEL by cadastralNo :00100101000003
2014-11-24 15:32:28,868 INFO 9 dtxk.business.Services.ServiceParcel - FindParcelsByCadastralNo method got PARCEL with successfully
2014-11-24 15:32:28,869 DEBUG 9 dtxk.business.Services.ServiceParcel - FindParcelsByCadastralNo finfished
2014-11-24 15:32:29,247 DEBUG 9 dtxk.business.BasicService - LoadAllDOCUMENT started
2014-11-24 15:32:29,250 DEBUG 9 dtxk.business.BasicService - LoadAllDOCUMENT try to getting ALL DOCUMENT 
2014-11-24 15:32:32,891 INFO 9 dtxk.business.BasicService - LoadAllDOCUMENT method got DOCUMENT with successfully
2014-11-24 15:32:32,892 DEBUG 9 dtxk.business.BasicService - LoadAllDOCUMENT finished
2014-11-24 15:34:27,848 INFO 9 dtxk.client.FrmLogIn - Program started
2014-11-24 15:34:28,616 DEBUG 9 dtxk.client.FrmLogIn - FrmLogin constuct finished.
2014-11-24 15:34:36,373 DEBUG 11 dtxk.business.Services.ServiceAppUser - GetAppUser started
2014-11-24 15:34:36,380 DEBUG 11 dtxk.business.Services.ServiceAppUser - GetAppUser username=admin trying to connect
2014-11-24 15:34:41,123 INFO 11 dtxk.business.Services.ServiceAppUser - GetAppUser username(admin) connected
2014-11-24 15:34:41,125 DEBUG 11 dtxk.business.Services.ServiceAppUser - GetAppUser finished
2014-11-24 15:35:15,214 DEBUG 9 dtxk.business.BasicService - LoadAllCADASTRAL_ZONE started
2014-11-24 15:35:15,239 DEBUG 9 dtxk.business.BasicService - LoadAllCADASTRAL_ZONE try to getting ALL CADASTRAL_ZONE 
2014-11-24 15:35:15,318 INFO 9 dtxk.business.BasicService - LoadAllCADASTRAL_ZONE method got CADASTRAL_ZONE with successfully
2014-11-24 15:35:15,320 DEBUG 9 dtxk.business.BasicService - LoadAllCADASTRAL_ZONE finished
2014-11-24 15:43:30,991 INFO 10 dtxk.client.FrmLogIn - Program started
2014-11-24 15:43:31,674 DEBUG 10 dtxk.client.FrmLogIn - FrmLogin constuct finished.
2014-11-24 15:43:40,084 DEBUG 3 dtxk.business.Services.ServiceAppUser - GetAppUser started
2014-11-24 15:43:40,092 DEBUG 3 dtxk.business.Services.ServiceAppUser - GetAppUser username=admin trying to connect
2014-11-24 15:43:45,042 INFO 3 dtxk.business.Services.ServiceAppUser - GetAppUser username(admin) connected
2014-11-24 15:43:45,045 DEBUG 3 dtxk.business.Services.ServiceAppUser - GetAppUser finished
2014-11-24 15:44:02,961 DEBUG 10 dtxk.business.BasicService - LoadAllCADASTRAL_ZONE started
2014-11-24 15:44:02,987 DEBUG 10 dtxk.business.BasicService - LoadAllCADASTRAL_ZONE try to getting ALL CADASTRAL_ZONE 
2014-11-24 15:44:03,071 INFO 10 dtxk.business.BasicService - LoadAllCADASTRAL_ZONE method got CADASTRAL_ZONE with successfully
2014-11-24 15:44:03,073 DEBUG 10 dtxk.business.BasicService - LoadAllCADASTRAL_ZONE finished
2014-11-24 15:44:03,157 DEBUG 10 dtxk.business.BasicService - LoadAllLEGAL_FORMS started
2014-11-24 15:44:03,162 DEBUG 10 dtxk.business.BasicService - LoadAllLEGAL_FORMS try to getting ALL LEGAL_FORMS 
2014-11-24 15:44:03,223 INFO 10 dtxk.business.BasicService - LoadAllLEGAL_FORMS method got LEGAL_FORMS with successfully
2014-11-24 15:44:03,225 DEBUG 10 dtxk.business.BasicService - LoadAllLEGAL_FORMS finished
2014-11-24 15:44:15,330 DEBUG 10 dtxk.gis.FeatureRelatedClasses.ClsFeatureOperation - GetFeatureObject method started
2014-11-24 15:44:16,954 DEBUG 10 dtxk.gis.FeatureRelatedClasses.ClsFeatureOperation - GetFeatureObject method started
2014-11-24 15:44:22,373 DEBUG 10 dtxk.gis.FeatureRelatedClasses.ClsFeatureOperation - GetFeatureObject method started
2014-11-24 15:44:25,620 DEBUG 10 dtxk.gis.FeatureRelatedClasses.ClsFeatureOperation - GetFeatureObject method started
2014-11-24 15:44:53,527 DEBUG 10 dtxk.business.Services.ServiceParcel - FindParcelsByCadastralNo started
2014-11-24 15:44:53,530 DEBUG 10 dtxk.business.Services.ServiceParcel - FindParcelsByCadastralNo try to getting PARCEL by cadastralNo :00100101000003
2014-11-24 15:44:53,538 INFO 10 dtxk.business.Services.ServiceParcel - FindParcelsByCadastralNo method got PARCEL with successfully
2014-11-24 15:44:53,539 DEBUG 10 dtxk.business.Services.ServiceParcel - FindParcelsByCadastralNo finfished
2014-11-24 15:44:53,917 DEBUG 10 dtxk.business.BasicService - LoadAllDOCUMENT started
2014-11-24 15:44:53,921 DEBUG 10 dtxk.business.BasicService - LoadAllDOCUMENT try to getting ALL DOCUMENT 
2014-11-24 15:44:57,561 INFO 10 dtxk.business.BasicService - LoadAllDOCUMENT method got DOCUMENT with successfully
2014-11-24 15:44:57,563 DEBUG 10 dtxk.business.BasicService - LoadAllDOCUMENT finished
2014-11-24 15:48:43,517 INFO 9 dtxk.client.FrmLogIn - Program started
2014-11-24 15:48:44,275 DEBUG 9 dtxk.client.FrmLogIn - FrmLogin constuct finished.
2014-11-24 15:48:59,331 DEBUG 11 dtxk.business.Services.ServiceAppUser - GetAppUser started
2014-11-24 15:48:59,338 DEBUG 11 dtxk.business.Services.ServiceAppUser - GetAppUser username=admin trying to connect
2014-11-24 15:49:04,197 INFO 11 dtxk.business.Services.ServiceAppUser - GetAppUser username(admin) connected
2014-11-24 15:49:04,199 DEBUG 11 dtxk.business.Services.ServiceAppUser - GetAppUser finished
2014-11-24 15:49:24,172 DEBUG 9 dtxk.business.BasicService - LoadAllCADASTRAL_ZONE started
2014-11-24 15:49:24,197 DEBUG 9 dtxk.business.BasicService - LoadAllCADASTRAL_ZONE try to getting ALL CADASTRAL_ZONE 
2014-11-24 15:49:24,280 INFO 9 dtxk.business.BasicService - LoadAllCADASTRAL_ZONE method got CADASTRAL_ZONE with successfully
2014-11-24 15:49:24,283 DEBUG 9 dtxk.business.BasicService - LoadAllCADASTRAL_ZONE finished
2014-11-24 15:49:24,365 DEBUG 9 dtxk.business.BasicService - LoadAllLEGAL_FORMS started
2014-11-24 15:49:24,369 DEBUG 9 dtxk.business.BasicService - LoadAllLEGAL_FORMS try to getting ALL LEGAL_FORMS 
2014-11-24 15:49:24,429 INFO 9 dtxk.business.BasicService - LoadAllLEGAL_FORMS method got LEGAL_FORMS with successfully
2014-11-24 15:49:24,431 DEBUG 9 dtxk.business.BasicService - LoadAllLEGAL_FORMS finished
2014-11-24 15:49:34,250 DEBUG 9 dtxk.gis.FeatureRelatedClasses.ClsFeatureOperation - GetFeatureObject method started
2014-11-24 15:49:41,006 DEBUG 9 dtxk.gis.FeatureRelatedClasses.ClsFeatureOperation - GetFeatureObject method started
2014-11-24 16:00:27,857 INFO 10 dtxk.client.FrmLogIn - Program started
2014-11-24 16:00:28,951 DEBUG 10 dtxk.client.FrmLogIn - FrmLogin constuct finished.
2014-11-24 16:01:19,867 DEBUG 3 dtxk.business.Services.ServiceAppUser - GetAppUser started
2014-11-24 16:01:19,875 DEBUG 3 dtxk.business.Services.ServiceAppUser - GetAppUser username=admin trying to connect
2014-11-24 16:01:24,556 INFO 3 dtxk.business.Services.ServiceAppUser - GetAppUser username(admin) connected
2014-11-24 16:01:24,558 DEBUG 3 dtxk.business.Services.ServiceAppUser - GetAppUser finished
2014-11-24 16:02:26,595 DEBUG 10 dtxk.business.BasicService - LoadAllCADASTRAL_ZONE started
2014-11-24 16:02:26,623 DEBUG 10 dtxk.business.BasicService - LoadAllCADASTRAL_ZONE try to getting ALL CADASTRAL_ZONE 
2014-11-24 16:02:26,750 INFO 10 dtxk.business.BasicService - LoadAllCADASTRAL_ZONE method got CADASTRAL_ZONE with successfully
2014-11-24 16:02:26,753 DEBUG 10 dtxk.business.BasicService - LoadAllCADASTRAL_ZONE finished
2014-11-24 16:02:26,802 DEBUG 10 dtxk.business.BasicService - LoadAllLEGAL_FORMS started
2014-11-24 16:02:26,805 DEBUG 10 dtxk.business.BasicService - LoadAllLEGAL_FORMS try to getting ALL LEGAL_FORMS 
2014-11-24 16:02:26,868 INFO 10 dtxk.business.BasicService - LoadAllLEGAL_FORMS method got LEGAL_FORMS with successfully
2014-11-24 16:02:26,870 DEBUG 10 dtxk.business.BasicService - LoadAllLEGAL_FORMS finished
2014-11-24 16:02:36,639 DEBUG 10 dtxk.gis.FeatureRelatedClasses.ClsFeatureOperation - GetFeatureObject method started
2014-11-24 16:02:37,043 DEBUG 10 dtxk.gis.FeatureRelatedClasses.ClsFeatureOperation - GetFeatureObject method started
2014-11-24 16:02:38,590 DEBUG 10 dtxk.gis.FeatureRelatedClasses.ClsFeatureOperation - GetFeatureObject method started
2014-11-24 16:02:43,155 DEBUG 10 dtxk.gis.FeatureRelatedClasses.ClsFeatureOperation - GetFeatureObject method started
2014-11-24 16:02:46,667 DEBUG 10 dtxk.gis.FeatureRelatedClasses.ClsFeatureOperation - GetFeatureObject method started
2014-11-24 16:08:46,743 INFO 8 dtxk.client.FrmLogIn - Program started
2014-11-24 16:08:47,932 DEBUG 8 dtxk.client.FrmLogIn - FrmLogin constuct finished.
2014-11-24 16:08:55,535 DEBUG 10 dtxk.business.Services.ServiceAppUser - GetAppUser started
2014-11-24 16:08:55,543 DEBUG 10 dtxk.business.Services.ServiceAppUser - GetAppUser username=admin trying to connect
2014-11-24 16:09:00,532 INFO 10 dtxk.business.Services.ServiceAppUser - GetAppUser username(admin) connected
2014-11-24 16:09:00,534 DEBUG 10 dtxk.business.Services.ServiceAppUser - GetAppUser finished
2014-11-24 16:09:18,761 DEBUG 8 dtxk.business.BasicService - LoadAllCADASTRAL_ZONE started
2014-11-24 16:09:18,784 DEBUG 8 dtxk.business.BasicService - LoadAllCADASTRAL_ZONE try to getting ALL CADASTRAL_ZONE 
2014-11-24 16:09:18,869 INFO 8 dtxk.business.BasicService - LoadAllCADASTRAL_ZONE method got CADASTRAL_ZONE with successfully
2014-11-24 16:09:18,871 DEBUG 8 dtxk.business.BasicService - LoadAllCADASTRAL_ZONE finished
2014-11-24 16:09:18,946 DEBUG 8 dtxk.business.BasicService - LoadAllLEGAL_FORMS started
2014-11-24 16:09:18,950 DEBUG 8 dtxk.business.BasicService - LoadAllLEGAL_FORMS try to getting ALL LEGAL_FORMS 
2014-11-24 16:09:19,010 INFO 8 dtxk.business.BasicService - LoadAllLEGAL_FORMS method got LEGAL_FORMS with successfully
2014-11-24 16:09:19,012 DEBUG 8 dtxk.business.BasicService - LoadAllLEGAL_FORMS finished
2014-11-24 16:09:28,314 DEBUG 8 dtxk.gis.FeatureRelatedClasses.ClsFeatureOperation - GetFeatureObject method started
2014-11-24 16:09:28,711 DEBUG 8 dtxk.gis.FeatureRelatedClasses.ClsFeatureOperation - GetFeatureObject method started
2014-11-24 16:09:32,420 DEBUG 8 dtxk.gis.FeatureRelatedClasses.ClsFeatureOperation - GetFeatureObject method started
2014-11-24 16:10:08,476 DEBUG 8 dtxk.business.Services.ServiceParcel - FindParcelsByCadastralNo started
2014-11-24 16:10:08,479 DEBUG 8 dtxk.business.Services.ServiceParcel - FindParcelsByCadastralNo try to getting PARCEL by cadastralNo :00100101000003
2014-11-24 16:10:08,486 INFO 8 dtxk.business.Services.ServiceParcel - FindParcelsByCadastralNo method got PARCEL with successfully
2014-11-24 16:10:08,487 DEBUG 8 dtxk.business.Services.ServiceParcel - FindParcelsByCadastralNo finfished
2014-11-24 16:10:08,868 DEBUG 8 dtxk.business.BasicService - LoadAllDOCUMENT started
2014-11-24 16:10:08,872 DEBUG 8 dtxk.business.BasicService - LoadAllDOCUMENT try to getting ALL DOCUMENT 
2014-11-24 16:10:12,300 INFO 8 dtxk.business.BasicService - LoadAllDOCUMENT method got DOCUMENT with successfully
2014-11-24 16:10:12,301 DEBUG 8 dtxk.business.BasicService - LoadAllDOCUMENT finished
2014-11-24 16:12:59,654 INFO 8 dtxk.client.FrmLogIn - Program started
2014-11-24 16:13:00,204 DEBUG 8 dtxk.client.FrmLogIn - FrmLogin constuct finished.
2014-11-24 16:13:37,220 DEBUG 10 dtxk.business.Services.ServiceAppUser - GetAppUser started
2014-11-24 16:13:37,228 DEBUG 10 dtxk.business.Services.ServiceAppUser - GetAppUser username=admin trying to connect
2014-11-24 16:13:42,051 INFO 10 dtxk.business.Services.ServiceAppUser - GetAppUser username(admin) connected
2014-11-24 16:13:42,054 DEBUG 10 dtxk.business.Services.ServiceAppUser - GetAppUser finished
2014-11-24 16:14:03,317 DEBUG 8 dtxk.business.BasicService - LoadAllCADASTRAL_ZONE started
2014-11-24 16:14:03,341 DEBUG 8 dtxk.business.BasicService - LoadAllCADASTRAL_ZONE try to getting ALL CADASTRAL_ZONE 
2014-11-24 16:14:03,420 INFO 8 dtxk.business.BasicService - LoadAllCADASTRAL_ZONE method got CADASTRAL_ZONE with successfully
2014-11-24 16:14:03,423 DEBUG 8 dtxk.business.BasicService - LoadAllCADASTRAL_ZONE finished
2014-11-24 16:14:03,496 DEBUG 8 dtxk.business.BasicService - LoadAllLEGAL_FORMS started
2014-11-24 16:14:03,500 DEBUG 8 dtxk.business.BasicService - LoadAllLEGAL_FORMS try to getting ALL LEGAL_FORMS 
2014-11-24 16:14:03,565 INFO 8 dtxk.business.BasicService - LoadAllLEGAL_FORMS method got LEGAL_FORMS with successfully
2014-11-24 16:14:03,568 DEBUG 8 dtxk.business.BasicService - LoadAllLEGAL_FORMS finished
2014-11-24 16:14:19,976 DEBUG 8 dtxk.gis.FeatureRelatedClasses.ClsFeatureOperation - GetFeatureObject method started
2014-11-24 16:14:25,040 DEBUG 8 dtxk.gis.FeatureRelatedClasses.ClsFeatureOperation - GetFeatureObject method started
2014-11-24 16:14:37,120 DEBUG 8 dtxk.business.Services.ServiceParcel - FindParcelsByCadastralNo started
2014-11-24 16:14:37,123 DEBUG 8 dtxk.business.Services.ServiceParcel - FindParcelsByCadastralNo try to getting PARCEL by cadastralNo :00100101000004
2014-11-24 16:14:37,130 INFO 8 dtxk.business.Services.ServiceParcel - FindParcelsByCadastralNo method got PARCEL with successfully
2014-11-24 16:14:37,132 DEBUG 8 dtxk.business.Services.ServiceParcel - FindParcelsByCadastralNo finfished
2014-11-24 16:14:37,534 DEBUG 8 dtxk.business.BasicService - LoadAllDOCUMENT started
2014-11-24 16:14:37,538 DEBUG 8 dtxk.business.BasicService - LoadAllDOCUMENT try to getting ALL DOCUMENT 
2014-11-24 16:14:42,734 INFO 8 dtxk.business.BasicService - LoadAllDOCUMENT method got DOCUMENT with successfully
2014-11-24 16:14:42,737 DEBUG 8 dtxk.business.BasicService - LoadAllDOCUMENT finished
2014-11-24 16:32:39,443 INFO 9 dtxk.client.FrmLogIn - Program started
2014-11-24 16:32:40,725 DEBUG 9 dtxk.client.FrmLogIn - FrmLogin constuct finished.
2014-11-24 16:33:12,374 DEBUG 3 dtxk.business.Services.ServiceAppUser - GetAppUser started
2014-11-24 16:33:12,382 DEBUG 3 dtxk.business.Services.ServiceAppUser - GetAppUser username=admin trying to connect
2014-11-24 16:33:17,480 INFO 3 dtxk.business.Services.ServiceAppUser - GetAppUser username(admin) connected
2014-11-24 16:33:17,482 DEBUG 3 dtxk.business.Services.ServiceAppUser - GetAppUser finished
2014-11-24 16:33:47,014 DEBUG 9 dtxk.business.BasicService - LoadAllCADASTRAL_ZONE started
2014-11-24 16:33:47,037 DEBUG 9 dtxk.business.BasicService - LoadAllCADASTRAL_ZONE try to getting ALL CADASTRAL_ZONE 
2014-11-24 16:33:47,113 INFO 9 dtxk.business.BasicService - LoadAllCADASTRAL_ZONE method got CADASTRAL_ZONE with successfully
2014-11-24 16:33:47,116 DEBUG 9 dtxk.business.BasicService - LoadAllCADASTRAL_ZONE finished
2014-11-24 16:33:47,190 DEBUG 9 dtxk.business.BasicService - LoadAllLEGAL_FORMS started
2014-11-24 16:33:47,194 DEBUG 9 dtxk.business.BasicService - LoadAllLEGAL_FORMS try to getting ALL LEGAL_FORMS 
2014-11-24 16:33:47,248 INFO 9 dtxk.business.BasicService - LoadAllLEGAL_FORMS method got LEGAL_FORMS with successfully
2014-11-24 16:33:47,250 DEBUG 9 dtxk.business.BasicService - LoadAllLEGAL_FORMS finished
2014-11-24 16:34:01,497 DEBUG 9 dtxk.gis.FeatureRelatedClasses.ClsFeatureOperation - GetFeatureObject method started
2014-11-24 16:34:01,899 DEBUG 9 dtxk.gis.FeatureRelatedClasses.ClsFeatureOperation - GetFeatureObject method started
2014-11-24 16:34:02,231 DEBUG 9 dtxk.gis.FeatureRelatedClasses.ClsFeatureOperation - GetFeatureObject method started
2014-11-24 16:34:05,854 DEBUG 9 dtxk.gis.FeatureRelatedClasses.ClsFeatureOperation - GetFeatureObject method started
2014-11-24 16:37:32,059 INFO 8 dtxk.client.FrmLogIn - Program started
2014-11-24 16:37:32,636 DEBUG 8 dtxk.client.FrmLogIn - FrmLogin constuct finished.
2014-11-24 16:37:59,345 DEBUG 10 dtxk.business.Services.ServiceAppUser - GetAppUser started
2014-11-24 16:37:59,353 DEBUG 10 dtxk.business.Services.ServiceAppUser - GetAppUser username=admin trying to connect
2014-11-24 16:38:03,891 INFO 10 dtxk.business.Services.ServiceAppUser - GetAppUser username(admin) connected
2014-11-24 16:38:03,894 DEBUG 10 dtxk.business.Services.ServiceAppUser - GetAppUser finished
2014-11-24 16:38:13,562 DEBUG 8 dtxk.business.BasicService - LoadAllCADASTRAL_ZONE started
2014-11-24 16:38:13,584 DEBUG 8 dtxk.business.BasicService - LoadAllCADASTRAL_ZONE try to getting ALL CADASTRAL_ZONE 
2014-11-24 16:38:13,650 INFO 8 dtxk.business.BasicService - LoadAllCADASTRAL_ZONE method got CADASTRAL_ZONE with successfully
2014-11-24 16:38:13,652 DEBUG 8 dtxk.business.BasicService - LoadAllCADASTRAL_ZONE finished
2014-11-24 16:38:13,864 DEBUG 8 dtxk.business.BasicService - LoadAllLEGAL_FORMS started
2014-11-24 16:38:13,867 DEBUG 8 dtxk.business.BasicService - LoadAllLEGAL_FORMS try to getting ALL LEGAL_FORMS 
2014-11-24 16:38:13,914 INFO 8 dtxk.business.BasicService - LoadAllLEGAL_FORMS method got LEGAL_FORMS with successfully
2014-11-24 16:38:13,916 DEBUG 8 dtxk.business.BasicService - LoadAllLEGAL_FORMS finished
2014-11-24 16:41:19,056 DEBUG 8 dtxk.business.BasicService - LoadAllCADASTRAL_ZONE started
2014-11-24 16:41:19,061 DEBUG 8 dtxk.business.BasicService - LoadAllCADASTRAL_ZONE try to getting ALL CADASTRAL_ZONE 
2014-11-24 16:41:19,078 INFO 8 dtxk.business.BasicService - LoadAllCADASTRAL_ZONE method got CADASTRAL_ZONE with successfully
2014-11-24 16:41:19,080 DEBUG 8 dtxk.business.BasicService - LoadAllCADASTRAL_ZONE finished
2014-11-24 16:41:19,253 DEBUG 8 dtxk.business.BasicService - LoadAllLEGAL_FORMS started
2014-11-24 16:41:19,255 DEBUG 8 dtxk.business.BasicService - LoadAllLEGAL_FORMS try to getting ALL LEGAL_FORMS 
2014-11-24 16:41:19,267 INFO 8 dtxk.business.BasicService - LoadAllLEGAL_FORMS method got LEGAL_FORMS with successfully
2014-11-24 16:41:19,268 DEBUG 8 dtxk.business.BasicService - LoadAllLEGAL_FORMS finished
2014-11-24 16:41:31,239 DEBUG 8 dtxk.gis.FeatureRelatedClasses.ClsFeatureOperation - GetFeatureObject method started
2014-11-24 16:41:31,902 DEBUG 8 dtxk.gis.FeatureRelatedClasses.ClsFeatureOperation - GetFeatureObject method started
2014-11-24 16:41:35,962 DEBUG 8 dtxk.gis.FeatureRelatedClasses.ClsFeatureOperation - GetFeatureObject method started
2014-11-24 16:41:57,971 DEBUG 8 dtxk.business.Services.ServiceParcel - FindParcelsByCadastralNo started
2014-11-24 16:41:57,974 DEBUG 8 dtxk.business.Services.ServiceParcel - FindParcelsByCadastralNo try to getting PARCEL by cadastralNo :00100101000003
2014-11-24 16:41:57,981 INFO 8 dtxk.business.Services.ServiceParcel - FindParcelsByCadastralNo method got PARCEL with successfully
2014-11-24 16:41:57,982 DEBUG 8 dtxk.business.Services.ServiceParcel - FindParcelsByCadastralNo finfished
2014-11-24 16:41:58,314 DEBUG 8 dtxk.business.BasicService - LoadAllDOCUMENT started
2014-11-24 16:41:58,318 DEBUG 8 dtxk.business.BasicService - LoadAllDOCUMENT try to getting ALL DOCUMENT 
2014-11-24 16:42:01,881 INFO 8 dtxk.business.BasicService - LoadAllDOCUMENT method got DOCUMENT with successfully
2014-11-24 16:42:01,883 DEBUG 8 dtxk.business.BasicService - LoadAllDOCUMENT finished
2014-11-24 16:42:43,725 DEBUG 8 dtxk.gis.FeatureRelatedClasses.ClsFeatureOperation - GetFeatureObject method started
2014-11-24 16:42:55,751 DEBUG 8 dtxk.business.Services.ServiceParcel - FindParcelsByCadastralNo started
2014-11-24 16:42:55,754 DEBUG 8 dtxk.business.Services.ServiceParcel - FindParcelsByCadastralNo try to getting PARCEL by cadastralNo :00100101000003
2014-11-24 16:42:55,756 INFO 8 dtxk.business.Services.ServiceParcel - FindParcelsByCadastralNo method got PARCEL with successfully
2014-11-24 16:42:55,757 DEBUG 8 dtxk.business.Services.ServiceParcel - FindParcelsByCadastralNo finfished
2014-11-24 16:42:55,789 DEBUG 8 dtxk.business.BasicService - LoadAllDOCUMENT started
2014-11-24 16:42:55,791 DEBUG 8 dtxk.business.BasicService - LoadAllDOCUMENT try to getting ALL DOCUMENT 
2014-11-24 16:42:59,088 INFO 8 dtxk.business.BasicService - LoadAllDOCUMENT method got DOCUMENT with successfully
2014-11-24 16:42:59,091 DEBUG 8 dtxk.business.BasicService - LoadAllDOCUMENT finished
2014-11-24 16:51:51,923 INFO 10 dtxk.client.FrmLogIn - Program started
2014-11-24 16:51:52,614 DEBUG 10 dtxk.client.FrmLogIn - FrmLogin constuct finished.
2014-11-24 16:52:08,061 DEBUG 3 dtxk.business.Services.ServiceAppUser - GetAppUser started
2014-11-24 16:52:08,068 DEBUG 3 dtxk.business.Services.ServiceAppUser - GetAppUser username=admin trying to connect
2014-11-24 16:52:12,746 INFO 3 dtxk.business.Services.ServiceAppUser - GetAppUser username(admin) connected
2014-11-24 16:52:12,749 DEBUG 3 dtxk.business.Services.ServiceAppUser - GetAppUser finished
2014-11-24 16:52:37,157 DEBUG 10 dtxk.business.BasicService - LoadAllCADASTRAL_ZONE started
2014-11-24 16:52:37,184 DEBUG 10 dtxk.business.BasicService - LoadAllCADASTRAL_ZONE try to getting ALL CADASTRAL_ZONE 
2014-11-24 16:52:37,269 INFO 10 dtxk.business.BasicService - LoadAllCADASTRAL_ZONE method got CADASTRAL_ZONE with successfully
2014-11-24 16:52:37,272 DEBUG 10 dtxk.business.BasicService - LoadAllCADASTRAL_ZONE finished
2014-11-24 16:52:37,560 DEBUG 10 dtxk.business.BasicService - LoadAllLEGAL_FORMS started
2014-11-24 16:52:37,565 DEBUG 10 dtxk.business.BasicService - LoadAllLEGAL_FORMS try to getting ALL LEGAL_FORMS 
2014-11-24 16:52:37,627 INFO 10 dtxk.business.BasicService - LoadAllLEGAL_FORMS method got LEGAL_FORMS with successfully
2014-11-24 16:52:37,629 DEBUG 10 dtxk.business.BasicService - LoadAllLEGAL_FORMS finished
2014-11-24 16:52:51,218 DEBUG 10 dtxk.gis.FeatureRelatedClasses.ClsFeatureOperation - GetFeatureObject method started
2014-11-24 16:52:57,070 DEBUG 10 dtxk.gis.FeatureRelatedClasses.ClsFeatureOperation - GetFeatureObject method started
2014-11-24 16:53:02,028 DEBUG 10 dtxk.business.Services.ServiceParcel - FindParcelsByCadastralNo started
2014-11-24 16:53:02,031 DEBUG 10 dtxk.business.Services.ServiceParcel - FindParcelsByCadastralNo try to getting PARCEL by cadastralNo :00100101000003
2014-11-24 16:53:02,039 INFO 10 dtxk.business.Services.ServiceParcel - FindParcelsByCadastralNo method got PARCEL with successfully
2014-11-24 16:53:02,040 DEBUG 10 dtxk.business.Services.ServiceParcel - FindParcelsByCadastralNo finfished
2014-11-24 16:53:02,425 DEBUG 10 dtxk.business.BasicService - LoadAllDOCUMENT started
2014-11-24 16:53:02,429 DEBUG 10 dtxk.business.BasicService - LoadAllDOCUMENT try to getting ALL DOCUMENT 
2014-11-24 16:53:07,118 INFO 10 dtxk.business.BasicService - LoadAllDOCUMENT method got DOCUMENT with successfully
2014-11-24 16:53:07,121 DEBUG 10 dtxk.business.BasicService - LoadAllDOCUMENT finished
2014-11-24 16:59:32,523 INFO 10 dtxk.client.FrmLogIn - Program started
2014-11-24 16:59:33,118 DEBUG 10 dtxk.client.FrmLogIn - FrmLogin constuct finished.
2014-11-24 16:59:38,991 DEBUG 3 dtxk.business.Services.ServiceAppUser - GetAppUser started
2014-11-24 16:59:38,999 DEBUG 3 dtxk.business.Services.ServiceAppUser - GetAppUser username=admin trying to connect
2014-11-24 16:59:43,688 INFO 3 dtxk.business.Services.ServiceAppUser - GetAppUser username(admin) connected
2014-11-24 16:59:43,691 DEBUG 3 dtxk.business.Services.ServiceAppUser - GetAppUser finished
2014-11-24 17:00:07,082 DEBUG 10 dtxk.business.BasicService - LoadAllCADASTRAL_ZONE started
2014-11-24 17:00:07,108 DEBUG 10 dtxk.business.BasicService - LoadAllCADASTRAL_ZONE try to getting ALL CADASTRAL_ZONE 
2014-11-24 17:00:07,194 INFO 10 dtxk.business.BasicService - LoadAllCADASTRAL_ZONE method got CADASTRAL_ZONE with successfully
2014-11-24 17:00:07,197 DEBUG 10 dtxk.business.BasicService - LoadAllCADASTRAL_ZONE finished
2014-11-24 17:00:07,465 DEBUG 10 dtxk.business.BasicService - LoadAllLEGAL_FORMS started
2014-11-24 17:00:07,469 DEBUG 10 dtxk.business.BasicService - LoadAllLEGAL_FORMS try to getting ALL LEGAL_FORMS 
2014-11-24 17:00:07,534 INFO 10 dtxk.business.BasicService - LoadAllLEGAL_FORMS method got LEGAL_FORMS with successfully
2014-11-24 17:00:07,536 DEBUG 10 dtxk.business.BasicService - LoadAllLEGAL_FORMS finished
2014-11-24 17:00:10,928 DEBUG 10 dtxk.business.BasicService - LoadAllCADASTRAL_REGION started
2014-11-24 17:00:10,932 DEBUG 10 dtxk.business.BasicService - LoadAllCADASTRAL_REGION try to getting ALL CADASTRAL_REGION 
2014-11-24 17:00:11,044 INFO 10 dtxk.business.BasicService - LoadAllCADASTRAL_REGION method got CADASTRAL_REGION with successfully
2014-11-24 17:00:11,046 DEBUG 10 dtxk.business.BasicService - LoadAllCADASTRAL_REGION finished
2014-11-24 17:00:18,069 DEBUG 10 dtxk.gis.FeatureRelatedClasses.ClsFeatureOperation - GetFeatureObject method started
2014-11-24 17:00:18,773 DEBUG 10 dtxk.gis.FeatureRelatedClasses.ClsFeatureOperation - GetFeatureObject method started
2014-11-24 17:00:23,225 DEBUG 10 dtxk.gis.FeatureRelatedClasses.ClsFeatureOperation - GetFeatureObject method started
2014-11-24 17:00:25,546 DEBUG 10 dtxk.business.Services.ServiceParcel - FindParcelsByCadastralNo started
2014-11-24 17:00:25,549 DEBUG 10 dtxk.business.Services.ServiceParcel - FindParcelsByCadastralNo try to getting PARCEL by cadastralNo :00100101000003
2014-11-24 17:00:25,557 INFO 10 dtxk.business.Services.ServiceParcel - FindParcelsByCadastralNo method got PARCEL with successfully
2014-11-24 17:00:25,558 DEBUG 10 dtxk.business.Services.ServiceParcel - FindParcelsByCadastralNo finfished
2014-11-24 17:00:25,924 DEBUG 10 dtxk.business.BasicService - LoadAllDOCUMENT started
2014-11-24 17:00:25,927 DEBUG 10 dtxk.business.BasicService - LoadAllDOCUMENT try to getting ALL DOCUMENT 
2014-11-24 17:00:30,695 INFO 10 dtxk.business.BasicService - LoadAllDOCUMENT method got DOCUMENT with successfully
2014-11-24 17:00:30,698 DEBUG 10 dtxk.business.BasicService - LoadAllDOCUMENT finished
2014-11-24 17:04:18,011 INFO 9 dtxk.client.FrmLogIn - Program started
2014-11-24 17:04:18,745 DEBUG 9 dtxk.client.FrmLogIn - FrmLogin constuct finished.
2014-11-24 17:04:25,275 DEBUG 11 dtxk.business.Services.ServiceAppUser - GetAppUser started
2014-11-24 17:04:25,280 DEBUG 11 dtxk.business.Services.ServiceAppUser - GetAppUser username=admin trying to connect
2014-11-24 17:04:29,249 INFO 11 dtxk.business.Services.ServiceAppUser - GetAppUser username(admin) connected
2014-11-24 17:04:29,250 DEBUG 11 dtxk.business.Services.ServiceAppUser - GetAppUser finished
2014-11-24 17:04:52,019 DEBUG 9 dtxk.business.BasicService - LoadAllCADASTRAL_ZONE started
2014-11-24 17:04:52,037 DEBUG 9 dtxk.business.BasicService - LoadAllCADASTRAL_ZONE try to getting ALL CADASTRAL_ZONE 
2014-11-24 17:04:52,089 INFO 9 dtxk.business.BasicService - LoadAllCADASTRAL_ZONE method got CADASTRAL_ZONE with successfully
2014-11-24 17:04:52,091 DEBUG 9 dtxk.business.BasicService - LoadAllCADASTRAL_ZONE finished
2014-11-24 17:04:52,218 DEBUG 9 dtxk.business.BasicService - LoadAllLEGAL_FORMS started
2014-11-24 17:04:52,221 DEBUG 9 dtxk.business.BasicService - LoadAllLEGAL_FORMS try to getting ALL LEGAL_FORMS 
2014-11-24 17:04:52,259 INFO 9 dtxk.business.BasicService - LoadAllLEGAL_FORMS method got LEGAL_FORMS with successfully
2014-11-24 17:04:52,260 DEBUG 9 dtxk.business.BasicService - LoadAllLEGAL_FORMS finished
2014-11-24 17:04:54,469 DEBUG 9 dtxk.business.BasicService - LoadAllCADASTRAL_REGION started
2014-11-24 17:04:54,471 DEBUG 9 dtxk.business.BasicService - LoadAllCADASTRAL_REGION try to getting ALL CADASTRAL_REGION 
2014-11-24 17:04:54,526 INFO 9 dtxk.business.BasicService - LoadAllCADASTRAL_REGION method got CADASTRAL_REGION with successfully
2014-11-24 17:04:54,527 DEBUG 9 dtxk.business.BasicService - LoadAllCADASTRAL_REGION finished
2014-11-24 17:05:00,236 DEBUG 9 dtxk.gis.FeatureRelatedClasses.ClsFeatureOperation - GetFeatureObject method started
2014-11-24 17:05:00,678 DEBUG 9 dtxk.gis.FeatureRelatedClasses.ClsFeatureOperation - GetFeatureObject method started
2014-11-24 17:05:06,228 DEBUG 9 dtxk.gis.FeatureRelatedClasses.ClsFeatureOperation - GetFeatureObject method started
2014-11-24 17:05:07,495 DEBUG 9 dtxk.business.Services.ServiceParcel - FindParcelsByCadastralNo started
2014-11-24 17:05:07,498 DEBUG 9 dtxk.business.Services.ServiceParcel - FindParcelsByCadastralNo try to getting PARCEL by cadastralNo :00100101000004
2014-11-24 17:05:07,503 INFO 9 dtxk.business.Services.ServiceParcel - FindParcelsByCadastralNo method got PARCEL with successfully
2014-11-24 17:05:07,505 DEBUG 9 dtxk.business.Services.ServiceParcel - FindParcelsByCadastralNo finfished
2014-11-24 17:05:07,693 DEBUG 9 dtxk.business.BasicService - LoadAllDOCUMENT started
2014-11-24 17:05:07,696 DEBUG 9 dtxk.business.BasicService - LoadAllDOCUMENT try to getting ALL DOCUMENT 
2014-11-24 17:05:10,334 INFO 9 dtxk.business.BasicService - LoadAllDOCUMENT method got DOCUMENT with successfully
2014-11-24 17:05:10,336 DEBUG 9 dtxk.business.BasicService - LoadAllDOCUMENT finished
2014-11-24 17:08:41,447 INFO 9 dtxk.client.FrmLogIn - Program started
2014-11-24 17:08:42,521 DEBUG 9 dtxk.client.FrmLogIn - FrmLogin constuct finished.
2014-11-24 17:08:48,809 DEBUG 11 dtxk.business.Services.ServiceAppUser - GetAppUser started
2014-11-24 17:08:48,817 DEBUG 11 dtxk.business.Services.ServiceAppUser - GetAppUser username=admin trying to connect
2014-11-24 17:08:53,663 INFO 11 dtxk.business.Services.ServiceAppUser - GetAppUser username(admin) connected
2014-11-24 17:08:53,665 DEBUG 11 dtxk.business.Services.ServiceAppUser - GetAppUser finished
2014-11-24 17:09:31,622 DEBUG 9 dtxk.business.BasicService - LoadAllCADASTRAL_ZONE started
2014-11-24 17:09:31,648 DEBUG 9 dtxk.business.BasicService - LoadAllCADASTRAL_ZONE try to getting ALL CADASTRAL_ZONE 
2014-11-24 17:09:31,774 INFO 9 dtxk.business.BasicService - LoadAllCADASTRAL_ZONE method got CADASTRAL_ZONE with successfully
2014-11-24 17:09:31,778 DEBUG 9 dtxk.business.BasicService - LoadAllCADASTRAL_ZONE finished
2014-11-24 17:09:31,836 DEBUG 9 dtxk.business.BasicService - LoadAllLEGAL_FORMS started
2014-11-24 17:09:31,839 DEBUG 9 dtxk.business.BasicService - LoadAllLEGAL_FORMS try to getting ALL LEGAL_FORMS 
2014-11-24 17:09:31,900 INFO 9 dtxk.business.BasicService - LoadAllLEGAL_FORMS method got LEGAL_FORMS with successfully
2014-11-24 17:09:31,903 DEBUG 9 dtxk.business.BasicService - LoadAllLEGAL_FORMS finished
2014-11-24 17:09:41,776 DEBUG 9 dtxk.gis.FeatureRelatedClasses.ClsFeatureOperation - GetFeatureObject method started
2014-11-24 17:09:42,168 DEBUG 9 dtxk.gis.FeatureRelatedClasses.ClsFeatureOperation - GetFeatureObject method started
2014-11-24 17:09:48,441 DEBUG 9 dtxk.gis.FeatureRelatedClasses.ClsFeatureOperation - GetFeatureObject method started
2014-11-24 17:09:54,543 DEBUG 9 dtxk.business.Services.ServiceParcel - FindParcelsByCadastralNo started
2014-11-24 17:09:54,546 DEBUG 9 dtxk.business.Services.ServiceParcel - FindParcelsByCadastralNo try to getting PARCEL by cadastralNo :00100101000004
2014-11-24 17:09:54,550 INFO 9 dtxk.business.Services.ServiceParcel - FindParcelsByCadastralNo method got PARCEL with successfully
2014-11-24 17:09:54,551 DEBUG 9 dtxk.business.Services.ServiceParcel - FindParcelsByCadastralNo finfished
2014-11-24 17:09:54,754 DEBUG 9 dtxk.business.BasicService - LoadAllDOCUMENT started
2014-11-24 17:09:54,757 DEBUG 9 dtxk.business.BasicService - LoadAllDOCUMENT try to getting ALL DOCUMENT 
2014-11-24 17:09:57,565 INFO 9 dtxk.business.BasicService - LoadAllDOCUMENT method got DOCUMENT with successfully
2014-11-24 17:09:57,568 DEBUG 9 dtxk.business.BasicService - LoadAllDOCUMENT finished
2014-11-24 17:10:28,469 DEBUG 9 dtxk.gis.FeatureRelatedClasses.ClsFeatureOperation - GetFeatureObject method started
2014-11-24 17:10:48,525 DEBUG 9 dtxk.business.Services.ServiceParcel - FindParcelsByCadastralNo started
2014-11-24 17:10:48,527 DEBUG 9 dtxk.business.Services.ServiceParcel - FindParcelsByCadastralNo try to getting PARCEL by cadastralNo :00100101000004
2014-11-24 17:10:48,528 INFO 9 dtxk.business.Services.ServiceParcel - FindParcelsByCadastralNo method got PARCEL with successfully
2014-11-24 17:10:48,529 DEBUG 9 dtxk.business.Services.ServiceParcel - FindParcelsByCadastralNo finfished
2014-11-24 17:10:48,552 DEBUG 9 dtxk.business.BasicService - LoadAllDOCUMENT started
2014-11-24 17:10:48,553 DEBUG 9 dtxk.business.BasicService - LoadAllDOCUMENT try to getting ALL DOCUMENT 
2014-11-24 17:10:50,672 INFO 9 dtxk.business.BasicService - LoadAllDOCUMENT method got DOCUMENT with successfully
2014-11-24 17:10:50,674 DEBUG 9 dtxk.business.BasicService - LoadAllDOCUMENT finished
2014-11-24 17:11:28,988 DEBUG 9 dtxk.gis.FeatureRelatedClasses.ClsFeatureOperation - GetFeatureObject method started
2014-11-24 17:11:35,003 DEBUG 9 dtxk.business.Services.ServiceParcel - FindParcelsByCadastralNo started
2014-11-24 17:11:35,005 DEBUG 9 dtxk.business.Services.ServiceParcel - FindParcelsByCadastralNo try to getting PARCEL by cadastralNo :00100101000004
2014-11-24 17:11:35,007 INFO 9 dtxk.business.Services.ServiceParcel - FindParcelsByCadastralNo method got PARCEL with successfully
2014-11-24 17:11:35,008 DEBUG 9 dtxk.business.Services.ServiceParcel - FindParcelsByCadastralNo finfished
2014-11-24 17:11:35,036 DEBUG 9 dtxk.business.BasicService - LoadAllDOCUMENT started
2014-11-24 17:11:35,037 DEBUG 9 dtxk.business.BasicService - LoadAllDOCUMENT try to getting ALL DOCUMENT 
2014-11-24 17:11:37,399 INFO 9 dtxk.business.BasicService - LoadAllDOCUMENT method got DOCUMENT with successfully
2014-11-24 17:11:37,402 DEBUG 9 dtxk.business.BasicService - LoadAllDOCUMENT finished
2014-11-24 17:14:13,365 INFO 9 dtxk.client.FrmLogIn - Program started
2014-11-24 17:14:13,962 DEBUG 9 dtxk.client.FrmLogIn - FrmLogin constuct finished.
2014-11-24 17:14:20,434 DEBUG 11 dtxk.business.Services.ServiceAppUser - GetAppUser started
2014-11-24 17:14:20,519 DEBUG 11 dtxk.business.Services.ServiceAppUser - GetAppUser username=admin trying to connect
2014-11-24 17:14:25,335 INFO 11 dtxk.business.Services.ServiceAppUser - GetAppUser username(admin) connected
2014-11-24 17:14:25,337 DEBUG 11 dtxk.business.Services.ServiceAppUser - GetAppUser finished
2014-11-24 17:14:45,569 DEBUG 9 dtxk.business.BasicService - LoadAllCADASTRAL_ZONE started
2014-11-24 17:14:45,595 DEBUG 9 dtxk.business.BasicService - LoadAllCADASTRAL_ZONE try to getting ALL CADASTRAL_ZONE 
2014-11-24 17:14:45,680 INFO 9 dtxk.business.BasicService - LoadAllCADASTRAL_ZONE method got CADASTRAL_ZONE with successfully
2014-11-24 17:14:45,683 DEBUG 9 dtxk.business.BasicService - LoadAllCADASTRAL_ZONE finished
2014-11-24 17:14:45,760 DEBUG 9 dtxk.business.BasicService - LoadAllLEGAL_FORMS started
2014-11-24 17:14:45,764 DEBUG 9 dtxk.business.BasicService - LoadAllLEGAL_FORMS try to getting ALL LEGAL_FORMS 
2014-11-24 17:14:45,820 INFO 9 dtxk.business.BasicService - LoadAllLEGAL_FORMS method got LEGAL_FORMS with successfully
2014-11-24 17:14:45,822 DEBUG 9 dtxk.business.BasicService - LoadAllLEGAL_FORMS finished
2014-11-24 17:14:55,690 DEBUG 9 dtxk.gis.FeatureRelatedClasses.ClsFeatureOperation - GetFeatureObject method started
2014-11-24 17:14:56,059 DEBUG 9 dtxk.gis.FeatureRelatedClasses.ClsFeatureOperation - GetFeatureObject method started
2014-11-24 17:14:56,392 DEBUG 9 dtxk.gis.FeatureRelatedClasses.ClsFeatureOperation - GetFeatureObject method started
2014-11-24 17:15:01,525 DEBUG 9 dtxk.gis.FeatureRelatedClasses.ClsFeatureOperation - GetFeatureObject method started
2014-11-24 17:15:19,651 DEBUG 9 dtxk.business.Services.ServiceParcel - FindParcelsByCadastralNo started
2014-11-24 17:15:19,654 DEBUG 9 dtxk.business.Services.ServiceParcel - FindParcelsByCadastralNo try to getting PARCEL by cadastralNo :00100101000003
2014-11-24 17:15:19,659 INFO 9 dtxk.business.Services.ServiceParcel - FindParcelsByCadastralNo method got PARCEL with successfully
2014-11-24 17:15:19,661 DEBUG 9 dtxk.business.Services.ServiceParcel - FindParcelsByCadastralNo finfished
2014-11-24 17:15:19,924 DEBUG 9 dtxk.business.BasicService - LoadAllDOCUMENT started
2014-11-24 17:15:19,927 DEBUG 9 dtxk.business.BasicService - LoadAllDOCUMENT try to getting ALL DOCUMENT 
2014-11-24 17:15:22,882 INFO 9 dtxk.business.BasicService - LoadAllDOCUMENT method got DOCUMENT with successfully
2014-11-24 17:15:22,884 DEBUG 9 dtxk.business.BasicService - LoadAllDOCUMENT finished
2014-11-24 17:16:48,487 INFO 9 dtxk.client.FrmLogIn - Program started
2014-11-24 17:16:49,819 DEBUG 9 dtxk.client.FrmLogIn - FrmLogin constuct finished.
2014-11-24 17:17:25,787 DEBUG 11 dtxk.business.Services.ServiceAppUser - GetAppUser started
2014-11-24 17:17:25,794 DEBUG 11 dtxk.business.Services.ServiceAppUser - GetAppUser username=admin trying to connect
2014-11-24 17:17:30,674 INFO 11 dtxk.business.Services.ServiceAppUser - GetAppUser username(admin) connected
2014-11-24 17:17:30,677 DEBUG 11 dtxk.business.Services.ServiceAppUser - GetAppUser finished
2014-11-24 17:17:52,307 DEBUG 9 dtxk.business.BasicService - LoadAllCADASTRAL_ZONE started
2014-11-24 17:17:52,328 DEBUG 9 dtxk.business.BasicService - LoadAllCADASTRAL_ZONE try to getting ALL CADASTRAL_ZONE 
2014-11-24 17:17:52,383 INFO 9 dtxk.business.BasicService - LoadAllCADASTRAL_ZONE method got CADASTRAL_ZONE with successfully
2014-11-24 17:17:52,407 DEBUG 9 dtxk.business.BasicService - LoadAllCADASTRAL_ZONE finished
2014-11-24 17:17:52,442 DEBUG 9 dtxk.business.BasicService - LoadAllLEGAL_FORMS started
2014-11-24 17:17:52,445 DEBUG 9 dtxk.business.BasicService - LoadAllLEGAL_FORMS try to getting ALL LEGAL_FORMS 
2014-11-24 17:17:52,488 INFO 9 dtxk.business.BasicService - LoadAllLEGAL_FORMS method got LEGAL_FORMS with successfully
2014-11-24 17:17:52,489 DEBUG 9 dtxk.business.BasicService - LoadAllLEGAL_FORMS finished
2014-11-24 17:18:02,690 DEBUG 9 dtxk.gis.FeatureRelatedClasses.ClsFeatureOperation - GetFeatureObject method started
2014-11-24 17:18:03,058 DEBUG 9 dtxk.gis.FeatureRelatedClasses.ClsFeatureOperation - GetFeatureObject method started
2014-11-24 17:18:03,383 DEBUG 9 dtxk.gis.FeatureRelatedClasses.ClsFeatureOperation - GetFeatureObject method started
2014-11-24 17:18:03,711 DEBUG 9 dtxk.gis.FeatureRelatedClasses.ClsFeatureOperation - GetFeatureObject method started
2014-11-24 17:18:10,421 DEBUG 9 dtxk.gis.FeatureRelatedClasses.ClsFeatureOperation - GetFeatureObject method started
2014-11-24 17:18:11,465 DEBUG 9 dtxk.gis.FeatureRelatedClasses.ClsFeatureOperation - GetFeatureObject method started
2014-11-24 17:18:14,945 DEBUG 9 dtxk.gis.FeatureRelatedClasses.ClsFeatureOperation - GetFeatureObject method started
2014-11-24 17:18:33,062 DEBUG 9 dtxk.business.Services.ServiceParcel - FindParcelsByCadastralNo started
2014-11-24 17:18:33,065 DEBUG 9 dtxk.business.Services.ServiceParcel - FindParcelsByCadastralNo try to getting PARCEL by cadastralNo :00100101000004
2014-11-24 17:18:33,072 INFO 9 dtxk.business.Services.ServiceParcel - FindParcelsByCadastralNo method got PARCEL with successfully
2014-11-24 17:18:33,074 DEBUG 9 dtxk.business.Services.ServiceParcel - FindParcelsByCadastralNo finfished
2014-11-24 17:18:33,473 DEBUG 9 dtxk.business.BasicService - LoadAllDOCUMENT started
2014-11-24 17:18:33,477 DEBUG 9 dtxk.business.BasicService - LoadAllDOCUMENT try to getting ALL DOCUMENT 
2014-11-24 17:18:37,828 INFO 9 dtxk.business.BasicService - LoadAllDOCUMENT method got DOCUMENT with successfully
2014-11-24 17:18:37,831 DEBUG 9 dtxk.business.BasicService - LoadAllDOCUMENT finished
2014-11-24 17:20:02,008 INFO 9 dtxk.client.FrmLogIn - Program started
2014-11-24 17:20:03,052 DEBUG 9 dtxk.client.FrmLogIn - FrmLogin constuct finished.
2014-11-24 17:20:17,893 DEBUG 11 dtxk.business.Services.ServiceAppUser - GetAppUser started
2014-11-24 17:20:17,900 DEBUG 11 dtxk.business.Services.ServiceAppUser - GetAppUser username=admin trying to connect
2014-11-24 17:20:23,832 INFO 11 dtxk.business.Services.ServiceAppUser - GetAppUser username(admin) connected
2014-11-24 17:20:23,834 DEBUG 11 dtxk.business.Services.ServiceAppUser - GetAppUser finished
2014-11-24 17:20:47,161 DEBUG 9 dtxk.business.BasicService - LoadAllCADASTRAL_ZONE started
2014-11-24 17:20:47,180 DEBUG 9 dtxk.business.BasicService - LoadAllCADASTRAL_ZONE try to getting ALL CADASTRAL_ZONE 
2014-11-24 17:20:47,301 INFO 9 dtxk.business.BasicService - LoadAllCADASTRAL_ZONE method got CADASTRAL_ZONE with successfully
2014-11-24 17:20:47,304 DEBUG 9 dtxk.business.BasicService - LoadAllCADASTRAL_ZONE finished
2014-11-24 17:20:47,352 DEBUG 9 dtxk.business.BasicService - LoadAllLEGAL_FORMS started
2014-11-24 17:20:47,355 DEBUG 9 dtxk.business.BasicService - LoadAllLEGAL_FORMS try to getting ALL LEGAL_FORMS 
2014-11-24 17:20:47,413 INFO 9 dtxk.business.BasicService - LoadAllLEGAL_FORMS method got LEGAL_FORMS with successfully
2014-11-24 17:20:47,415 DEBUG 9 dtxk.business.BasicService - LoadAllLEGAL_FORMS finished
2014-11-24 17:20:57,729 DEBUG 9 dtxk.gis.FeatureRelatedClasses.ClsFeatureOperation - GetFeatureObject method started
2014-11-24 17:20:58,122 DEBUG 9 dtxk.gis.FeatureRelatedClasses.ClsFeatureOperation - GetFeatureObject method started
2014-11-24 17:21:02,134 DEBUG 9 dtxk.gis.FeatureRelatedClasses.ClsFeatureOperation - GetFeatureObject method started
2014-11-24 17:21:46,190 DEBUG 9 dtxk.business.Services.ServiceParcel - FindParcelsByCadastralNo started
2014-11-24 17:21:46,194 DEBUG 9 dtxk.business.Services.ServiceParcel - FindParcelsByCadastralNo try to getting PARCEL by cadastralNo :00100101000003
2014-11-24 17:21:46,204 INFO 9 dtxk.business.Services.ServiceParcel - FindParcelsByCadastralNo method got PARCEL with successfully
2014-11-24 17:21:46,206 DEBUG 9 dtxk.business.Services.ServiceParcel - FindParcelsByCadastralNo finfished
2014-11-24 17:21:46,591 DEBUG 9 dtxk.business.BasicService - LoadAllDOCUMENT started
2014-11-24 17:21:46,595 DEBUG 9 dtxk.business.BasicService - LoadAllDOCUMENT try to getting ALL DOCUMENT 
2014-11-24 17:21:49,968 INFO 9 dtxk.business.BasicService - LoadAllDOCUMENT method got DOCUMENT with successfully
2014-11-24 17:21:49,970 DEBUG 9 dtxk.business.BasicService - LoadAllDOCUMENT finished
2014-11-24 17:22:44,787 DEBUG 9 dtxk.gis.FeatureRelatedClasses.ClsFeatureOperation - GetFeatureObject method started
2014-11-24 17:24:44,631 INFO 9 dtxk.client.FrmLogIn - Program started
2014-11-24 17:24:45,418 DEBUG 9 dtxk.client.FrmLogIn - FrmLogin constuct finished.
2014-11-24 17:24:55,605 DEBUG 11 dtxk.business.Services.ServiceAppUser - GetAppUser started
2014-11-24 17:24:55,610 DEBUG 11 dtxk.business.Services.ServiceAppUser - GetAppUser username=admin trying to connect
2014-11-24 17:25:00,162 INFO 11 dtxk.business.Services.ServiceAppUser - GetAppUser username(admin) connected
2014-11-24 17:25:00,164 DEBUG 11 dtxk.business.Services.ServiceAppUser - GetAppUser finished
2014-11-24 17:25:22,587 DEBUG 9 dtxk.business.BasicService - LoadAllCADASTRAL_ZONE started
2014-11-24 17:25:22,611 DEBUG 9 dtxk.business.BasicService - LoadAllCADASTRAL_ZONE try to getting ALL CADASTRAL_ZONE 
2014-11-24 17:25:22,690 INFO 9 dtxk.business.BasicService - LoadAllCADASTRAL_ZONE method got CADASTRAL_ZONE with successfully
2014-11-24 17:25:22,692 DEBUG 9 dtxk.business.BasicService - LoadAllCADASTRAL_ZONE finished
2014-11-24 17:25:22,777 DEBUG 9 dtxk.business.BasicService - LoadAllLEGAL_FORMS started
2014-11-24 17:25:22,781 DEBUG 9 dtxk.business.BasicService - LoadAllLEGAL_FORMS try to getting ALL LEGAL_FORMS 
2014-11-24 17:25:22,840 INFO 9 dtxk.business.BasicService - LoadAllLEGAL_FORMS method got LEGAL_FORMS with successfully
2014-11-24 17:25:22,843 DEBUG 9 dtxk.business.BasicService - LoadAllLEGAL_FORMS finished
2014-11-24 17:25:30,229 DEBUG 9 dtxk.gis.FeatureRelatedClasses.ClsFeatureOperation - GetFeatureObject method started
2014-11-24 17:25:33,072 DEBUG 9 dtxk.gis.FeatureRelatedClasses.ClsFeatureOperation - GetFeatureObject method started
2014-11-24 17:26:34,680 DEBUG 9 dtxk.business.Services.ServiceParcel - FindParcelsByCadastralNo started
2014-11-24 17:26:34,683 DEBUG 9 dtxk.business.Services.ServiceParcel - FindParcelsByCadastralNo try to getting PARCEL by cadastralNo :00100101000003
2014-11-24 17:26:34,690 INFO 9 dtxk.business.Services.ServiceParcel - FindParcelsByCadastralNo method got PARCEL with successfully
2014-11-24 17:26:34,692 DEBUG 9 dtxk.business.Services.ServiceParcel - FindParcelsByCadastralNo finfished
2014-11-24 17:26:35,058 DEBUG 9 dtxk.business.BasicService - LoadAllDOCUMENT started
2014-11-24 17:26:35,062 DEBUG 9 dtxk.business.BasicService - LoadAllDOCUMENT try to getting ALL DOCUMENT 
2014-11-24 17:26:38,425 INFO 9 dtxk.business.BasicService - LoadAllDOCUMENT method got DOCUMENT with successfully
2014-11-24 17:26:38,427 DEBUG 9 dtxk.business.BasicService - LoadAllDOCUMENT finished
2014-11-24 17:27:47,181 DEBUG 9 dtxk.gis.FeatureRelatedClasses.ClsFeatureOperation - GetFeatureObject method started
2014-11-24 17:27:57,793 DEBUG 9 dtxk.gis.FeatureRelatedClasses.ClsFeatureOperation - GetFeatureObject method started
2014-11-24 17:31:14,244 INFO 9 dtxk.client.FrmLogIn - Program started
2014-11-24 17:31:15,094 DEBUG 9 dtxk.client.FrmLogIn - FrmLogin constuct finished.
2014-11-24 17:31:25,480 DEBUG 3 dtxk.business.Services.ServiceAppUser - GetAppUser started
2014-11-24 17:31:25,488 DEBUG 3 dtxk.business.Services.ServiceAppUser - GetAppUser username=admin trying to connect
2014-11-24 17:31:30,115 INFO 3 dtxk.business.Services.ServiceAppUser - GetAppUser username(admin) connected
2014-11-24 17:31:30,117 DEBUG 3 dtxk.business.Services.ServiceAppUser - GetAppUser finished
2014-11-24 17:31:52,072 DEBUG 9 dtxk.business.BasicService - LoadAllCADASTRAL_ZONE started
2014-11-24 17:31:52,096 DEBUG 9 dtxk.business.BasicService - LoadAllCADASTRAL_ZONE try to getting ALL CADASTRAL_ZONE 
2014-11-24 17:31:52,172 INFO 9 dtxk.business.BasicService - LoadAllCADASTRAL_ZONE method got CADASTRAL_ZONE with successfully
2014-11-24 17:31:52,175 DEBUG 9 dtxk.business.BasicService - LoadAllCADASTRAL_ZONE finished
2014-11-24 17:31:52,247 DEBUG 9 dtxk.business.BasicService - LoadAllLEGAL_FORMS started
2014-11-24 17:31:52,251 DEBUG 9 dtxk.business.BasicService - LoadAllLEGAL_FORMS try to getting ALL LEGAL_FORMS 
2014-11-24 17:31:52,306 INFO 9 dtxk.business.BasicService - LoadAllLEGAL_FORMS method got LEGAL_FORMS with successfully
2014-11-24 17:31:52,308 DEBUG 9 dtxk.business.BasicService - LoadAllLEGAL_FORMS finished
2014-11-24 17:32:04,238 DEBUG 9 dtxk.gis.FeatureRelatedClasses.ClsFeatureOperation - GetFeatureObject method started
2014-11-24 17:32:04,609 DEBUG 9 dtxk.gis.FeatureRelatedClasses.ClsFeatureOperation - GetFeatureObject method started
2014-11-24 17:32:08,492 DEBUG 9 dtxk.gis.FeatureRelatedClasses.ClsFeatureOperation - GetFeatureObject method started
2014-11-24 17:32:26,622 DEBUG 9 dtxk.business.Services.ServiceParcel - FindParcelsByCadastralNo started
2014-11-24 17:32:26,625 DEBUG 9 dtxk.business.Services.ServiceParcel - FindParcelsByCadastralNo try to getting PARCEL by cadastralNo :00100101000003
2014-11-24 17:32:26,632 INFO 9 dtxk.business.Services.ServiceParcel - FindParcelsByCadastralNo method got PARCEL with successfully
2014-11-24 17:32:26,634 DEBUG 9 dtxk.business.Services.ServiceParcel - FindParcelsByCadastralNo finfished
2014-11-24 17:32:27,023 DEBUG 9 dtxk.business.BasicService - LoadAllDOCUMENT started
2014-11-24 17:32:27,027 DEBUG 9 dtxk.business.BasicService - LoadAllDOCUMENT try to getting ALL DOCUMENT 
2014-11-24 17:32:31,049 INFO 9 dtxk.business.BasicService - LoadAllDOCUMENT method got DOCUMENT with successfully
2014-11-24 17:32:31,052 DEBUG 9 dtxk.business.BasicService - LoadAllDOCUMENT finished
2014-11-24 17:33:05,127 INFO 10 dtxk.client.FrmLogIn - Program started
2014-11-24 17:33:06,248 DEBUG 10 dtxk.client.FrmLogIn - FrmLogin constuct finished.
2014-11-24 17:33:15,259 DEBUG 6 dtxk.business.Services.ServiceAppUser - GetAppUser started
2014-11-24 17:33:15,266 DEBUG 6 dtxk.business.Services.ServiceAppUser - GetAppUser username=admin trying to connect
2014-11-24 17:33:20,080 INFO 6 dtxk.business.Services.ServiceAppUser - GetAppUser username(admin) connected
2014-11-24 17:33:20,082 DEBUG 6 dtxk.business.Services.ServiceAppUser - GetAppUser finished
2014-11-24 17:33:55,517 DEBUG 10 dtxk.business.BasicService - LoadAllCADASTRAL_ZONE started
2014-11-24 17:33:55,530 DEBUG 10 dtxk.business.BasicService - LoadAllCADASTRAL_ZONE try to getting ALL CADASTRAL_ZONE 
2014-11-24 17:33:55,571 INFO 10 dtxk.business.BasicService - LoadAllCADASTRAL_ZONE method got CADASTRAL_ZONE with successfully
2014-11-24 17:33:55,572 DEBUG 10 dtxk.business.BasicService - LoadAllCADASTRAL_ZONE finished
2014-11-24 17:33:55,618 DEBUG 10 dtxk.business.BasicService - LoadAllLEGAL_FORMS started
2014-11-24 17:33:55,620 DEBUG 10 dtxk.business.BasicService - LoadAllLEGAL_FORMS try to getting ALL LEGAL_FORMS 
2014-11-24 17:33:55,649 INFO 10 dtxk.business.BasicService - LoadAllLEGAL_FORMS method got LEGAL_FORMS with successfully
2014-11-24 17:33:55,650 DEBUG 10 dtxk.business.BasicService - LoadAllLEGAL_FORMS finished
2014-11-24 17:34:25,122 DEBUG 10 dtxk.gis.FeatureRelatedClasses.ClsFeatureOperation - GetFeatureObject method started
2014-11-24 17:34:25,473 DEBUG 10 dtxk.gis.FeatureRelatedClasses.ClsFeatureOperation - GetFeatureObject method started
2014-11-24 17:34:25,801 DEBUG 10 dtxk.gis.FeatureRelatedClasses.ClsFeatureOperation - GetFeatureObject method started
2014-11-24 17:34:31,178 DEBUG 10 dtxk.gis.FeatureRelatedClasses.ClsFeatureOperation - GetFeatureObject method started
2014-11-24 17:36:30,225 DEBUG 10 dtxk.business.Services.ServiceParcel - FindParcelsByCadastralNo started
2014-11-24 17:36:30,228 DEBUG 10 dtxk.business.Services.ServiceParcel - FindParcelsByCadastralNo try to getting PARCEL by cadastralNo :00100101000003
2014-11-24 17:36:30,234 INFO 10 dtxk.business.Services.ServiceParcel - FindParcelsByCadastralNo method got PARCEL with successfully
2014-11-24 17:36:30,235 DEBUG 10 dtxk.business.Services.ServiceParcel - FindParcelsByCadastralNo finfished
2014-11-24 17:36:30,600 DEBUG 10 dtxk.business.BasicService - LoadAllDOCUMENT started
2014-11-24 17:36:30,604 DEBUG 10 dtxk.business.BasicService - LoadAllDOCUMENT try to getting ALL DOCUMENT 
2014-11-24 17:36:34,482 INFO 10 dtxk.business.BasicService - LoadAllDOCUMENT method got DOCUMENT with successfully
2014-11-24 17:36:34,484 DEBUG 10 dtxk.business.BasicService - LoadAllDOCUMENT finished
2014-11-24 17:37:11,727 DEBUG 10 dtxk.gis.FeatureRelatedClasses.ClsFeatureOperation - GetFeatureObject method started
2014-11-24 17:40:50,428 INFO 9 dtxk.client.FrmLogIn - Program started
2014-11-24 17:40:51,053 DEBUG 9 dtxk.client.FrmLogIn - FrmLogin constuct finished.
2014-11-24 17:40:58,642 DEBUG 3 dtxk.business.Services.ServiceAppUser - GetAppUser started
2014-11-24 17:40:58,647 DEBUG 3 dtxk.business.Services.ServiceAppUser - GetAppUser username=admin trying to connect
2014-11-24 17:41:03,374 INFO 3 dtxk.business.Services.ServiceAppUser - GetAppUser username(admin) connected
2014-11-24 17:41:03,377 DEBUG 3 dtxk.business.Services.ServiceAppUser - GetAppUser finished
2014-11-24 17:41:25,143 DEBUG 9 dtxk.business.BasicService - LoadAllCADASTRAL_ZONE started
2014-11-24 17:41:25,166 DEBUG 9 dtxk.business.BasicService - LoadAllCADASTRAL_ZONE try to getting ALL CADASTRAL_ZONE 
2014-11-24 17:41:25,240 INFO 9 dtxk.business.BasicService - LoadAllCADASTRAL_ZONE method got CADASTRAL_ZONE with successfully
2014-11-24 17:41:25,242 DEBUG 9 dtxk.business.BasicService - LoadAllCADASTRAL_ZONE finished
2014-11-24 17:41:25,323 DEBUG 9 dtxk.business.BasicService - LoadAllLEGAL_FORMS started
2014-11-24 17:41:25,327 DEBUG 9 dtxk.business.BasicService - LoadAllLEGAL_FORMS try to getting ALL LEGAL_FORMS 
2014-11-24 17:41:25,381 INFO 9 dtxk.business.BasicService - LoadAllLEGAL_FORMS method got LEGAL_FORMS with successfully
2014-11-24 17:41:25,383 DEBUG 9 dtxk.business.BasicService - LoadAllLEGAL_FORMS finished
2014-11-24 17:41:35,880 DEBUG 9 dtxk.gis.FeatureRelatedClasses.ClsFeatureOperation - GetFeatureObject method started
2014-11-24 17:41:36,273 DEBUG 9 dtxk.gis.FeatureRelatedClasses.ClsFeatureOperation - GetFeatureObject method started
2014-11-24 17:41:36,604 DEBUG 9 dtxk.gis.FeatureRelatedClasses.ClsFeatureOperation - GetFeatureObject method started
2014-11-24 17:41:41,753 DEBUG 9 dtxk.gis.FeatureRelatedClasses.ClsFeatureOperation - GetFeatureObject method started
2014-11-24 17:41:59,708 DEBUG 9 dtxk.business.Services.ServiceParcel - FindParcelsByCadastralNo started
2014-11-24 17:41:59,711 DEBUG 9 dtxk.business.Services.ServiceParcel - FindParcelsByCadastralNo try to getting PARCEL by cadastralNo :00100101000004
2014-11-24 17:41:59,718 INFO 9 dtxk.business.Services.ServiceParcel - FindParcelsByCadastralNo method got PARCEL with successfully
2014-11-24 17:41:59,720 DEBUG 9 dtxk.business.Services.ServiceParcel - FindParcelsByCadastralNo finfished
2014-11-24 17:42:00,098 DEBUG 9 dtxk.business.BasicService - LoadAllDOCUMENT started
2014-11-24 17:42:00,102 DEBUG 9 dtxk.business.BasicService - LoadAllDOCUMENT try to getting ALL DOCUMENT 
2014-11-24 17:42:03,878 INFO 9 dtxk.business.BasicService - LoadAllDOCUMENT method got DOCUMENT with successfully
2014-11-24 17:42:03,881 DEBUG 9 dtxk.business.BasicService - LoadAllDOCUMENT finished
2014-11-24 17:44:26,503 INFO 9 dtxk.client.FrmLogIn - Program started
2014-11-24 17:44:27,128 DEBUG 9 dtxk.client.FrmLogIn - FrmLogin constuct finished.
2014-11-24 17:45:13,449 DEBUG 11 dtxk.business.Services.ServiceAppUser - GetAppUser started
2014-11-24 17:45:13,457 DEBUG 11 dtxk.business.Services.ServiceAppUser - GetAppUser username=admin trying to connect
2014-11-24 17:45:19,066 INFO 11 dtxk.business.Services.ServiceAppUser - GetAppUser username(admin) connected
2014-11-24 17:45:19,069 DEBUG 11 dtxk.business.Services.ServiceAppUser - GetAppUser finished
2014-11-24 17:45:56,807 DEBUG 9 dtxk.business.BasicService - LoadAllCADASTRAL_ZONE started
2014-11-24 17:45:56,833 DEBUG 9 dtxk.business.BasicService - LoadAllCADASTRAL_ZONE try to getting ALL CADASTRAL_ZONE 
2014-11-24 17:45:56,959 INFO 9 dtxk.business.BasicService - LoadAllCADASTRAL_ZONE method got CADASTRAL_ZONE with successfully
2014-11-24 17:45:56,964 DEBUG 9 dtxk.business.BasicService - LoadAllCADASTRAL_ZONE finished
2014-11-24 17:45:57,020 DEBUG 9 dtxk.business.BasicService - LoadAllLEGAL_FORMS started
2014-11-24 17:45:57,023 DEBUG 9 dtxk.business.BasicService - LoadAllLEGAL_FORMS try to getting ALL LEGAL_FORMS 
2014-11-24 17:45:57,086 INFO 9 dtxk.business.BasicService - LoadAllLEGAL_FORMS method got LEGAL_FORMS with successfully
2014-11-24 17:45:57,088 DEBUG 9 dtxk.business.BasicService - LoadAllLEGAL_FORMS finished
2014-11-24 17:46:08,396 DEBUG 9 dtxk.gis.FeatureRelatedClasses.ClsFeatureOperation - GetFeatureObject method started
2014-11-24 17:46:12,269 DEBUG 9 dtxk.gis.FeatureRelatedClasses.ClsFeatureOperation - GetFeatureObject method started
2014-11-24 17:47:28,236 DEBUG 9 dtxk.business.Services.ServiceParcel - FindParcelsByCadastralNo started
2014-11-24 17:47:28,239 DEBUG 9 dtxk.business.Services.ServiceParcel - FindParcelsByCadastralNo try to getting PARCEL by cadastralNo :00100101000006
2014-11-24 17:47:28,247 INFO 9 dtxk.business.Services.ServiceParcel - FindParcelsByCadastralNo method got PARCEL with successfully
2014-11-24 17:47:28,248 DEBUG 9 dtxk.business.Services.ServiceParcel - FindParcelsByCadastralNo finfished
2014-11-24 17:54:09,324 INFO 9 dtxk.client.FrmLogIn - Program started
2014-11-24 17:54:10,528 DEBUG 9 dtxk.client.FrmLogIn - FrmLogin constuct finished.
2014-11-24 17:54:16,720 DEBUG 3 dtxk.business.Services.ServiceAppUser - GetAppUser started
2014-11-24 17:54:16,728 DEBUG 3 dtxk.business.Services.ServiceAppUser - GetAppUser username=admin trying to connect
2014-11-24 17:54:21,548 INFO 3 dtxk.business.Services.ServiceAppUser - GetAppUser username(admin) connected
2014-11-24 17:54:21,551 DEBUG 3 dtxk.business.Services.ServiceAppUser - GetAppUser finished
2014-11-24 17:54:39,745 DEBUG 9 dtxk.business.BasicService - LoadAllCADASTRAL_ZONE started
2014-11-24 17:54:39,774 DEBUG 9 dtxk.business.BasicService - LoadAllCADASTRAL_ZONE try to getting ALL CADASTRAL_ZONE 
2014-11-24 17:54:39,857 INFO 9 dtxk.business.BasicService - LoadAllCADASTRAL_ZONE method got CADASTRAL_ZONE with successfully
2014-11-24 17:54:39,859 DEBUG 9 dtxk.business.BasicService - LoadAllCADASTRAL_ZONE finished
2014-11-24 17:54:43,292 DEBUG 9 dtxk.business.BasicService - LoadAllCADASTRAL_ZONE started
2014-11-24 17:54:43,298 DEBUG 9 dtxk.business.BasicService - LoadAllCADASTRAL_ZONE try to getting ALL CADASTRAL_ZONE 
2014-11-24 17:54:43,318 INFO 9 dtxk.business.BasicService - LoadAllCADASTRAL_ZONE method got CADASTRAL_ZONE with successfully
2014-11-24 17:54:43,320 DEBUG 9 dtxk.business.BasicService - LoadAllCADASTRAL_ZONE finished
2014-11-24 17:54:43,360 DEBUG 9 dtxk.business.BasicService - LoadAllLEGAL_FORMS started
2014-11-24 17:54:43,362 DEBUG 9 dtxk.business.BasicService - LoadAllLEGAL_FORMS try to getting ALL LEGAL_FORMS 
2014-11-24 17:54:43,428 INFO 9 dtxk.business.BasicService - LoadAllLEGAL_FORMS method got LEGAL_FORMS with successfully
2014-11-24 17:54:43,430 DEBUG 9 dtxk.business.BasicService - LoadAllLEGAL_FORMS finished
2014-11-24 17:54:56,936 DEBUG 9 dtxk.gis.FeatureRelatedClasses.ClsFeatureOperation - GetFeatureObject method started
2014-11-24 17:54:57,326 DEBUG 9 dtxk.gis.FeatureRelatedClasses.ClsFeatureOperation - GetFeatureObject method started
2014-11-24 17:55:00,863 DEBUG 9 dtxk.gis.FeatureRelatedClasses.ClsFeatureOperation - GetFeatureObject method started
2014-11-24 17:55:06,930 DEBUG 9 dtxk.business.Services.ServiceParcel - FindParcelsByCadastralNo started
2014-11-24 17:55:06,934 DEBUG 9 dtxk.business.Services.ServiceParcel - FindParcelsByCadastralNo try to getting PARCEL by cadastralNo :00100101000004
2014-11-24 17:55:06,941 INFO 9 dtxk.business.Services.ServiceParcel - FindParcelsByCadastralNo method got PARCEL with successfully
2014-11-24 17:55:06,943 DEBUG 9 dtxk.business.Services.ServiceParcel - FindParcelsByCadastralNo finfished
2014-11-24 17:55:07,282 DEBUG 9 dtxk.business.BasicService - LoadAllDOCUMENT started
2014-11-24 17:55:07,286 DEBUG 9 dtxk.business.BasicService - LoadAllDOCUMENT try to getting ALL DOCUMENT 
2014-11-24 17:55:10,793 INFO 9 dtxk.business.BasicService - LoadAllDOCUMENT method got DOCUMENT with successfully
2014-11-24 17:55:10,796 DEBUG 9 dtxk.business.BasicService - LoadAllDOCUMENT finished
2014-11-24 17:55:37,358 DEBUG 9 dtxk.gis.FeatureRelatedClasses.ClsFeatureOperation - GetFeatureObject method started
2014-11-24 17:57:41,392 INFO 9 dtxk.client.FrmLogIn - Program started
2014-11-24 17:57:42,261 DEBUG 9 dtxk.client.FrmLogIn - FrmLogin constuct finished.
2014-11-24 17:57:48,501 DEBUG 11 dtxk.business.Services.ServiceAppUser - GetAppUser started
2014-11-24 17:57:48,509 DEBUG 11 dtxk.business.Services.ServiceAppUser - GetAppUser username=admin trying to connect
2014-11-24 17:57:53,651 INFO 11 dtxk.business.Services.ServiceAppUser - GetAppUser username(admin) connected
2014-11-24 17:57:53,654 DEBUG 11 dtxk.business.Services.ServiceAppUser - GetAppUser finished
2014-11-24 18:10:00,109 DEBUG 9 dtxk.business.BasicService - LoadAllCADASTRAL_ZONE started
2014-11-24 18:10:00,134 DEBUG 9 dtxk.business.BasicService - LoadAllCADASTRAL_ZONE try to getting ALL CADASTRAL_ZONE 
2014-11-24 18:10:00,218 INFO 9 dtxk.business.BasicService - LoadAllCADASTRAL_ZONE method got CADASTRAL_ZONE with successfully
2014-11-24 18:10:00,220 DEBUG 9 dtxk.business.BasicService - LoadAllCADASTRAL_ZONE finished
2014-11-24 18:10:00,350 DEBUG 9 dtxk.business.BasicService - LoadAllLEGAL_FORMS started
2014-11-24 18:10:00,354 DEBUG 9 dtxk.business.BasicService - LoadAllLEGAL_FORMS try to getting ALL LEGAL_FORMS 
2014-11-24 18:10:00,419 INFO 9 dtxk.business.BasicService - LoadAllLEGAL_FORMS method got LEGAL_FORMS with successfully
2014-11-24 18:10:00,422 DEBUG 9 dtxk.business.BasicService - LoadAllLEGAL_FORMS finished
2014-11-24 18:10:08,689 DEBUG 9 dtxk.gis.FeatureRelatedClasses.ClsFeatureOperation - GetFeatureObject method started
2014-11-24 18:10:13,480 DEBUG 9 dtxk.gis.FeatureRelatedClasses.ClsFeatureOperation - GetFeatureObject method started
2014-11-24 18:10:53,777 DEBUG 9 dtxk.business.Services.ServiceParcel - FindParcelsByCadastralNo started
2014-11-24 18:10:53,780 DEBUG 9 dtxk.business.Services.ServiceParcel - FindParcelsByCadastralNo try to getting PARCEL by cadastralNo :00100101000005
2014-11-24 18:10:53,795 INFO 9 dtxk.business.Services.ServiceParcel - FindParcelsByCadastralNo method got PARCEL with successfully
2014-11-24 18:10:53,798 DEBUG 9 dtxk.business.Services.ServiceParcel - FindParcelsByCadastralNo finfished
2014-11-24 18:10:54,180 DEBUG 9 dtxk.business.BasicService - LoadAllDOCUMENT started
2014-11-24 18:10:54,184 DEBUG 9 dtxk.business.BasicService - LoadAllDOCUMENT try to getting ALL DOCUMENT 
2014-11-24 18:10:57,333 INFO 9 dtxk.business.BasicService - LoadAllDOCUMENT method got DOCUMENT with successfully
2014-11-24 18:10:57,336 DEBUG 9 dtxk.business.BasicService - LoadAllDOCUMENT finished
2014-11-24 18:11:42,018 DEBUG 9 dtxk.gis.FeatureRelatedClasses.ClsFeatureOperation - GetFeatureObject method started
2014-11-24 18:11:50,051 DEBUG 9 dtxk.business.Services.ServiceParcel - FindParcelsByCadastralNo started
2014-11-24 18:11:50,053 DEBUG 9 dtxk.business.Services.ServiceParcel - FindParcelsByCadastralNo try to getting PARCEL by cadastralNo :00100101000005
2014-11-24 18:11:50,055 INFO 9 dtxk.business.Services.ServiceParcel - FindParcelsByCadastralNo method got PARCEL with successfully
2014-11-24 18:11:50,056 DEBUG 9 dtxk.business.Services.ServiceParcel - FindParcelsByCadastralNo finfished
2014-11-24 18:11:50,077 DEBUG 9 dtxk.business.BasicService - LoadAllDOCUMENT started
2014-11-24 18:11:50,079 DEBUG 9 dtxk.business.BasicService - LoadAllDOCUMENT try to getting ALL DOCUMENT 
2014-11-24 18:11:52,185 INFO 9 dtxk.business.BasicService - LoadAllDOCUMENT method got DOCUMENT with successfully
2014-11-24 18:11:52,188 DEBUG 9 dtxk.business.BasicService - LoadAllDOCUMENT finished
