2015-01-09 10:36:57,319 INFO 10 dtxk.client.FrmLogIn - Program started
2015-01-09 10:36:57,600 DEBUG 10 dtxk.client.FrmLogIn - FrmLogin constuct finished.
2015-01-09 12:29:32,667 INFO 10 dtxk.client.FrmLogIn - Program started
2015-01-09 12:29:32,895 DEBUG 10 dtxk.client.FrmLogIn - FrmLogin constuct finished.
2015-01-09 12:29:43,519 DEBUG 6 dtxk.business.Services.ServiceAppUser - GetAppUser started
2015-01-09 12:29:43,521 DEBUG 6 dtxk.business.Services.ServiceAppUser - GetAppUser username=admin trying to connect
2015-01-09 12:29:44,278 INFO 6 dtxk.business.Services.ServiceAppUser - GetAppUser username(admin) connected
2015-01-09 12:29:44,279 DEBUG 6 dtxk.business.Services.ServiceAppUser - GetAppUser finished
2015-01-09 12:29:52,489 DEBUG 10 dtxk.business.BasicService - LoadAllCADASTRAL_ZONE started
2015-01-09 12:29:52,494 DEBUG 10 dtxk.business.BasicService - LoadAllCADASTRAL_ZONE try to getting ALL CADASTRAL_ZONE 
2015-01-09 12:29:52,516 INFO 10 dtxk.business.BasicService - LoadAllCADASTRAL_ZONE method got CADASTRAL_ZONE with successfully
2015-01-09 12:29:52,517 DEBUG 10 dtxk.business.BasicService - LoadAllCADASTRAL_ZONE finished
2015-01-09 12:29:52,536 DEBUG 10 dtxk.business.BasicService - LoadAllLEGAL_FORMS started
2015-01-09 12:29:52,537 DEBUG 10 dtxk.business.BasicService - LoadAllLEGAL_FORMS try to getting ALL LEGAL_FORMS 
2015-01-09 12:29:52,553 INFO 10 dtxk.business.BasicService - LoadAllLEGAL_FORMS method got LEGAL_FORMS with successfully
2015-01-09 12:29:52,554 DEBUG 10 dtxk.business.BasicService - LoadAllLEGAL_FORMS finished
2015-01-09 12:29:53,783 DEBUG 10 dtxk.business.BasicService - LoadAllCADASTRAL_REGION started
2015-01-09 12:29:53,784 DEBUG 10 dtxk.business.BasicService - LoadAllCADASTRAL_REGION try to getting ALL CADASTRAL_REGION 
2015-01-09 12:29:53,814 INFO 10 dtxk.business.BasicService - LoadAllCADASTRAL_REGION method got CADASTRAL_REGION with successfully
2015-01-09 12:29:53,815 DEBUG 10 dtxk.business.BasicService - LoadAllCADASTRAL_REGION finished
2015-01-09 12:29:55,824 DEBUG 10 dtxk.business.Services.ServiceParcel - GetPARCELById started
2015-01-09 12:29:55,832 DEBUG 10 dtxk.business.Services.ServiceParcel - GetPARCELById try to getting merged PARCEL  for Parcel ID .idPARCEL= :16311
2015-01-09 12:29:55,865 INFO 10 dtxk.business.Services.ServiceParcel - GetPARCELById method got PARCEL with successfully
2015-01-09 12:29:55,866 DEBUG 10 dtxk.business.Services.ServiceParcel - GetPARCELById finfished
2015-01-09 12:29:55,894 DEBUG 10 dtxk.business.Services.ServiceParcel - GetParcelOwners started
2015-01-09 12:29:55,895 DEBUG 10 dtxk.business.Services.ServiceParcel - GetParcelOwners try to getting merged PARCEL_OWNER  for Parcel ID .idParcel= :16311
2015-01-09 12:29:56,025 INFO 10 dtxk.business.Services.ServiceParcel - GetParcelOwners method got PARCEL_PARTIAL with successfully
2015-01-09 12:29:56,026 DEBUG 10 dtxk.business.Services.ServiceParcel - GetParcelOwners finfished
2015-01-09 12:34:44,203 INFO 9 dtxk.client.FrmLogIn - Program started
2015-01-09 12:34:44,433 DEBUG 9 dtxk.client.FrmLogIn - FrmLogin constuct finished.
2015-01-09 12:34:50,298 DEBUG 3 dtxk.business.Services.ServiceAppUser - GetAppUser started
2015-01-09 12:34:50,300 DEBUG 3 dtxk.business.Services.ServiceAppUser - GetAppUser username=admin trying to connect
2015-01-09 12:34:51,118 INFO 3 dtxk.business.Services.ServiceAppUser - GetAppUser username(admin) connected
2015-01-09 12:34:51,119 DEBUG 3 dtxk.business.Services.ServiceAppUser - GetAppUser finished
2015-01-09 12:35:30,310 DEBUG 9 dtxk.business.BasicService - LoadAllCADASTRAL_ZONE started
2015-01-09 12:35:30,315 DEBUG 9 dtxk.business.BasicService - LoadAllCADASTRAL_ZONE try to getting ALL CADASTRAL_ZONE 
2015-01-09 12:35:30,338 INFO 9 dtxk.business.BasicService - LoadAllCADASTRAL_ZONE method got CADASTRAL_ZONE with successfully
2015-01-09 12:35:30,339 DEBUG 9 dtxk.business.BasicService - LoadAllCADASTRAL_ZONE finished
2015-01-09 12:35:30,356 DEBUG 9 dtxk.business.BasicService - LoadAllLEGAL_FORMS started
2015-01-09 12:35:30,357 DEBUG 9 dtxk.business.BasicService - LoadAllLEGAL_FORMS try to getting ALL LEGAL_FORMS 
2015-01-09 12:35:30,373 INFO 9 dtxk.business.BasicService - LoadAllLEGAL_FORMS method got LEGAL_FORMS with successfully
2015-01-09 12:35:30,374 DEBUG 9 dtxk.business.BasicService - LoadAllLEGAL_FORMS finished
2015-01-09 12:35:32,065 DEBUG 9 dtxk.business.BasicService - LoadAllCADASTRAL_REGION started
2015-01-09 12:35:32,068 DEBUG 9 dtxk.business.BasicService - LoadAllCADASTRAL_REGION try to getting ALL CADASTRAL_REGION 
2015-01-09 12:35:32,113 INFO 9 dtxk.business.BasicService - LoadAllCADASTRAL_REGION method got CADASTRAL_REGION with successfully
2015-01-09 12:35:32,114 DEBUG 9 dtxk.business.BasicService - LoadAllCADASTRAL_REGION finished
2015-01-09 12:35:34,008 DEBUG 9 dtxk.business.Services.ServiceParcel - GetPARCELById started
2015-01-09 12:35:34,014 DEBUG 9 dtxk.business.Services.ServiceParcel - GetPARCELById try to getting merged PARCEL  for Parcel ID .idPARCEL= :16311
2015-01-09 12:35:34,046 INFO 9 dtxk.business.Services.ServiceParcel - GetPARCELById method got PARCEL with successfully
2015-01-09 12:35:34,047 DEBUG 9 dtxk.business.Services.ServiceParcel - GetPARCELById finfished
2015-01-09 12:35:34,073 DEBUG 9 dtxk.business.Services.ServiceParcel - GetParcelOwners started
2015-01-09 12:35:34,076 DEBUG 9 dtxk.business.Services.ServiceParcel - GetParcelOwners try to getting merged PARCEL_OWNER  for Parcel ID .idParcel= :16311
2015-01-09 12:35:34,230 INFO 9 dtxk.business.Services.ServiceParcel - GetParcelOwners method got PARCEL_PARTIAL with successfully
2015-01-09 12:35:34,231 DEBUG 9 dtxk.business.Services.ServiceParcel - GetParcelOwners finfished
2015-01-09 12:36:04,877 INFO 9 dtxk.client.FrmLogIn - Program started
2015-01-09 12:36:05,081 DEBUG 9 dtxk.client.FrmLogIn - FrmLogin constuct finished.
2015-01-09 12:41:02,944 INFO 9 dtxk.client.FrmLogIn - Program started
2015-01-09 12:41:03,189 DEBUG 9 dtxk.client.FrmLogIn - FrmLogin constuct finished.
2015-01-09 12:41:07,850 DEBUG 10 dtxk.business.Services.ServiceAppUser - GetAppUser started
2015-01-09 12:41:07,852 DEBUG 10 dtxk.business.Services.ServiceAppUser - GetAppUser username=admin trying to connect
2015-01-09 12:41:08,472 ERROR 10 dtxk.business.Services.ServiceAppUser - GetAppUser exception message=
System.Data.EntityException: The underlying provider failed on Open. ---> Oracle.DataAccess.Client.OracleException: ORA-1017: invalid username/password; logon denied
   at Oracle.DataAccess.Client.OracleException.HandleErrorHelper(Int32 errCode, OracleConnection conn, IntPtr opsErrCtx, OpoSqlValCtx* pOpoSqlValCtx, Object src, String procedure, Boolean bCheck)
   at Oracle.DataAccess.Client.OracleException.HandleError(Int32 errCode, OracleConnection conn, IntPtr opsErrCtx, Object src)
   at Oracle.DataAccess.Client.OracleConnection.Open()
   at System.Data.EntityClient.EntityConnection.OpenStoreConnectionIf(Boolean openCondition, DbConnection storeConnectionToOpen, DbConnection originalConnection, String exceptionCode, String attemptedOperation, Boolean& closeStoreConnectionOnFailure)
   --- End of inner exception stack trace ---
   at System.Data.EntityClient.EntityConnection.OpenStoreConnectionIf(Boolean openCondition, DbConnection storeConnectionToOpen, DbConnection originalConnection, String exceptionCode, String attemptedOperation, Boolean& closeStoreConnectionOnFailure)
   at System.Data.EntityClient.EntityConnection.Open()
   at System.Data.Objects.ObjectContext.EnsureConnection()
   at System.Data.Objects.ObjectQuery`1.GetResults(Nullable`1 forMergeOption)
   at System.Data.Objects.ObjectQuery`1.System.Collections.Generic.IEnumerable<T>.GetEnumerator()
   at System.Linq.Enumerable.FirstOrDefault[TSource](IEnumerable`1 source)
   at System.Data.Objects.ELinq.ObjectQueryProvider.<GetElementFunction>b__1[TResult](IEnumerable`1 sequence)
   at System.Data.Objects.ELinq.ObjectQueryProvider.ExecuteSingle[TResult](IEnumerable`1 query, Expression queryRoot)
   at System.Data.Objects.ELinq.ObjectQueryProvider.System.Linq.IQueryProvider.Execute[S](Expression expression)
   at System.Linq.Queryable.FirstOrDefault[TSource](IQueryable`1 source)
   at dtxk.business.Services.ServiceAppUser.GetAppUser(String userName, String pass, BusinessParam businessParam) in D:\DTXK presentation son copy\dtxk\Business\dtxk.business\Services\ServiceAppUser.cs:line 40
2015-01-09 12:41:12,346 DEBUG 10 dtxk.business.Services.ServiceAppUser - GetAppUser started
2015-01-09 12:41:12,347 DEBUG 10 dtxk.business.Services.ServiceAppUser - GetAppUser username=admin trying to connect
2015-01-09 12:41:12,437 ERROR 10 dtxk.business.Services.ServiceAppUser - GetAppUser exception message=
System.Data.EntityException: The underlying provider failed on Open. ---> Oracle.DataAccess.Client.OracleException: ORA-1017: invalid username/password; logon denied
   at Oracle.DataAccess.Client.OracleException.HandleErrorHelper(Int32 errCode, OracleConnection conn, IntPtr opsErrCtx, OpoSqlValCtx* pOpoSqlValCtx, Object src, String procedure, Boolean bCheck)
   at Oracle.DataAccess.Client.OracleException.HandleError(Int32 errCode, OracleConnection conn, IntPtr opsErrCtx, Object src)
   at Oracle.DataAccess.Client.OracleConnection.Open()
   at System.Data.EntityClient.EntityConnection.OpenStoreConnectionIf(Boolean openCondition, DbConnection storeConnectionToOpen, DbConnection originalConnection, String exceptionCode, String attemptedOperation, Boolean& closeStoreConnectionOnFailure)
   --- End of inner exception stack trace ---
   at System.Data.EntityClient.EntityConnection.OpenStoreConnectionIf(Boolean openCondition, DbConnection storeConnectionToOpen, DbConnection originalConnection, String exceptionCode, String attemptedOperation, Boolean& closeStoreConnectionOnFailure)
   at System.Data.EntityClient.EntityConnection.Open()
   at System.Data.Objects.ObjectContext.EnsureConnection()
   at System.Data.Objects.ObjectQuery`1.GetResults(Nullable`1 forMergeOption)
   at System.Data.Objects.ObjectQuery`1.System.Collections.Generic.IEnumerable<T>.GetEnumerator()
   at System.Linq.Enumerable.FirstOrDefault[TSource](IEnumerable`1 source)
   at System.Data.Objects.ELinq.ObjectQueryProvider.<GetElementFunction>b__1[TResult](IEnumerable`1 sequence)
   at System.Data.Objects.ELinq.ObjectQueryProvider.ExecuteSingle[TResult](IEnumerable`1 query, Expression queryRoot)
   at System.Data.Objects.ELinq.ObjectQueryProvider.System.Linq.IQueryProvider.Execute[S](Expression expression)
   at System.Linq.Queryable.FirstOrDefault[TSource](IQueryable`1 source)
   at dtxk.business.Services.ServiceAppUser.GetAppUser(String userName, String pass, BusinessParam businessParam) in D:\DTXK presentation son copy\dtxk\Business\dtxk.business\Services\ServiceAppUser.cs:line 40
2015-01-09 12:42:00,562 INFO 10 dtxk.client.FrmLogIn - Program started
2015-01-09 12:42:00,837 DEBUG 10 dtxk.client.FrmLogIn - FrmLogin constuct finished.
2015-01-09 12:42:35,561 DEBUG 6 dtxk.business.Services.ServiceAppUser - GetAppUser started
2015-01-09 12:42:35,563 DEBUG 6 dtxk.business.Services.ServiceAppUser - GetAppUser username=admin trying to connect
2015-01-09 12:42:36,417 INFO 6 dtxk.business.Services.ServiceAppUser - GetAppUser username(admin) connected
2015-01-09 12:42:36,418 DEBUG 6 dtxk.business.Services.ServiceAppUser - GetAppUser finished
2015-01-09 12:42:40,376 DEBUG 10 dtxk.business.BasicService - LoadAllCADASTRAL_ZONE started
2015-01-09 12:42:40,381 DEBUG 10 dtxk.business.BasicService - LoadAllCADASTRAL_ZONE try to getting ALL CADASTRAL_ZONE 
2015-01-09 12:42:40,403 INFO 10 dtxk.business.BasicService - LoadAllCADASTRAL_ZONE method got CADASTRAL_ZONE with successfully
2015-01-09 12:42:40,404 DEBUG 10 dtxk.business.BasicService - LoadAllCADASTRAL_ZONE finished
2015-01-09 12:42:40,419 DEBUG 10 dtxk.business.BasicService - LoadAllLEGAL_FORMS started
2015-01-09 12:42:40,420 DEBUG 10 dtxk.business.BasicService - LoadAllLEGAL_FORMS try to getting ALL LEGAL_FORMS 
2015-01-09 12:42:40,436 INFO 10 dtxk.business.BasicService - LoadAllLEGAL_FORMS method got LEGAL_FORMS with successfully
2015-01-09 12:42:40,437 DEBUG 10 dtxk.business.BasicService - LoadAllLEGAL_FORMS finished
2015-01-09 12:42:42,058 DEBUG 10 dtxk.business.BasicService - LoadAllCADASTRAL_REGION started
2015-01-09 12:42:42,061 DEBUG 10 dtxk.business.BasicService - LoadAllCADASTRAL_REGION try to getting ALL CADASTRAL_REGION 
2015-01-09 12:42:42,112 INFO 10 dtxk.business.BasicService - LoadAllCADASTRAL_REGION method got CADASTRAL_REGION with successfully
2015-01-09 12:42:42,113 DEBUG 10 dtxk.business.BasicService - LoadAllCADASTRAL_REGION finished
2015-01-09 12:42:44,546 DEBUG 10 dtxk.business.Services.ServiceParcel - GetPARCELById started
2015-01-09 12:42:44,552 DEBUG 10 dtxk.business.Services.ServiceParcel - GetPARCELById try to getting merged PARCEL  for Parcel ID .idPARCEL= :16311
2015-01-09 12:42:44,587 INFO 10 dtxk.business.Services.ServiceParcel - GetPARCELById method got PARCEL with successfully
2015-01-09 12:42:44,589 DEBUG 10 dtxk.business.Services.ServiceParcel - GetPARCELById finfished
2015-01-09 12:42:44,694 DEBUG 10 dtxk.business.Services.ServiceParcel - GetParcelOwners started
2015-01-09 12:42:44,697 DEBUG 10 dtxk.business.Services.ServiceParcel - GetParcelOwners try to getting merged PARCEL_OWNER  for Parcel ID .idParcel= :16311
2015-01-09 12:42:44,831 INFO 10 dtxk.business.Services.ServiceParcel - GetParcelOwners method got PARCEL_PARTIAL with successfully
2015-01-09 12:42:44,832 DEBUG 10 dtxk.business.Services.ServiceParcel - GetParcelOwners finfished
2015-01-09 14:37:25,801 INFO 8 dtxk.client.FrmLogIn - Program started
2015-01-09 14:37:26,287 DEBUG 8 dtxk.client.FrmLogIn - FrmLogin constuct finished.
2015-01-09 14:37:30,531 DEBUG 10 dtxk.business.Services.ServiceAppUser - GetAppUser started
2015-01-09 14:37:30,534 DEBUG 10 dtxk.business.Services.ServiceAppUser - GetAppUser username=admin trying to connect
2015-01-09 14:37:31,409 INFO 10 dtxk.business.Services.ServiceAppUser - GetAppUser username(admin) connected
2015-01-09 14:37:31,410 DEBUG 10 dtxk.business.Services.ServiceAppUser - GetAppUser finished
2015-01-09 14:37:36,356 DEBUG 8 dtxk.business.BasicService - LoadAllCADASTRAL_ZONE started
2015-01-09 14:37:36,361 DEBUG 8 dtxk.business.BasicService - LoadAllCADASTRAL_ZONE try to getting ALL CADASTRAL_ZONE 
2015-01-09 14:37:36,384 INFO 8 dtxk.business.BasicService - LoadAllCADASTRAL_ZONE method got CADASTRAL_ZONE with successfully
2015-01-09 14:37:36,385 DEBUG 8 dtxk.business.BasicService - LoadAllCADASTRAL_ZONE finished
2015-01-09 14:37:36,401 DEBUG 8 dtxk.business.BasicService - LoadAllLEGAL_FORMS started
2015-01-09 14:37:36,402 DEBUG 8 dtxk.business.BasicService - LoadAllLEGAL_FORMS try to getting ALL LEGAL_FORMS 
2015-01-09 14:37:36,419 INFO 8 dtxk.business.BasicService - LoadAllLEGAL_FORMS method got LEGAL_FORMS with successfully
2015-01-09 14:37:36,420 DEBUG 8 dtxk.business.BasicService - LoadAllLEGAL_FORMS finished
2015-01-09 14:37:37,897 DEBUG 8 dtxk.business.BasicService - LoadAllCADASTRAL_REGION started
2015-01-09 14:37:37,900 DEBUG 8 dtxk.business.BasicService - LoadAllCADASTRAL_REGION try to getting ALL CADASTRAL_REGION 
2015-01-09 14:37:37,953 INFO 8 dtxk.business.BasicService - LoadAllCADASTRAL_REGION method got CADASTRAL_REGION with successfully
2015-01-09 14:37:37,954 DEBUG 8 dtxk.business.BasicService - LoadAllCADASTRAL_REGION finished
2015-01-09 14:37:40,481 DEBUG 8 dtxk.business.Services.ServiceParcel - GetPARCELById started
2015-01-09 14:37:40,487 DEBUG 8 dtxk.business.Services.ServiceParcel - GetPARCELById try to getting merged PARCEL  for Parcel ID .idPARCEL= :16311
2015-01-09 14:37:40,536 INFO 8 dtxk.business.Services.ServiceParcel - GetPARCELById method got PARCEL with successfully
2015-01-09 14:37:40,537 DEBUG 8 dtxk.business.Services.ServiceParcel - GetPARCELById finfished
2015-01-09 14:42:37,603 INFO 8 dtxk.client.FrmLogIn - Program started
2015-01-09 14:42:37,811 DEBUG 8 dtxk.client.FrmLogIn - FrmLogin constuct finished.
2015-01-09 14:51:57,044 INFO 10 dtxk.client.FrmLogIn - Program started
2015-01-09 14:51:57,235 DEBUG 10 dtxk.client.FrmLogIn - FrmLogin constuct finished.
2015-01-09 14:52:01,806 DEBUG 3 dtxk.business.Services.ServiceAppUser - GetAppUser started
2015-01-09 14:52:01,808 DEBUG 3 dtxk.business.Services.ServiceAppUser - GetAppUser username=admin trying to connect
2015-01-09 14:52:02,783 INFO 3 dtxk.business.Services.ServiceAppUser - GetAppUser username(admin) connected
2015-01-09 14:52:02,783 DEBUG 3 dtxk.business.Services.ServiceAppUser - GetAppUser finished
2015-01-09 14:52:33,063 DEBUG 10 dtxk.business.BasicService - LoadAllCADASTRAL_ZONE started
2015-01-09 14:52:33,068 DEBUG 10 dtxk.business.BasicService - LoadAllCADASTRAL_ZONE try to getting ALL CADASTRAL_ZONE 
2015-01-09 14:52:33,090 INFO 10 dtxk.business.BasicService - LoadAllCADASTRAL_ZONE method got CADASTRAL_ZONE with successfully
2015-01-09 14:52:33,091 DEBUG 10 dtxk.business.BasicService - LoadAllCADASTRAL_ZONE finished
2015-01-09 14:52:33,107 DEBUG 10 dtxk.business.BasicService - LoadAllLEGAL_FORMS started
2015-01-09 14:52:33,108 DEBUG 10 dtxk.business.BasicService - LoadAllLEGAL_FORMS try to getting ALL LEGAL_FORMS 
2015-01-09 14:52:33,123 INFO 10 dtxk.business.BasicService - LoadAllLEGAL_FORMS method got LEGAL_FORMS with successfully
2015-01-09 14:52:33,124 DEBUG 10 dtxk.business.BasicService - LoadAllLEGAL_FORMS finished
2015-01-09 14:52:34,544 DEBUG 10 dtxk.business.BasicService - LoadAllCADASTRAL_REGION started
2015-01-09 14:52:34,547 DEBUG 10 dtxk.business.BasicService - LoadAllCADASTRAL_REGION try to getting ALL CADASTRAL_REGION 
2015-01-09 14:52:34,608 INFO 10 dtxk.business.BasicService - LoadAllCADASTRAL_REGION method got CADASTRAL_REGION with successfully
2015-01-09 14:52:34,610 DEBUG 10 dtxk.business.BasicService - LoadAllCADASTRAL_REGION finished
2015-01-09 14:52:36,501 DEBUG 10 dtxk.business.Services.ServiceParcel - GetPARCELById started
2015-01-09 14:52:36,503 DEBUG 10 dtxk.business.Services.ServiceParcel - GetPARCELById try to getting merged PARCEL  for Parcel ID .idPARCEL= :16311
2015-01-09 14:52:36,525 INFO 10 dtxk.business.Services.ServiceParcel - GetPARCELById method got PARCEL with successfully
2015-01-09 14:52:36,526 DEBUG 10 dtxk.business.Services.ServiceParcel - GetPARCELById finfished
2015-01-09 14:52:36,552 DEBUG 10 dtxk.business.Services.ServiceParcel - GetParcelOwners started
2015-01-09 14:52:36,553 DEBUG 10 dtxk.business.Services.ServiceParcel - GetParcelOwners try to getting merged PARCEL_OWNER  for Parcel ID .idParcel= :16311
2015-01-09 14:52:36,759 INFO 10 dtxk.business.Services.ServiceParcel - GetParcelOwners method got PARCEL_PARTIAL with successfully
2015-01-09 14:52:36,760 DEBUG 10 dtxk.business.Services.ServiceParcel - GetParcelOwners finfished
2015-01-09 15:03:25,306 INFO 10 dtxk.client.FrmLogIn - Program started
2015-01-09 15:03:25,526 DEBUG 10 dtxk.client.FrmLogIn - FrmLogin constuct finished.
2015-01-09 15:03:29,466 DEBUG 3 dtxk.business.Services.ServiceAppUser - GetAppUser started
2015-01-09 15:03:29,468 DEBUG 3 dtxk.business.Services.ServiceAppUser - GetAppUser username=admin trying to connect
2015-01-09 15:03:30,259 INFO 3 dtxk.business.Services.ServiceAppUser - GetAppUser username(admin) connected
2015-01-09 15:03:30,260 DEBUG 3 dtxk.business.Services.ServiceAppUser - GetAppUser finished
2015-01-09 15:03:33,289 DEBUG 10 dtxk.business.BasicService - LoadAllCADASTRAL_ZONE started
2015-01-09 15:03:33,294 DEBUG 10 dtxk.business.BasicService - LoadAllCADASTRAL_ZONE try to getting ALL CADASTRAL_ZONE 
2015-01-09 15:03:33,316 INFO 10 dtxk.business.BasicService - LoadAllCADASTRAL_ZONE method got CADASTRAL_ZONE with successfully
2015-01-09 15:03:33,317 DEBUG 10 dtxk.business.BasicService - LoadAllCADASTRAL_ZONE finished
2015-01-09 15:03:33,332 DEBUG 10 dtxk.business.BasicService - LoadAllLEGAL_FORMS started
2015-01-09 15:03:33,333 DEBUG 10 dtxk.business.BasicService - LoadAllLEGAL_FORMS try to getting ALL LEGAL_FORMS 
2015-01-09 15:03:33,349 INFO 10 dtxk.business.BasicService - LoadAllLEGAL_FORMS method got LEGAL_FORMS with successfully
2015-01-09 15:03:33,350 DEBUG 10 dtxk.business.BasicService - LoadAllLEGAL_FORMS finished
2015-01-09 15:03:34,650 DEBUG 10 dtxk.business.BasicService - LoadAllCADASTRAL_REGION started
2015-01-09 15:03:34,653 DEBUG 10 dtxk.business.BasicService - LoadAllCADASTRAL_REGION try to getting ALL CADASTRAL_REGION 
2015-01-09 15:03:34,711 INFO 10 dtxk.business.BasicService - LoadAllCADASTRAL_REGION method got CADASTRAL_REGION with successfully
2015-01-09 15:03:34,712 DEBUG 10 dtxk.business.BasicService - LoadAllCADASTRAL_REGION finished
2015-01-09 15:03:36,954 DEBUG 10 dtxk.business.Services.ServiceParcel - GetPARCELById started
2015-01-09 15:03:36,957 DEBUG 10 dtxk.business.Services.ServiceParcel - GetPARCELById try to getting merged PARCEL  for Parcel ID .idPARCEL= :16311
2015-01-09 15:03:36,979 INFO 10 dtxk.business.Services.ServiceParcel - GetPARCELById method got PARCEL with successfully
2015-01-09 15:03:36,979 DEBUG 10 dtxk.business.Services.ServiceParcel - GetPARCELById finfished
2015-01-09 15:03:37,007 DEBUG 10 dtxk.business.Services.ServiceParcel - GetParcelOwners started
2015-01-09 15:03:37,008 DEBUG 10 dtxk.business.Services.ServiceParcel - GetParcelOwners try to getting merged PARCEL_OWNER  for Parcel ID .idParcel= :16311
2015-01-09 15:03:37,138 INFO 10 dtxk.business.Services.ServiceParcel - GetParcelOwners method got PARCEL_PARTIAL with successfully
2015-01-09 15:03:37,139 DEBUG 10 dtxk.business.Services.ServiceParcel - GetParcelOwners finfished
2015-01-09 15:04:03,925 DEBUG 10 dtxk.business.BasicService - LoadAllDOCUMENT_TYPE started
2015-01-09 15:04:03,927 DEBUG 10 dtxk.business.BasicService - LoadAllDOCUMENT_TYPE try to getting ALL DOCUMENT_TYPE 
2015-01-09 15:04:04,034 INFO 10 dtxk.business.BasicService - LoadAllDOCUMENT_TYPE method got DOCUMENT_TYPE with successfully
2015-01-09 15:04:04,035 DEBUG 10 dtxk.business.BasicService - LoadAllDOCUMENT_TYPE finished
2015-01-09 15:04:04,103 DEBUG 10 dtxk.business.BasicService - LoadAllORGANIZATION started
2015-01-09 15:04:04,106 DEBUG 10 dtxk.business.BasicService - LoadAllORGANIZATION try to getting ALL ORGANIZATION 
2015-01-09 15:04:04,199 INFO 10 dtxk.business.BasicService - LoadAllORGANIZATION method got ORGANIZATION with successfully
2015-01-09 15:04:04,200 DEBUG 10 dtxk.business.BasicService - LoadAllORGANIZATION finished
2015-01-09 15:09:05,255 DEBUG 10 dtxk.gis.FeatureRelatedClasses.ClsFeatureOperation - GetFeatureObject method started
2015-01-09 15:09:05,287 DEBUG 10 dtxk.gis.FeatureRelatedClasses.ClsFeatureOperation - GetFeatureObject method started
2015-01-09 15:09:05,293 DEBUG 10 dtxk.gis.FeatureRelatedClasses.ClsFeatureOperation - GetFeatureObject method started
2015-01-09 15:09:05,346 DEBUG 10 dtxk.gis.FeatureRelatedClasses.ClsFeatureOperation - GetFeatureObject method started
2015-01-09 15:09:07,785 DEBUG 10 dtxk.business.Services.ServiceTerrtorialUnit - LoadAllTerritorilUnitsByRegionId started
2015-01-09 15:09:07,788 DEBUG 10 dtxk.business.Services.ServiceTerrtorialUnit - LoadAllTerritorilUnitsByRegionId try to getting TERRITORIAL_UNIT for code .Code= :30800901
2015-01-09 15:09:07,844 INFO 10 dtxk.business.Services.ServiceTerrtorialUnit - LoadAllTerritorilUnitsByRegionId method got TERRITORIAL_UNIT with successfully
2015-01-09 15:09:07,846 DEBUG 10 dtxk.business.Services.ServiceTerrtorialUnit - LoadAllTerritorilUnitsByRegionId finfished
2015-01-09 15:09:07,964 DEBUG 10 dtxk.business.Services.ServiceParcel - GetLastParcelOfTerritorialUnit started
2015-01-09 15:09:07,965 DEBUG 10 dtxk.business.Services.ServiceParcel - GetLastParcelOfTerritorialUnit try to getting last PARCEL of territorialunit for idTU.idTu= :453
2015-01-09 15:09:08,019 INFO 10 dtxk.business.Services.ServiceParcel - GetLastParcelOfTerritorialUnit method got PARCEL with successfully
2015-01-09 15:09:08,020 DEBUG 10 dtxk.business.Services.ServiceParcel - GetLastParcelOfTerritorialUnit finfished
2015-01-09 15:09:08,054 DEBUG 10 dtxk.business.BasicService - LoadAllCADASTRAL_REGION started
2015-01-09 15:09:08,057 DEBUG 10 dtxk.business.BasicService - LoadAllCADASTRAL_REGION try to getting ALL CADASTRAL_REGION 
2015-01-09 15:09:08,085 INFO 10 dtxk.business.BasicService - LoadAllCADASTRAL_REGION method got CADASTRAL_REGION with successfully
2015-01-09 15:09:08,086 DEBUG 10 dtxk.business.BasicService - LoadAllCADASTRAL_REGION finished
2015-01-09 15:09:08,099 DEBUG 10 dtxk.business.BasicService - LoadAllCADASTRAL_REGION started
2015-01-09 15:09:08,100 DEBUG 10 dtxk.business.BasicService - LoadAllCADASTRAL_REGION try to getting ALL CADASTRAL_REGION 
2015-01-09 15:09:08,115 INFO 10 dtxk.business.BasicService - LoadAllCADASTRAL_REGION method got CADASTRAL_REGION with successfully
2015-01-09 15:09:08,116 DEBUG 10 dtxk.business.BasicService - LoadAllCADASTRAL_REGION finished
2015-01-09 15:09:08,232 DEBUG 10 dtxk.business.Services.ServiceStreet - GetTerritorialUnitStreets started
2015-01-09 15:09:08,233 DEBUG 10 dtxk.business.Services.ServiceStreet - GetTerritorialUnitStreets try to getting STREET for TERRITORIAL_UNIT ID : idTU=453
2015-01-09 15:09:08,235 INFO 10 dtxk.business.Services.ServiceStreet - GetTerritorialUnitStreets method got STREET with successfully
2015-01-09 15:09:08,236 DEBUG 10 dtxk.business.Services.ServiceStreet - GetTerritorialUnitStreets finfished
2015-01-09 15:09:08,299 DEBUG 10 dtxk.cadastre.Windows.Dialogs.Registration.FrmDlgRegLandParcel - Next> CadastreNo Page
2015-01-09 15:09:08,309 DEBUG 10 dtxk.business.BasicService - LoadAllOLD_DOCK_TYPE started
2015-01-09 15:09:08,310 DEBUG 10 dtxk.business.BasicService - LoadAllOLD_DOCK_TYPE try to getting ALL OLD_DOCK_TYPE 
2015-01-09 15:09:08,381 INFO 10 dtxk.business.BasicService - LoadAllOLD_DOCK_TYPE method got OLD_DOCK_TYPE with successfully
2015-01-09 15:09:08,383 DEBUG 10 dtxk.business.BasicService - LoadAllOLD_DOCK_TYPE finished
2015-01-09 15:09:09,298 DEBUG 10 dtxk.cadastre.Windows.Dialogs.Registration.FrmDlgRegLandParcel - Starting registration...
2015-01-09 15:09:09,301 DEBUG 10 dtxk.cadastre.Windows.Dialogs.Registration.FrmDlgRegLandParcel - CadastreNo registration
2015-01-09 15:09:09,303 DEBUG 10 dtxk.business.Services.ServiceParcel - FindParcelsByCadastralNo started
2015-01-09 15:09:09,307 DEBUG 10 dtxk.business.Services.ServiceParcel - FindParcelsByCadastralNo try to getting PARCEL by cadastralNo :30800901000439
2015-01-09 15:09:09,308 INFO 10 dtxk.business.Services.ServiceParcel - FindParcelsByCadastralNo method got PARCEL with successfully
2015-01-09 15:09:09,309 DEBUG 10 dtxk.business.Services.ServiceParcel - FindParcelsByCadastralNo finfished
2015-01-09 15:09:09,340 DEBUG 10 dtxk.cadastre.Windows.Dialogs.Registration.FrmDlgRegLandParcel - Address registration
2015-01-09 15:09:09,981 DEBUG 10 dtxk.cadastre.Windows.Dialogs.Registration.FrmDlgRegLandParcel - Vertex Points registration
2015-01-09 15:09:10,056 DEBUG 10 dtxk.cadastre.Windows.Dialogs.Registration.FrmDlgRegLandParcel - Starting Spatial data registration
2015-01-09 15:09:10,325 DEBUG 10 dtxk.cadastre.Windows.Dialogs.Registration.FrmDlgRegLandParcel - Finish spatial data registration
2015-01-09 15:09:10,328 DEBUG 10 dtxk.cadastre.Windows.Dialogs.Registration.FrmDlgRegLandParcel - Finish registration successfully
2015-01-09 15:09:10,328 DEBUG 10 dtxk.cadastre.Windows.Dialogs.Registration.FrmDlgRegLandParcel - Writing registration to archive
2015-01-09 15:09:13,388 DEBUG 10 dtxk.gis.FeatureRelatedClasses.ClsFeatureOperation - GetFeatureObject method started
2015-01-09 15:09:13,399 DEBUG 10 dtxk.business.Services.ServiceParcel - FindParcelsByCadastralNo started
2015-01-09 15:09:13,400 DEBUG 10 dtxk.business.Services.ServiceParcel - FindParcelsByCadastralNo try to getting PARCEL by cadastralNo :30800901000439
2015-01-09 15:09:13,405 INFO 10 dtxk.business.Services.ServiceParcel - FindParcelsByCadastralNo method got PARCEL with successfully
2015-01-09 15:09:13,406 DEBUG 10 dtxk.business.Services.ServiceParcel - FindParcelsByCadastralNo finfished
2015-01-09 15:09:17,352 DEBUG 10 dtxk.business.BasicService - LoadAllCADASTRAL_REGION started
2015-01-09 15:09:17,354 DEBUG 10 dtxk.business.BasicService - LoadAllCADASTRAL_REGION try to getting ALL CADASTRAL_REGION 
2015-01-09 15:09:17,372 INFO 10 dtxk.business.BasicService - LoadAllCADASTRAL_REGION method got CADASTRAL_REGION with successfully
2015-01-09 15:09:17,373 DEBUG 10 dtxk.business.BasicService - LoadAllCADASTRAL_REGION finished
2015-01-09 15:09:17,385 DEBUG 10 dtxk.business.BasicService - LoadAllCADASTRAL_REGION started
2015-01-09 15:09:17,386 DEBUG 10 dtxk.business.BasicService - LoadAllCADASTRAL_REGION try to getting ALL CADASTRAL_REGION 
2015-01-09 15:09:17,395 INFO 10 dtxk.business.BasicService - LoadAllCADASTRAL_REGION method got CADASTRAL_REGION with successfully
2015-01-09 15:09:17,396 DEBUG 10 dtxk.business.BasicService - LoadAllCADASTRAL_REGION finished
2015-01-09 15:09:17,405 DEBUG 10 dtxk.business.Services.ServiceStreet - GetTerritorialUnitStreets started
2015-01-09 15:09:17,406 DEBUG 10 dtxk.business.Services.ServiceStreet - GetTerritorialUnitStreets try to getting STREET for TERRITORIAL_UNIT ID : idTU=453
2015-01-09 15:09:17,406 INFO 10 dtxk.business.Services.ServiceStreet - GetTerritorialUnitStreets method got STREET with successfully
2015-01-09 15:09:17,407 DEBUG 10 dtxk.business.Services.ServiceStreet - GetTerritorialUnitStreets finfished
2015-01-09 15:09:17,808 DEBUG 10 dtxk.cadastre.Windows.Dialogs.Registration.FrmDlgRegLandParcel - Next> CadastreNo Page
2015-01-09 15:09:17,816 DEBUG 10 dtxk.business.BasicService - LoadAllOLD_DOCK_TYPE started
2015-01-09 15:09:17,816 DEBUG 10 dtxk.business.BasicService - LoadAllOLD_DOCK_TYPE try to getting ALL OLD_DOCK_TYPE 
2015-01-09 15:09:17,820 INFO 10 dtxk.business.BasicService - LoadAllOLD_DOCK_TYPE method got OLD_DOCK_TYPE with successfully
2015-01-09 15:09:17,820 DEBUG 10 dtxk.business.BasicService - LoadAllOLD_DOCK_TYPE finished
2015-01-09 15:09:18,338 DEBUG 10 dtxk.business.BasicService - LoadAllPROPERTY_TYPE started
2015-01-09 15:09:18,339 DEBUG 10 dtxk.business.BasicService - LoadAllPROPERTY_TYPE try to getting ALL PROPERTY_TYPE 
2015-01-09 15:09:18,443 INFO 10 dtxk.business.BasicService - LoadAllPROPERTY_TYPE method got PROPERTY_TYPE with successfully
2015-01-09 15:09:18,444 DEBUG 10 dtxk.business.BasicService - LoadAllPROPERTY_TYPE finished
2015-01-09 15:09:18,466 DEBUG 10 dtxk.business.BasicService - LoadAllLAND_CATEGORY started
2015-01-09 15:09:18,467 DEBUG 10 dtxk.business.BasicService - LoadAllLAND_CATEGORY try to getting ALL LAND_CATEGORY 
2015-01-09 15:09:18,511 INFO 10 dtxk.business.BasicService - LoadAllLAND_CATEGORY method got LAND_CATEGORY with successfully
2015-01-09 15:09:18,512 DEBUG 10 dtxk.business.BasicService - LoadAllLAND_CATEGORY finished
2015-01-09 15:09:18,523 DEBUG 10 dtxk.business.BasicService - LoadAllUSING_FORM started
2015-01-09 15:09:18,524 DEBUG 10 dtxk.business.BasicService - LoadAllUSING_FORM try to getting ALL USING_FORM 
2015-01-09 15:09:18,601 INFO 10 dtxk.business.BasicService - LoadAllUSING_FORM method got USING_FORM with successfully
2015-01-09 15:09:18,603 DEBUG 10 dtxk.business.BasicService - LoadAllUSING_FORM finished
2015-01-09 15:09:18,722 DEBUG 10 dtxk.business.BasicService - LoadAllPARCEL_APPOINTMENT started
2015-01-09 15:09:18,724 DEBUG 10 dtxk.business.BasicService - LoadAllPARCEL_APPOINTMENT try to getting ALL PARCEL_APPOINTMENT 
2015-01-09 15:09:18,803 INFO 10 dtxk.business.BasicService - LoadAllPARCEL_APPOINTMENT method got PARCEL_APPOINTMENT with successfully
2015-01-09 15:09:18,804 DEBUG 10 dtxk.business.BasicService - LoadAllPARCEL_APPOINTMENT finished
2015-01-09 15:09:18,823 DEBUG 10 dtxk.business.BasicService - LoadAllUSING_FORM started
2015-01-09 15:09:18,824 DEBUG 10 dtxk.business.BasicService - LoadAllUSING_FORM try to getting ALL USING_FORM 
2015-01-09 15:09:18,830 INFO 10 dtxk.business.BasicService - LoadAllUSING_FORM method got USING_FORM with successfully
2015-01-09 15:09:18,831 DEBUG 10 dtxk.business.BasicService - LoadAllUSING_FORM finished
2015-01-09 15:09:18,835 DEBUG 10 dtxk.business.BasicService - LoadAllPARCEL_APPOINTMENT started
2015-01-09 15:09:18,836 DEBUG 10 dtxk.business.BasicService - LoadAllPARCEL_APPOINTMENT try to getting ALL PARCEL_APPOINTMENT 
2015-01-09 15:09:18,841 INFO 10 dtxk.business.BasicService - LoadAllPARCEL_APPOINTMENT method got PARCEL_APPOINTMENT with successfully
2015-01-09 15:09:18,842 DEBUG 10 dtxk.business.BasicService - LoadAllPARCEL_APPOINTMENT finished
2015-01-09 15:09:18,875 DEBUG 10 dtxk.cadastre.Windows.Dialogs.Registration.FrmDlgRegLandParcel - Next> Cadastral Data Page
2015-01-09 15:09:19,519 DEBUG 10 dtxk.cadastre.Windows.Dialogs.Registration.FrmDlgRegLandParcel - Next> Cadastral Data Page
2015-01-09 15:09:25,184 DEBUG 10 dtxk.business.BasicService - LoadAllUSING_FORM started
2015-01-09 15:09:25,186 DEBUG 10 dtxk.business.BasicService - LoadAllUSING_FORM try to getting ALL USING_FORM 
2015-01-09 15:09:25,208 INFO 10 dtxk.business.BasicService - LoadAllUSING_FORM method got USING_FORM with successfully
2015-01-09 15:09:25,210 DEBUG 10 dtxk.business.BasicService - LoadAllUSING_FORM finished
2015-01-09 15:09:25,213 DEBUG 10 dtxk.business.BasicService - LoadAllPARCEL_APPOINTMENT started
2015-01-09 15:09:25,214 DEBUG 10 dtxk.business.BasicService - LoadAllPARCEL_APPOINTMENT try to getting ALL PARCEL_APPOINTMENT 
2015-01-09 15:09:25,420 INFO 10 dtxk.business.BasicService - LoadAllPARCEL_APPOINTMENT method got PARCEL_APPOINTMENT with successfully
2015-01-09 15:09:25,421 DEBUG 10 dtxk.business.BasicService - LoadAllPARCEL_APPOINTMENT finished
2015-01-09 15:09:26,721 DEBUG 10 dtxk.cadastre.Windows.Dialogs.Registration.FrmDlgRegLandParcel - Next> Cadastral Data Page
2015-01-09 15:09:26,765 DEBUG 10 dtxk.business.BasicService - LoadAllCADASTRE_PRICE_ZONE started
2015-01-09 15:09:26,767 DEBUG 10 dtxk.business.BasicService - LoadAllCADASTRE_PRICE_ZONE try to getting ALL CADASTRE_PRICE_ZONE 
2015-01-09 15:09:26,869 INFO 10 dtxk.business.BasicService - LoadAllCADASTRE_PRICE_ZONE method got CADASTRE_PRICE_ZONE with successfully
2015-01-09 15:09:26,870 DEBUG 10 dtxk.business.BasicService - LoadAllCADASTRE_PRICE_ZONE finished
2015-01-09 15:09:26,993 DEBUG 10 dtxk.business.BasicService - LoadAllCADASTRE_PRICE_CORR_COEF started
2015-01-09 15:09:26,996 DEBUG 10 dtxk.business.BasicService - LoadAllCADASTRE_PRICE_CORR_COEF try to getting ALL CADASTRE_PRICE_CORR_COEF 
2015-01-09 15:09:27,098 INFO 10 dtxk.business.BasicService - LoadAllCADASTRE_PRICE_CORR_COEF method got CADASTRE_PRICE_CORR_COEF with successfully
2015-01-09 15:09:27,099 DEBUG 10 dtxk.business.BasicService - LoadAllCADASTRE_PRICE_CORR_COEF finished
2015-01-09 15:09:29,392 DEBUG 10 dtxk.business.BasicService - LoadAllAPP_SETTING started
2015-01-09 15:09:29,396 DEBUG 10 dtxk.business.BasicService - LoadAllAPP_SETTING try to getting ALL APP_SETTING 
2015-01-09 15:09:29,426 INFO 10 dtxk.business.BasicService - LoadAllAPP_SETTING method got APP_SETTING with successfully
2015-01-09 15:09:29,427 DEBUG 10 dtxk.business.BasicService - LoadAllAPP_SETTING finished
2015-01-09 15:09:40,371 DEBUG 10 dtxk.cadastre.Windows.Dialogs.Registration.FrmDlgRegLandParcel - Next> Cadastral Data Page
2015-01-09 15:38:31,736 INFO 9 dtxk.client.FrmLogIn - Program started
2015-01-09 15:38:31,943 DEBUG 9 dtxk.client.FrmLogIn - FrmLogin constuct finished.
2015-01-09 15:42:25,323 INFO 8 dtxk.client.FrmLogIn - Program started
2015-01-09 15:42:26,237 DEBUG 8 dtxk.client.FrmLogIn - FrmLogin constuct finished.
2015-01-09 15:44:52,275 INFO 9 dtxk.client.FrmLogIn - Program started
2015-01-09 15:44:52,462 DEBUG 9 dtxk.client.FrmLogIn - FrmLogin constuct finished.
2015-01-09 15:44:58,115 DEBUG 11 dtxk.business.Services.ServiceAppUser - GetAppUser started
2015-01-09 15:44:58,117 DEBUG 11 dtxk.business.Services.ServiceAppUser - GetAppUser username=admin trying to connect
2015-01-09 15:44:58,954 INFO 11 dtxk.business.Services.ServiceAppUser - GetAppUser username(admin) connected
2015-01-09 15:44:58,954 DEBUG 11 dtxk.business.Services.ServiceAppUser - GetAppUser finished
